#
# A fatal error has been detected by the Java Runtime Environment:
#
#  EXCEPTION_ACCESS_VIOLATION (0xc0000005) at pc=0x00007ff953d2d05e, pid=9112, tid=12248
#
# JRE version: OpenJDK Runtime Environment (20.0.2+9) (build 20.0.2+9-78)
# Java VM: OpenJDK 64-Bit Server VM (20.0.2+9-78, mixed mode, sharing, tiered, compressed oops, compressed class ptrs, g1 gc, windows-amd64)
# Problematic frame:
# V  [jvm.dll+0x31d05e]
#
# No core dump will be written. Minidumps are not enabled by default on client versions of Windows
#
# If you would like to submit a bug report, please visit:
#   https://bugreport.java.com/bugreport/crash.jsp
#

---------------  S U M M A R Y ------------

Command Line: -javaagent:C:\Program Files\JetBrains\IntelliJ IDEA Community Edition 2023.3\lib\idea_rt.jar=51176:C:\Program Files\JetBrains\IntelliJ IDEA Community Edition 2023.3\bin -Dfile.encoding=UTF-8 -Dsun.stdout.encoding=UTF-8 -Dsun.stderr.encoding=UTF-8 com.example.ecommerce.ECommerceApplication

Host: AMD Athlon 3000G with Radeon Vega Graphics     , 4 cores, 17G,  Windows 11 , 64 bit Build 22621 (10.0.22621.2506)
Time: Mon Jan 22 14:15:01 2024 Hora oficial do Brasil elapsed time: 6825.933890 seconds (0d 1h 53m 45s)

---------------  T H R E A D  ---------------

Current thread (0x000001c3ff9f7fc0):  WorkerThread "GC Thread#3" [stack: 0x0000000a9ef00000,0x0000000a9f000000] [id=12248]

Stack: [0x0000000a9ef00000,0x0000000a9f000000],  sp=0x0000000a9efffa20,  free space=1022k
Native frames: (J=compiled Java code, j=interpreted, Vv=VM code, C=native code)
V  [jvm.dll+0x31d05e]
V  [jvm.dll+0x3451da]
V  [jvm.dll+0x34962e]
V  [jvm.dll+0x34a244]
V  [jvm.dll+0x349c6d]
V  [jvm.dll+0x3494db]
V  [jvm.dll+0x876b17]
V  [jvm.dll+0x7f5c76]
V  [jvm.dll+0x6baecb]
C  [ucrtbase.dll+0x29363]
C  [KERNEL32.DLL+0x1257d]
C  [ntdll.dll+0x5aa58]


siginfo: EXCEPTION_ACCESS_VIOLATION (0xc0000005), reading address 0xffffffffffffffff


Registers:
RAX=0x000001c3fa450000, RBX=0x000001c3f890f730, RCX=0x0000000000000002, RDX=0x0000000000000001
RSP=0x0000000a9efffa20, RBP=0x000001c3e06d5700, RSI=0x000001c3e06d5150, RDI=0x1fffffff23e00002
R8 =0x040001c3dec10000, R9 =0x0000000000000000, R10=0x0000000000000010, R11=0x0000000000000001
R12=0x0000000000000010, R13=0x000000000000000c, R14=0x00000006e11c10d0, R15=0x000000000000000c
RIP=0x00007ff953d2d05e, EFLAGS=0x0000000000010202


Register to memory mapping:

RIP=0x00007ff953d2d05e jvm.dll
RAX=0x000001c3fa450000 points into unknown readable memory: 0x4242440241220241 | 41 02 22 41 02 44 42 42
RBX=0x000001c3f890f730 points into unknown readable memory: 0x00007ff9543921f0 | f0 21 39 54 f9 7f 00 00
RCX=0x0000000000000002 is an unknown value
RDX=0x0000000000000001 is an unknown value
RSP=0x0000000a9efffa20 points into unknown readable memory: 0x00000006e11c24f0 | f0 24 1c e1 06 00 00 00
RBP=0x000001c3e06d5700 points into unknown readable memory: 0x00007ff9543936b8 | b8 36 39 54 f9 7f 00 00
RSI=0x000001c3e06d5150 points into unknown readable memory: 0x0000000a9deff390 | 90 f3 ef 9d 0a 00 00 00
RDI=0x1fffffff23e00002 is an unknown value
R8 =0x040001c3dec10000 is an unknown value
R9 =0x0 is NULL
R10=0x0000000000000010 is an unknown value
R11=0x0000000000000001 is an unknown value
R12=0x0000000000000010 is an unknown value
R13=0x000000000000000c is an unknown value
R14=0x00000006e11c10d0 is an oop: java.lang.Class 
{0x00000006e11c10d0} - klass: 'java/lang/Class'
 - ---- fields (total size 15 words):
 - private volatile transient 'classRedefinedCount' 'I' @12  0 (0x00000000)
 - abstract internal 'klass' 'J' @16  1939623054408 (0x000001c39a8b0c48)
 - abstract internal 'array_klass' 'J' @24  0 (0x0000000000000000)
 - abstract internal 'oop_size' 'I' @32  15 (0x0000000f)
 - abstract internal 'static_oop_field_count' 'I' @36  1 (0x00000001)
 - private volatile transient 'cachedConstructor' 'Ljava/lang/reflect/Constructor;' @40  NULL (0x00000000)
 - private transient 'name' 'Ljava/lang/String;' @44  "org.springframework.security.web.context.RequestAttributeSecurityContextRepository"{0x00000006e11c2380} (0xdc238470)
 - private transient 'module' 'Ljava/lang/Module;' @48  a 'java/lang/Module'{0x00000006e1e9ab58} (0xdc3d356b)
 - private final 'classLoader' 'Ljava/lang/ClassLoader;' @52  a 'jdk/internal/loader/ClassLoaders$AppClassLoader'{0x00000006e1e54580} (0xdc3ca8b0)
 - private transient 'classData' 'Ljava/lang/Object;' @56  NULL (0x00000000)
 - private transient 'packageName' 'Ljava/lang/String;' @60  "org.springframework.security.web.context"{0x00000006e13ea0c8} (0xdc27d419)
 - private final 'componentType' 'Ljava/lang/Class;' @64  NULL (0x00000000)
 - private volatile transient 'reflectionData' 'Ljava/lang/ref/SoftReference;' @68  NULL (0x00000000)
 - private volatile transient 'genericInfo' 'Lsun/reflect/generics/repository/ClassRepository;' @72  NULL (0x00000000)
 - private volatile transient 'enumConstants' '[Ljava/lang/Object;' @76  NULL (0x00000000)
 - private volatile transient 'enumConstantDirectory' 'Ljava/util/Map;' @80  NULL (0x00000000)
 - private volatile transient 'annotationData' 'Ljava/lang/Class$AnnotationData;' @84  NULL (0x00000000)
 - private volatile transient 'annotationType' 'Lsun/reflect/annotation/AnnotationType;' @88  NULL (0x00000000)
 - transient 'classValueMap' 'Ljava/lang/ClassValue$ClassValueMap;' @92  NULL (0x00000000)
 - abstract internal 'protection_domain' 'Ljava/lang/Object;' @96  a 'java/security/ProtectionDomain'{0x00000006e12070f0} (0xdc240e1e)
 - abstract internal 'signers_name' 'Ljava/lang/Object;' @100  NULL (0x00000000)
 - abstract internal 'source_file' 'Ljava/lang/Object;' @104  NULL (0x00000000)
 - signature: Lorg/springframework/security/web/context/RequestAttributeSecurityContextRepository;
 - ---- static fields (1):
 - public static final 'DEFAULT_REQUEST_ATTR_NAME' 'Ljava/lang/String;' @112  "org.springframework.security.web.context.RequestAttributeSecurityContextRepository.SPRING_SECURITY_CONTEXT"{0x00000006e11c22e8} (0xdc23845d)
R15=0x000000000000000c is an unknown value


Top of Stack: (sp=0x0000000a9efffa20)
0x0000000a9efffa20:   00000006e11c24f0 00007ff953d529da
0x0000000a9efffa30:   000001c3e06d5150 00000006e11c24ec
0x0000000a9efffa40:   000001c3e06d5150 00007ff953d551da
0x0000000a9efffa50:   0000000000000010 0000000000000000
0x0000000a9efffa60:   000000000000000c 000000000000000c
0x0000000a9efffa70:   000001c3e06d5150 00007ff953d5a891
0x0000000a9efffa80:   00000006e11c10c0 00007ff953d5962e
0x0000000a9efffa90:   000001c3e06d5150 0000000000000010
0x0000000a9efffaa0:   0000000000000000 0000000000000000
0x0000000a9efffab0:   0000000000000000 0000000000000000
0x0000000a9efffac0:   0000000000000006 00007ff953d5a244
0x0000000a9efffad0:   000001c3e06d5150 00000006e11c10a8
0x0000000a9efffae0:   00007ff953a10000 00000006e11c0fa0
0x0000000a9efffaf0:   00000006e11c10a8 0000000000000000
0x0000000a9efffb00:   0000000000000000 0000000000000000
0x0000000a9efffb10:   0000000000000000 0000000000000010
0x0000000a9efffb20:   0000000a9deff580 0000000a9defeb90
0x0000000a9efffb30:   000001c3e06d5150 00007ff953a10000
0x0000000a9efffb40:   000000000000000c 00007ff953d59c6d
0x0000000a9efffb50:   000001c3ff476d60 0000000a9defea30
0x0000000a9efffb60:   0000000a9deff598 00007ff953d7ce57
0x0000000a9efffb70:   0000000a9defea50 0000000a9defea30
0x0000000a9efffb80:   0000000000000000 000001c3e06d5150
0x0000000a9efffb90:   00000000000003d8 000001c3ff477138
0x0000000a9efffba0:   000001c3ff476d50 000001c3ff476d60
0x0000000a9efffbb0:   0000000a9defea30 00007ff953d594db
0x0000000a9efffbc0:   000001c3ff9f7fc0 000001c3ff9a92f0
0x0000000a9efffbd0:   0000000a9deff598 0000000000000000
0x0000000a9efffbe0:   000000000000000a 0000000000000000
0x0000000a9efffbf0:   0000000fe48b8a6a 0000000000000000
0x0000000a9efffc00:   0000000fe48b8a6a 0000000000000000
0x0000000a9efffc10:   0000000000000000 0000000000000000 

Instructions: (pc=0x00007ff953d2d05e)
0x00007ff953d2cf5e:   38 f0 4c 0f c1 04 c8 48 c7 42 08 00 00 00 00 44
0x00007ff953d2cf6e:   89 12 49 ff 41 58 4c 01 5a 08 e9 49 ff ff ff 49
0x00007ff953d2cf7e:   ff 41 50 4c 01 5a 08 e9 3c ff ff ff cc cc cc cc
0x00007ff953d2cf8e:   cc cc 48 89 5c 24 08 57 48 83 ec 20 48 8b 01 48
0x00007ff953d2cf9e:   8b fa 48 8b d9 ff 50 08 4c 8b c8 48 85 c0 74 66
0x00007ff953d2cfae:   4c 8b 40 10 4c 2b 00 48 c7 40 28 00 00 00 00 4c
0x00007ff953d2cfbe:   89 43 18 48 8b 50 10 48 8b 48 08 48 8b c7 48 2b
0x00007ff953d2cfce:   ca 48 c1 e9 03 48 3b cf 48 0f 42 c1 48 3b c7 72
0x00007ff953d2cfde:   1e 48 8d 04 c2 49 89 41 10 90 ff 43 10 48 8b c2
0x00007ff953d2cfee:   4c 89 4b 08 48 8b 5c 24 30 48 83 c4 20 5f c3 33
0x00007ff953d2cffe:   d2 90 ff 43 10 8b c2 4c 89 4b 08 48 8b 5c 24 30
0x00007ff953d2d00e:   48 83 c4 20 5f c3 48 8b 5c 24 30 48 83 c4 20 5f
0x00007ff953d2d01e:   c3 cc 48 89 5c 24 08 57 48 83 ec 20 48 8b 01 48
0x00007ff953d2d02e:   8b fa 48 8b d9 ff 10 48 2b 7b 08 8b 4b 18 48 8b
0x00007ff953d2d03e:   43 20 48 c1 ef 03 48 d3 ef 40 0f b6 cf 48 8b d7
0x00007ff953d2d04e:   48 c1 ea 06 80 e1 3f 4c 8d 04 d0 ba 01 00 00 00
0x00007ff953d2d05e:   49 8b 00 48 d3 e2 48 8b c8 48 0b ca 48 3b c8 74
0x00007ff953d2d06e:   13 90 f0 49 0f b1 08 74 18 48 8b c8 48 0b ca 48
0x00007ff953d2d07e:   3b c8 75 ee 32 c0 48 8b 5c 24 30 48 83 c4 20 5f
0x00007ff953d2d08e:   c3 48 8b 5c 24 30 b0 01 48 83 c4 20 5f c3 cc cc
0x00007ff953d2d09e:   cc cc 48 89 5c 24 08 57 48 83 ec 20 4c 8b 41 30
0x00007ff953d2d0ae:   48 8b da 48 8b f9 45 8b 88 80 00 00 00 41 8b 80
0x00007ff953d2d0be:   00 01 00 00 41 8b d1 2b d0 81 e2 ff ff 01 00 81
0x00007ff953d2d0ce:   fa fe ff 01 00 73 26 49 8b 80 80 01 00 00 4a 89
0x00007ff953d2d0de:   1c c8 41 8d 41 01 25 ff ff 01 00 41 89 80 80 00
0x00007ff953d2d0ee:   00 00 48 8b 5c 24 30 48 83 c4 20 5f c3 e8 90 9d
0x00007ff953d2d0fe:   01 00 48 8b 57 30 44 8b 82 80 00 00 00 8b 82 00
0x00007ff953d2d10e:   01 00 00 41 8b c8 2b c8 81 e1 ff ff 01 00 81 f9
0x00007ff953d2d11e:   fe ff 01 00 73 1a 48 8b 82 80 01 00 00 4a 89 1c
0x00007ff953d2d12e:   c0 41 8d 40 01 25 ff ff 01 00 89 82 80 00 00 00
0x00007ff953d2d13e:   48 8b 5c 24 30 48 83 c4 20 5f c3 cc cc cc cc cc
0x00007ff953d2d14e:   cc cc 48 89 5c 24 08 57 48 83 ec 20 48 8b 79 08 


Stack slot to memory mapping:
stack at sp + 0 slots: 0x00000006e11c24f0 is an oop: [B 
{0x00000006e11c24f0} - klass: {type array byte}
 - length: 14
stack at sp + 1 slots: 0x00007ff953d529da jvm.dll
stack at sp + 2 slots: 0x000001c3e06d5150 points into unknown readable memory: 0x0000000a9deff390 | 90 f3 ef 9d 0a 00 00 00
stack at sp + 3 slots: 0x00000006e11c24ec is pointing into object: java.lang.String 
{0x00000006e11c24d8} - klass: 'java/lang/String'
 - string: "Mvc [pattern='"
 - ---- fields (total size 3 words):
 - private 'hash' 'I' @12  0 (0x00000000)
 - private final 'coder' 'B' @16  0 (0x00)
 - private 'hashIsZero' 'Z' @17  false (0x00)
 - abstract internal 'flags' 'B' @18  0 (0x00)
 - private final synchronized 'value' '[B' @20  [B{0x00000006e11c24f0} (0xdc23849e)
stack at sp + 4 slots: 0x000001c3e06d5150 points into unknown readable memory: 0x0000000a9deff390 | 90 f3 ef 9d 0a 00 00 00
stack at sp + 5 slots: 0x00007ff953d551da jvm.dll
stack at sp + 6 slots: 0x0000000000000010 is an unknown value
stack at sp + 7 slots: 0x0 is NULL


---------------  P R O C E S S  ---------------

Threads class SMR info:
_java_thread_list=0x000001c3deed0b10, length=20, elements={
0x000001c3feed36c0, 0x000001c3feed44c0, 0x000001c3feedd0a0, 0x000001c3feee0b00,
0x000001c3feee3d20, 0x000001c3feee76f0, 0x000001c3feeec860, 0x000001c3feeed980,
0x000001c3ff333a30, 0x000001c3ff336a00, 0x000001c3ff3354c0, 0x000001c3e08154e0,
0x000001c3e0815f80, 0x000001c3e0812a60, 0x000001c3ff334f70, 0x000001c3e0813a50,
0x000001c3e0817a10, 0x000001c3e0814a40, 0x000001c3e0814f90, 0x000001c3ff3344d0
}

Java Threads: ( => current thread )
  0x000001c3feed36c0 JavaThread "Reference Handler" daemon [_thread_blocked, id=10112, stack(0x0000000a9e000000,0x0000000a9e100000)]
  0x000001c3feed44c0 JavaThread "Finalizer" daemon [_thread_blocked, id=1224, stack(0x0000000a9e100000,0x0000000a9e200000)]
  0x000001c3feedd0a0 JavaThread "Signal Dispatcher" daemon [_thread_blocked, id=11040, stack(0x0000000a9e200000,0x0000000a9e300000)]
  0x000001c3feee0b00 JavaThread "Attach Listener" daemon [_thread_blocked, id=8712, stack(0x0000000a9e300000,0x0000000a9e400000)]
  0x000001c3feee3d20 JavaThread "Service Thread" daemon [_thread_blocked, id=7248, stack(0x0000000a9e400000,0x0000000a9e500000)]
  0x000001c3feee76f0 JavaThread "Monitor Deflation Thread" daemon [_thread_blocked, id=1804, stack(0x0000000a9e500000,0x0000000a9e600000)]
  0x000001c3feeec860 JavaThread "C2 CompilerThread0" daemon [_thread_blocked, id=1032, stack(0x0000000a9e600000,0x0000000a9e700000)]
  0x000001c3feeed980 JavaThread "C1 CompilerThread0" daemon [_thread_blocked, id=6904, stack(0x0000000a9e700000,0x0000000a9e800000)]
  0x000001c3ff333a30 JavaThread "Common-Cleaner" daemon [_thread_blocked, id=9476, stack(0x0000000a9e800000,0x0000000a9e900000)]
  0x000001c3ff336a00 JavaThread "Monitor Ctrl-Break" daemon [_thread_in_native, id=10404, stack(0x0000000a9ea00000,0x0000000a9eb00000)]
  0x000001c3ff3354c0 JavaThread "Notification Thread" daemon [_thread_blocked, id=5852, stack(0x0000000a9eb00000,0x0000000a9ec00000)]
  0x000001c3e08154e0 JavaThread "mysql-cj-abandoned-connection-cleanup" daemon [_thread_blocked, id=11568, stack(0x0000000a9f200000,0x0000000a9f300000)]
  0x000001c3e0815f80 JavaThread "Live Reload Server" daemon [_thread_in_native, id=12084, stack(0x0000000a9f900000,0x0000000a9fa00000)]
  0x000001c3e0812a60 JavaThread "DestroyJavaVM" [_thread_blocked, id=3488, stack(0x0000000a9d800000,0x0000000a9d900000)]
  0x000001c3ff334f70 JavaThread "File Watcher" daemon [_thread_blocked, id=6476, stack(0x0000000a9df00000,0x0000000a9e000000)]
  0x000001c3e0813a50 JavaThread "File Watcher" daemon [_thread_blocked, id=7440, stack(0x0000000a9f000000,0x0000000a9f100000)]
  0x000001c3e0817a10 JavaThread "File Watcher" daemon [_thread_blocked, id=11428, stack(0x0000000a9f100000,0x0000000a9f200000)]
  0x000001c3e0814a40 JavaThread "Catalina-utility-1" [_thread_blocked, id=11960, stack(0x0000000a9f600000,0x0000000a9f700000)]
  0x000001c3e0814f90 JavaThread "Catalina-utility-2" [_thread_blocked, id=10164, stack(0x0000000a9f700000,0x0000000a9f800000)]
  0x000001c3ff3344d0 JavaThread "Thread-29" [_thread_blocked, id=11728, stack(0x0000000a9d600000,0x0000000a9d700000)]

Other Threads:
  0x000001c3feeb5a70 VMThread "VM Thread" [stack: 0x0000000a9de00000,0x0000000a9df00000] [id=2248]
  0x000001c3ff453e60 WatcherThread "VM Periodic Task Thread" [stack: 0x0000000a9ec00000,0x0000000a9ed00000] [id=10140]
  0x000001c3f890f1f0 WorkerThread "GC Thread#0" [stack: 0x0000000a9d900000,0x0000000a9da00000] [id=11744]
  0x000001c3ff9f7a20 WorkerThread "GC Thread#1" [stack: 0x0000000a9ed00000,0x0000000a9ee00000] [id=4500]
  0x000001c3ff9f7cf0 WorkerThread "GC Thread#2" [stack: 0x0000000a9ee00000,0x0000000a9ef00000] [id=4888]
=>0x000001c3ff9f7fc0 WorkerThread "GC Thread#3" [stack: 0x0000000a9ef00000,0x0000000a9f000000] [id=12248]
  0x000001c3f8919130 ConcurrentGCThread "G1 Main Marker" [stack: 0x0000000a9da00000,0x0000000a9db00000] [id=3016]
  0x000001c3f8919a70 WorkerThread "G1 Conc#0" [stack: 0x0000000a9db00000,0x0000000a9dc00000] [id=5260]
  0x000001c3f894eb60 ConcurrentGCThread "G1 Refine#0" [stack: 0x0000000a9dc00000,0x0000000a9dd00000] [id=6272]
  0x000001c3fed77530 ConcurrentGCThread "G1 Service" [stack: 0x0000000a9dd00000,0x0000000a9de00000] [id=4432]

Threads with active compile tasks:
C1 CompilerThread0  6826019 13632       3       org.apache.tomcat.util.modeler.NoDescriptorRegistry::unregisterComponent (1 bytes)

VM state: at safepoint (normal execution)

VM Mutex/Monitor currently owned by a thread:  ([mutex/lock_event])
[0x000001c3f88965e0] Threads_lock - owner thread: 0x000001c3feeb5a70
[0x000001c3f88968b0] Heap_lock - owner thread: 0x000001c3ff3344d0

Heap address: 0x00000006e1000000, size: 4592 MB, Compressed Oops mode: Zero based, Oop shift amount: 3

CDS archive(s) mapped at: [0x000001c399000000-0x000001c399c60000-0x000001c399c60000), size 12976128, SharedBaseAddress: 0x000001c399000000, ArchiveRelocationMode: 1.
Compressed class space mapped at: 0x000001c39a000000-0x000001c3da000000, reserved size: 1073741824
Narrow klass base: 0x000001c399000000, Narrow klass shift: 0, Narrow klass range: 0x100000000

GC Precious Log:
 CardTable entry size: 512
 Card Set container configuration: InlinePtr #cards 4 size 8 Array Of Cards #cards 32 size 80 Howl #buckets 8 coarsen threshold 7372 Howl Bitmap #cards 1024 size 144 coarsen threshold 921 Card regions per heap region 1 cards per card region 8192
 CPUs: 4 total, 4 available
 Memory: 18354M
 Large Page Support: Disabled
 NUMA Support: Disabled
 Compressed Oops: Enabled (Zero based)
 Heap Region Size: 4M
 Heap Min Capacity: 8M
 Heap Initial Capacity: 288M
 Heap Max Capacity: 4592M
 Pre-touch: Disabled
 Parallel Workers: 4
 Concurrent Workers: 1
 Concurrent Refinement Workers: 4
 Periodic GC: Disabled

Heap:
 garbage-first heap   total 98304K, used 49665K [0x00000006e1000000, 0x0000000800000000)
  region size 4096K, 4 young (16384K), 2 survivors (8192K)
 Metaspace       used 78688K, committed 79424K, reserved 1179648K
  class space    used 10011K, committed 10368K, reserved 1048576K

Heap Regions: E=young(eden), S=young(survivor), O=old, HS=humongous(starts), HC=humongous(continues), CS=collection set, F=free, OA=open archive, CA=closed archive, TAMS=top-at-mark-start, PB=parsable bottom
|   0|0x00000006e1000000, 0x00000006e13fffc0, 0x00000006e1400000| 99%| O|  |TAMS 0x00000006e1000000| PB 0x00000006e1000000| Untracked 
|   1|0x00000006e1400000, 0x00000006e17ffff8, 0x00000006e1800000| 99%| O|  |TAMS 0x00000006e1400000| PB 0x00000006e1400000| Untracked 
|   2|0x00000006e1800000, 0x00000006e1bffff0, 0x00000006e1c00000| 99%| O|  |TAMS 0x00000006e1800000| PB 0x00000006e1800000| Untracked 
|   3|0x00000006e1c00000, 0x00000006e1ffffe8, 0x00000006e2000000| 99%| O|  |TAMS 0x00000006e1c00000| PB 0x00000006e1c00000| Untracked 
|   4|0x00000006e2000000, 0x00000006e23fffd8, 0x00000006e2400000| 99%| O|  |TAMS 0x00000006e2000000| PB 0x00000006e2000000| Untracked 
|   5|0x00000006e2400000, 0x00000006e27ffff0, 0x00000006e2800000| 99%| O|  |TAMS 0x00000006e2400000| PB 0x00000006e2400000| Untracked 
|   6|0x00000006e2800000, 0x00000006e2bfdb38, 0x00000006e2c00000| 99%| O|  |TAMS 0x00000006e2800000| PB 0x00000006e2800000| Untracked 
|   7|0x00000006e2c00000, 0x00000006e3000000, 0x00000006e3000000|100%| O|  |TAMS 0x00000006e2c00000| PB 0x00000006e2c00000| Untracked 
|   8|0x00000006e3000000, 0x00000006e3000000, 0x00000006e3400000|  0%| F|  |TAMS 0x00000006e3000000| PB 0x00000006e3000000| Untracked 
|   9|0x00000006e3400000, 0x00000006e3800000, 0x00000006e3800000|100%| O|  |TAMS 0x00000006e3400000| PB 0x00000006e3400000| Untracked 
|  10|0x00000006e3800000, 0x00000006e389f400, 0x00000006e3c00000| 15%| O|  |TAMS 0x00000006e3800000| PB 0x00000006e3800000| Untracked 
|  11|0x00000006e3c00000, 0x00000006e3c4cca0, 0x00000006e4000000|  7%| S|  |TAMS 0x00000006e3c00000| PB 0x00000006e3c00000| Complete 
|  12|0x00000006e4000000, 0x00000006e4400000, 0x00000006e4400000|100%| S|  |TAMS 0x00000006e4000000| PB 0x00000006e4000000| Complete 
|  13|0x00000006e4400000, 0x00000006e4400000, 0x00000006e4800000|  0%| F|  |TAMS 0x00000006e4400000| PB 0x00000006e4400000| Untracked 
|  14|0x00000006e4800000, 0x00000006e4800000, 0x00000006e4c00000|  0%| F|  |TAMS 0x00000006e4800000| PB 0x00000006e4800000| Untracked 
|  15|0x00000006e4c00000, 0x00000006e4c00000, 0x00000006e5000000|  0%| F|  |TAMS 0x00000006e4c00000| PB 0x00000006e4c00000| Untracked 
|  16|0x00000006e5000000, 0x00000006e5000000, 0x00000006e5400000|  0%| F|  |TAMS 0x00000006e5000000| PB 0x00000006e5000000| Untracked 
|  17|0x00000006e5400000, 0x00000006e5400000, 0x00000006e5800000|  0%| F|  |TAMS 0x00000006e5400000| PB 0x00000006e5400000| Untracked 
|  18|0x00000006e5800000, 0x00000006e5800000, 0x00000006e5c00000|  0%| F|  |TAMS 0x00000006e5800000| PB 0x00000006e5800000| Untracked 
|  19|0x00000006e5c00000, 0x00000006e5c00000, 0x00000006e6000000|  0%| F|  |TAMS 0x00000006e5c00000| PB 0x00000006e5c00000| Untracked 
|  20|0x00000006e6000000, 0x00000006e6000000, 0x00000006e6400000|  0%| F|  |TAMS 0x00000006e6000000| PB 0x00000006e6000000| Untracked 
|  54|0x00000006ee800000, 0x00000006ee800000, 0x00000006eec00000|  0%| F|  |TAMS 0x00000006ee800000| PB 0x00000006ee800000| Untracked 
|  55|0x00000006eec00000, 0x00000006eef96b38, 0x00000006ef000000| 89%| E|  |TAMS 0x00000006eec00000| PB 0x00000006eec00000| Complete 
|  71|0x00000006f2c00000, 0x00000006f3000000, 0x00000006f3000000|100%| E|  |TAMS 0x00000006f2c00000| PB 0x00000006f2c00000| Complete 

Card table byte_map: [0x000001c3f9250000,0x000001c3f9b50000] _byte_map_base: 0x000001c3f5b48000

Marking Bits: (CMBitMap*) 0x000001c3f890f730
 Bits: [0x000001c3fa450000, 0x000001c3fec10000)

Polling page: 0x000001c3f6790000

Metaspace:

Usage:
  Non-class:     67.07 MB used.
      Class:      9.78 MB used.
       Both:     76.84 MB used.

Virtual space:
  Non-class space:      128.00 MB reserved,      67.44 MB ( 53%) committed,  2 nodes.
      Class space:        1.00 GB reserved,      10.12 MB ( <1%) committed,  1 nodes.
             Both:        1.12 GB reserved,      77.56 MB (  7%) committed. 

Chunk freelists:
   Non-Class:  3.63 MB
       Class:  1.84 MB
        Both:  5.47 MB

MaxMetaspaceSize: unlimited
CompressedClassSpaceSize: 1.00 GB
Initial GC threshold: 21.00 MB
Current GC threshold: 128.56 MB
CDS: on
MetaspaceReclaimPolicy: balanced
 - commit_granule_bytes: 65536.
 - commit_granule_words: 8192.
 - virtual_space_node_default_size: 8388608.
 - enlarge_chunks_in_place: 1.
 - new_chunks_are_fully_committed: 0.
 - uncommit_free_chunks: 1.
 - use_allocation_guard: 0.


Internal statistics:

num_allocs_failed_limit: 9.
num_arena_births: 1342.
num_arena_deaths: 384.
num_vsnodes_births: 3.
num_vsnodes_deaths: 0.
num_space_committed: 1241.
num_space_uncommitted: 0.
num_chunks_returned_to_freelist: 437.
num_chunks_taken_from_freelist: 4429.
num_chunk_merges: 105.
num_chunk_splits: 2863.
num_chunks_enlarged: 2133.
num_inconsistent_stats: 0.

CodeHeap 'non-profiled nmethods': size=120000Kb used=6716Kb max_used=6716Kb free=113283Kb
 bounds [0x000001c38fad0000, 0x000001c390170000, 0x000001c397000000]
CodeHeap 'profiled nmethods': size=120000Kb used=16187Kb max_used=16516Kb free=103812Kb
 bounds [0x000001c388000000, 0x000001c389030000, 0x000001c38f530000]
CodeHeap 'non-nmethods': size=5760Kb used=1802Kb max_used=1856Kb free=3957Kb
 bounds [0x000001c38f530000, 0x000001c38f7a0000, 0x000001c38fad0000]
 total_blobs=8661 nmethods=7906 adapters=664
 compilation: enabled
              stopped_count=0, restarted_count=0
 full_count=0

Compilation events (20 events):
Event: 6825.865 Thread 0x000001c3feeed980 nmethod 13622 0x000001c388330710 code [0x000001c3883308c0, 0x000001c388330cb0]
Event: 6825.865 Thread 0x000001c3feeed980 13623       3       ch.qos.logback.classic.spi.LoggingEvent::extractThrowableAnRearrangeArguments (22 bytes)
Event: 6825.866 Thread 0x000001c3feeed980 nmethod 13623 0x000001c38832fe10 code [0x000001c38832ffe0, 0x000001c3883305c0]
Event: 6825.866 Thread 0x000001c3feeed980 13624       3       ch.qos.logback.classic.spi.EventArgUtil::extractThrowable (32 bytes)
Event: 6825.866 Thread 0x000001c3feeed980 nmethod 13624 0x000001c38832f710 code [0x000001c38832f8c0, 0x000001c38832fcd8]
Event: 6825.876 Thread 0x000001c3feeed980 13625   !   3       org.springframework.beans.factory.support.DefaultSingletonBeanRegistry::removeSingleton (62 bytes)
Event: 6825.876 Thread 0x000001c3feeed980 nmethod 13625 0x000001c38832ed10 code [0x000001c38832eee0, 0x000001c38832f448]
Event: 6825.877 Thread 0x000001c3feeed980 13626       3       java.util.ArrayList$ListItr::hasPrevious (13 bytes)
Event: 6825.877 Thread 0x000001c3feeed980 nmethod 13626 0x000001c388de9990 code [0x000001c388de9b20, 0x000001c388de9c90]
Event: 6825.877 Thread 0x000001c3feeed980 13627       3       java.security.AccessControlContext::calculateFields (89 bytes)
Event: 6825.878 Thread 0x000001c3feeed980 nmethod 13627 0x000001c38832e590 code [0x000001c38832e760, 0x000001c38832ebb0]
Event: 6825.878 Thread 0x000001c3feeed980 13628       3       java.util.concurrent.atomic.AtomicInteger::compareAndSet (13 bytes)
Event: 6825.878 Thread 0x000001c3feeed980 nmethod 13628 0x000001c388dfed90 code [0x000001c388dfef20, 0x000001c388dff048]
Event: 6825.883 Thread 0x000001c3feeed980 13629       3       org.apache.tomcat.util.collections.ManagedConcurrentWeakHashMap$Key::equals (61 bytes)
Event: 6825.884 Thread 0x000001c3feeed980 nmethod 13629 0x000001c388608790 code [0x000001c388608980, 0x000001c388609110]
Event: 6825.885 Thread 0x000001c3feeed980 13630       3       org.apache.catalina.loader.WebappClassLoaderBase::findLoadedClass0 (32 bytes)
Event: 6825.885 Thread 0x000001c3feeed980 nmethod 13630 0x000001c388608010 code [0x000001c3886081e0, 0x000001c3886085e0]
Event: 6825.885 Thread 0x000001c3feeed980 13631       3       java.lang.ThreadGroup::parentOf (21 bytes)
Event: 6825.886 Thread 0x000001c3feeed980 nmethod 13631 0x000001c388943690 code [0x000001c388943820, 0x000001c388943a50]
Event: 6825.886 Thread 0x000001c3feeed980 13632       3       org.apache.tomcat.util.modeler.NoDescriptorRegistry::unregisterComponent (1 bytes)

GC Heap History (20 events):
Event: 6366.029 GC heap after
{Heap after GC invocations=45 (full 4):
 garbage-first heap   total 77824K, used 31458K [0x00000006e1000000, 0x0000000800000000)
  region size 4096K, 2 young (8192K), 2 survivors (8192K)
 Metaspace       used 72676K, committed 73408K, reserved 1114112K
  class space    used 9320K, committed 9664K, reserved 1048576K
}
Event: 6378.856 GC heap before
{Heap before GC invocations=45 (full 4):
 garbage-first heap   total 77824K, used 60130K [0x00000006e1000000, 0x0000000800000000)
  region size 4096K, 9 young (36864K), 2 survivors (8192K)
 Metaspace       used 75833K, committed 76544K, reserved 1179648K
  class space    used 9769K, committed 10112K, reserved 1048576K
}
Event: 6378.863 GC heap after
{Heap after GC invocations=46 (full 4):
 garbage-first heap   total 77824K, used 31883K [0x00000006e1000000, 0x0000000800000000)
  region size 4096K, 1 young (4096K), 1 survivors (4096K)
 Metaspace       used 75833K, committed 76544K, reserved 1179648K
  class space    used 9769K, committed 10112K, reserved 1048576K
}
Event: 6498.583 GC heap before
{Heap before GC invocations=46 (full 4):
 garbage-first heap   total 77824K, used 64651K [0x00000006e1000000, 0x0000000800000000)
  region size 4096K, 9 young (36864K), 1 survivors (4096K)
 Metaspace       used 77262K, committed 78016K, reserved 1179648K
  class space    used 9914K, committed 10240K, reserved 1048576K
}
Event: 6498.592 GC heap after
{Heap after GC invocations=47 (full 4):
 garbage-first heap   total 77824K, used 36189K [0x00000006e1000000, 0x0000000800000000)
  region size 4096K, 2 young (8192K), 2 survivors (8192K)
 Metaspace       used 77262K, committed 78016K, reserved 1179648K
  class space    used 9914K, committed 10240K, reserved 1048576K
}
Event: 6566.925 GC heap before
{Heap before GC invocations=48 (full 4):
 garbage-first heap   total 77824K, used 40285K [0x00000006e1000000, 0x0000000800000000)
  region size 4096K, 4 young (16384K), 2 survivors (8192K)
 Metaspace       used 77264K, committed 78016K, reserved 1179648K
  class space    used 9914K, committed 10240K, reserved 1048576K
}
Event: 6567.095 GC heap after
{Heap after GC invocations=49 (full 5):
 garbage-first heap   total 77824K, used 31119K [0x00000006e1000000, 0x0000000800000000)
  region size 4096K, 0 young (0K), 0 survivors (0K)
 Metaspace       used 77264K, committed 78016K, reserved 1179648K
  class space    used 9914K, committed 10240K, reserved 1048576K
}
Event: 6567.747 GC heap before
{Heap before GC invocations=49 (full 5):
 garbage-first heap   total 77824K, used 63887K [0x00000006e1000000, 0x0000000800000000)
  region size 4096K, 8 young (32768K), 0 survivors (0K)
 Metaspace       used 77359K, committed 78080K, reserved 1179648K
  class space    used 9925K, committed 10240K, reserved 1048576K
}
Event: 6567.754 GC heap after
{Heap after GC invocations=50 (full 5):
 garbage-first heap   total 77824K, used 34497K [0x00000006e1000000, 0x0000000800000000)
  region size 4096K, 1 young (4096K), 1 survivors (4096K)
 Metaspace       used 77359K, committed 78080K, reserved 1179648K
  class space    used 9925K, committed 10240K, reserved 1048576K
}
Event: 6568.220 GC heap before
{Heap before GC invocations=51 (full 5):
 garbage-first heap   total 77824K, used 63169K [0x00000006e1000000, 0x0000000800000000)
  region size 4096K, 8 young (32768K), 1 survivors (4096K)
 Metaspace       used 77747K, committed 78464K, reserved 1179648K
  class space    used 9940K, committed 10304K, reserved 1048576K
}
Event: 6568.228 GC heap after
{Heap after GC invocations=52 (full 5):
 garbage-first heap   total 77824K, used 35879K [0x00000006e1000000, 0x0000000800000000)
  region size 4096K, 1 young (4096K), 1 survivors (4096K)
 Metaspace       used 77747K, committed 78464K, reserved 1179648K
  class space    used 9940K, committed 10304K, reserved 1048576K
}
Event: 6571.220 GC heap before
{Heap before GC invocations=52 (full 5):
 garbage-first heap   total 77824K, used 64551K [0x00000006e1000000, 0x0000000800000000)
  region size 4096K, 8 young (32768K), 1 survivors (4096K)
 Metaspace       used 77910K, committed 78656K, reserved 1179648K
  class space    used 9955K, committed 10304K, reserved 1048576K
}
Event: 6571.227 GC heap after
{Heap after GC invocations=53 (full 5):
 garbage-first heap   total 77824K, used 38063K [0x00000006e1000000, 0x0000000800000000)
  region size 4096K, 1 young (4096K), 1 survivors (4096K)
 Metaspace       used 77910K, committed 78656K, reserved 1179648K
  class space    used 9955K, committed 10304K, reserved 1048576K
}
Event: 6571.691 GC heap before
{Heap before GC invocations=53 (full 5):
 garbage-first heap   total 77824K, used 66735K [0x00000006e1000000, 0x0000000800000000)
  region size 4096K, 8 young (32768K), 1 survivors (4096K)
 Metaspace       used 78162K, committed 78912K, reserved 1179648K
  class space    used 9968K, committed 10304K, reserved 1048576K
}
Event: 6571.702 GC heap after
{Heap after GC invocations=54 (full 5):
 garbage-first heap   total 77824K, used 40182K [0x00000006e1000000, 0x0000000800000000)
  region size 4096K, 1 young (4096K), 1 survivors (4096K)
 Metaspace       used 78162K, committed 78912K, reserved 1179648K
  class space    used 9968K, committed 10304K, reserved 1048576K
}
Event: 6572.003 GC heap before
{Heap before GC invocations=55 (full 5):
 garbage-first heap   total 98304K, used 60662K [0x00000006e1000000, 0x0000000800000000)
  region size 4096K, 6 young (24576K), 1 survivors (4096K)
 Metaspace       used 78274K, committed 79040K, reserved 1179648K
  class space    used 9973K, committed 10304K, reserved 1048576K
}
Event: 6572.009 GC heap after
{Heap after GC invocations=56 (full 5):
 garbage-first heap   total 98304K, used 41662K [0x00000006e1000000, 0x0000000800000000)
  region size 4096K, 1 young (4096K), 1 survivors (4096K)
 Metaspace       used 78274K, committed 79040K, reserved 1179648K
  class space    used 9973K, committed 10304K, reserved 1048576K
}
Event: 6771.419 GC heap before
{Heap before GC invocations=56 (full 5):
 garbage-first heap   total 98304K, used 82622K [0x00000006e1000000, 0x0000000800000000)
  region size 4096K, 11 young (45056K), 1 survivors (4096K)
 Metaspace       used 78680K, committed 79424K, reserved 1179648K
  class space    used 10010K, committed 10368K, reserved 1048576K
}
Event: 6771.427 GC heap after
{Heap after GC invocations=57 (full 5):
 garbage-first heap   total 98304K, used 41894K [0x00000006e1000000, 0x0000000800000000)
  region size 4096K, 2 young (8192K), 2 survivors (8192K)
 Metaspace       used 78680K, committed 79424K, reserved 1179648K
  class space    used 10010K, committed 10368K, reserved 1048576K
}
Event: 6825.886 GC heap before
{Heap before GC invocations=57 (full 5):
 garbage-first heap   total 98304K, used 45990K [0x00000006e1000000, 0x0000000800000000)
  region size 4096K, 4 young (16384K), 2 survivors (8192K)
 Metaspace       used 78688K, committed 79424K, reserved 1179648K
  class space    used 10011K, committed 10368K, reserved 1048576K
}

Dll operation events (14 events):
Event: 0.013 Loaded shared library C:\Users\a4268\.jdks\openjdk-20.0.2\bin\java.dll
Event: 0.037 Loaded shared library C:\Users\a4268\.jdks\openjdk-20.0.2\bin\jsvml.dll
Event: 0.201 Loaded shared library C:\Users\a4268\.jdks\openjdk-20.0.2\bin\zip.dll
Event: 0.204 Loaded shared library C:\Users\a4268\.jdks\openjdk-20.0.2\bin\instrument.dll
Event: 0.216 Loaded shared library C:\Users\a4268\.jdks\openjdk-20.0.2\bin\net.dll
Event: 0.218 Loaded shared library C:\Users\a4268\.jdks\openjdk-20.0.2\bin\nio.dll
Event: 0.221 Loaded shared library C:\Users\a4268\.jdks\openjdk-20.0.2\bin\zip.dll
Event: 0.341 Loaded shared library C:\Program Files\JetBrains\IntelliJ IDEA Community Edition 2023.3\bin\breakgen64.dll
Event: 0.352 Loaded shared library C:\Users\a4268\.jdks\openjdk-20.0.2\bin\extnet.dll
Event: 0.397 Loaded shared library C:\Users\a4268\.jdks\openjdk-20.0.2\bin\jimage.dll
Event: 0.798 Loaded shared library C:\Users\a4268\.jdks\openjdk-20.0.2\bin\management.dll
Event: 0.801 Loaded shared library C:\Users\a4268\.jdks\openjdk-20.0.2\bin\management_ext.dll
Event: 2.909 Loaded shared library C:\Users\a4268\.jdks\openjdk-20.0.2\bin\sunmscapi.dll
Event: 9.399 Loaded shared library C:\Users\a4268\.jdks\openjdk-20.0.2\bin\verify.dll

Deoptimization events (20 events):
Event: 6572.037 Thread 0x000001c3e0811fc0 Uncommon trap: trap_request=0xffffffbe fr.pc=0x000001c39015a07c relative=0x00000000000002dc
Event: 6572.037 Thread 0x000001c3e0811fc0 Uncommon trap: reason=profile_predicate action=maybe_recompile pc=0x000001c39015a07c method=java.util.regex.Pattern$BnM.optimize(Ljava/util/regex/Pattern$Node;)Ljava/util/regex/Pattern$Node; @ 67 c2
Event: 6572.037 Thread 0x000001c3e0811fc0 DEOPT PACKING pc=0x000001c39015a07c sp=0x0000000a9f3fd680
Event: 6572.037 Thread 0x000001c3e0811fc0 DEOPT UNPACKING pc=0x000001c38f599d22 sp=0x0000000a9f3fd628 mode 2
Event: 6589.060 Thread 0x000001c3e0812510 Uncommon trap: trap_request=0xffffffc6 fr.pc=0x000001c38fc6ed38 relative=0x00000000000001f8
Event: 6589.060 Thread 0x000001c3e0812510 Uncommon trap: reason=bimorphic_or_optimized_type_check action=maybe_recompile pc=0x000001c38fc6ed38 method=java.util.HashMap.removeNode(ILjava/lang/Object;Ljava/lang/Object;ZZ)Ljava/util/HashMap$Node; @ 283 c2
Event: 6589.060 Thread 0x000001c3e0812510 DEOPT PACKING pc=0x000001c38fc6ed38 sp=0x0000000a9fbfb120
Event: 6589.060 Thread 0x000001c3e0812510 DEOPT UNPACKING pc=0x000001c38f599d22 sp=0x0000000a9fbfb048 mode 2
Event: 6589.313 Thread 0x000001c3e0812510 Uncommon trap: trap_request=0xffffff45 fr.pc=0x000001c38fc064c4 relative=0x0000000000000224
Event: 6589.313 Thread 0x000001c3e0812510 Uncommon trap: reason=unstable_if action=reinterpret pc=0x000001c38fc064c4 method=java.util.HashMap.getNode(Ljava/lang/Object;)Ljava/util/HashMap$Node; @ 66 c2
Event: 6589.313 Thread 0x000001c3e0812510 DEOPT PACKING pc=0x000001c38fc064c4 sp=0x0000000a9fbfab80
Event: 6589.313 Thread 0x000001c3e0812510 DEOPT UNPACKING pc=0x000001c38f599d22 sp=0x0000000a9fbfaaa0 mode 2
Event: 6589.313 Thread 0x000001c3e0812510 Uncommon trap: trap_request=0xffffff45 fr.pc=0x000001c38fb7ade4 relative=0x00000000000001c4
Event: 6589.313 Thread 0x000001c3e0812510 Uncommon trap: reason=unstable_if action=reinterpret pc=0x000001c38fb7ade4 method=java.util.HashMap.getNode(Ljava/lang/Object;)Ljava/util/HashMap$Node; @ 66 c2
Event: 6589.313 Thread 0x000001c3e0812510 DEOPT PACKING pc=0x000001c38fb7ade4 sp=0x0000000a9fbfab20
Event: 6589.313 Thread 0x000001c3e0812510 DEOPT UNPACKING pc=0x000001c38f599d22 sp=0x0000000a9fbfaaa0 mode 2
Event: 6589.350 Thread 0x000001c3e0812510 Uncommon trap: trap_request=0xfffffff4 fr.pc=0x000001c38fdd7d1c relative=0x000000000000043c
Event: 6589.350 Thread 0x000001c3e0812510 Uncommon trap: reason=null_check action=make_not_entrant pc=0x000001c38fdd7d1c method=org.springframework.util.LinkedCaseInsensitiveMap.get(Ljava/lang/Object;)Ljava/lang/Object; @ 24 c2
Event: 6589.350 Thread 0x000001c3e0812510 DEOPT PACKING pc=0x000001c38fdd7d1c sp=0x0000000a9fbfb3c0
Event: 6589.350 Thread 0x000001c3e0812510 DEOPT UNPACKING pc=0x000001c38f599d22 sp=0x0000000a9fbfb2a0 mode 2

Classes loaded (20 events):
Event: 6379.328 Loading class java/io/ObjectInputFilter$Config$BuiltinFilterFactory
Event: 6379.328 Loading class java/io/ObjectInputFilter$Config$BuiltinFilterFactory done
Event: 6379.328 Loading class jdk/internal/access/JavaObjectInputFilterAccess
Event: 6379.328 Loading class jdk/internal/access/JavaObjectInputFilterAccess done
Event: 6379.328 Loading class jdk/internal/event/DeserializationEvent
Event: 6379.328 Loading class jdk/internal/event/DeserializationEvent done
Event: 6379.329 Loading class java/io/ObjectInputStream$FieldValues
Event: 6379.329 Loading class java/io/ObjectInputStream$GetField
Event: 6379.329 Loading class java/io/ObjectInputStream$GetField done
Event: 6379.329 Loading class java/io/ObjectInputStream$FieldValues done
Event: 6379.330 Loading class java/util/Calendar$1
Event: 6379.330 Loading class java/util/Calendar$1 done
Event: 6379.330 Loading class java/util/Calendar$CalendarAccessControlContext
Event: 6379.330 Loading class java/util/Calendar$CalendarAccessControlContext done
Event: 6379.331 Loading class sun/util/calendar/ImmutableGregorianDate
Event: 6379.332 Loading class sun/util/calendar/ImmutableGregorianDate done
Event: 6379.335 Loading class sun/util/calendar/JulianCalendar$Date
Event: 6379.335 Loading class sun/util/calendar/JulianCalendar$Date done
Event: 6589.313 Loading class java/lang/Throwable$PrintStreamOrWriter
Event: 6589.313 Loading class java/lang/Throwable$PrintStreamOrWriter done

Classes unloaded (20 events):
Event: 6253.586 Thread 0x000001c3feeb5a70 Unloading class 0x000001c39a3e9800 'java/lang/invoke/LambdaForm$MH+0x000001c39a3e9800'
Event: 6253.586 Thread 0x000001c3feeb5a70 Unloading class 0x000001c39a3e8c00 'java/lang/invoke/LambdaForm$MH+0x000001c39a3e8c00'
Event: 6253.586 Thread 0x000001c3feeb5a70 Unloading class 0x000001c39a3dd800 'java/lang/invoke/LambdaForm$MH+0x000001c39a3dd800'
Event: 6253.586 Thread 0x000001c3feeb5a70 Unloading class 0x000001c39a3dd400 'java/lang/invoke/LambdaForm$MH+0x000001c39a3dd400'
Event: 6253.586 Thread 0x000001c3feeb5a70 Unloading class 0x000001c39a3d4800 'java/lang/invoke/LambdaForm$MH+0x000001c39a3d4800'
Event: 6253.586 Thread 0x000001c3feeb5a70 Unloading class 0x000001c39a398c00 'java/lang/invoke/LambdaForm$MH+0x000001c39a398c00'
Event: 6253.586 Thread 0x000001c3feeb5a70 Unloading class 0x000001c39a37a000 'java/lang/invoke/LambdaForm$MH+0x000001c39a37a000'
Event: 6253.586 Thread 0x000001c3feeb5a70 Unloading class 0x000001c39a378800 'java/lang/invoke/LambdaForm$MH+0x000001c39a378800'
Event: 6253.586 Thread 0x000001c3feeb5a70 Unloading class 0x000001c39a378000 'java/lang/invoke/LambdaForm$MH+0x000001c39a378000'
Event: 6253.586 Thread 0x000001c3feeb5a70 Unloading class 0x000001c39a35cc00 'java/lang/invoke/LambdaForm$MH+0x000001c39a35cc00'
Event: 6253.586 Thread 0x000001c3feeb5a70 Unloading class 0x000001c39a350400 'java/lang/invoke/LambdaForm$MH+0x000001c39a350400'
Event: 6253.586 Thread 0x000001c3feeb5a70 Unloading class 0x000001c39a33c400 'java/lang/invoke/LambdaForm$MH+0x000001c39a33c400'
Event: 6253.586 Thread 0x000001c3feeb5a70 Unloading class 0x000001c39a1e0800 'java/lang/invoke/LambdaForm$MH+0x000001c39a1e0800'
Event: 6253.586 Thread 0x000001c3feeb5a70 Unloading class 0x000001c39a1e0400 'java/lang/invoke/LambdaForm$MH+0x000001c39a1e0400'
Event: 6253.586 Thread 0x000001c3feeb5a70 Unloading class 0x000001c39a10d400 'java/lang/invoke/LambdaForm$MH+0x000001c39a10d400'
Event: 6253.586 Thread 0x000001c3feeb5a70 Unloading class 0x000001c39a000400 'java/lang/invoke/LambdaForm$MH+0x000001c39a000400'
Event: 6360.149 Thread 0x000001c3feeb5a70 Unloading class 0x000001c39a378800 'org/apache/catalina/loader/JdbcLeakPrevention'
Event: 6360.149 Thread 0x000001c3feeb5a70 Unloading class 0x000001c39a86a000 'org/apache/catalina/loader/JdbcLeakPrevention'
Event: 6364.318 Thread 0x000001c3feeb5a70 Unloading class 0x000001c39a950800 'org/apache/catalina/loader/JdbcLeakPrevention'
Event: 6498.637 Thread 0x000001c3feeb5a70 Unloading class 0x000001c39a95c800 'org/apache/catalina/loader/JdbcLeakPrevention'

Classes redefined (0 events):
No events

Internal exceptions (20 events):
Event: 6568.256 Thread 0x000001c3e08184b0 Exception <a 'java/io/IOException'{0x00000006f2dc65f8}> (0x00000006f2dc65f8) 
thrown [s\open\src\hotspot\share\prims\jni.cpp, line 519]
Event: 6568.260 Thread 0x000001c3e0812fb0 Exception <a 'java/lang/InterruptedException'{0x00000006f2dde150}: sleep interrupted> (0x00000006f2dde150) 
thrown [s\open\src\hotspot\share\prims\jvm.cpp, line 3086]
Event: 6568.264 Thread 0x000001c3ff333f80 Exception <a 'java/lang/NoClassDefFoundError'{0x00000006f2d9f388}: liquibase/exception/ChangeLogParseException> (0x00000006f2d9f388) 
thrown [s\open\src\hotspot\share\classfile\systemDictionary.cpp, line 294]
Event: 6570.726 Thread 0x000001c3e0811fc0 Exception <a 'sun/nio/fs/WindowsException'{0x00000006f2f0f940}> (0x00000006f2f0f940) 
thrown [s\open\src\hotspot\share\prims\jni.cpp, line 519]
Event: 6571.203 Thread 0x000001c3e0811fc0 Exception <a 'java/lang/NoClassDefFoundError'{0x00000006e42dd0a8}: org/flywaydb/core/Flyway> (0x00000006e42dd0a8) 
thrown [s\open\src\hotspot\share\oops\constantPool.cpp, line 848]
Event: 6571.203 Thread 0x000001c3e0811fc0 Exception <a 'java/lang/NoClassDefFoundError'{0x00000006e42dd708}: liquibase/integration/spring/SpringLiquibase> (0x00000006e42dd708) 
thrown [s\open\src\hotspot\share\oops\constantPool.cpp, line 848]
Event: 6571.208 Thread 0x000001c3e0811fc0 Exception <a 'java/lang/NoClassDefFoundError'{0x00000006e4342b18}: org/jooq/DSLContext> (0x00000006e4342b18) 
thrown [s\open\src\hotspot\share\oops\constantPool.cpp, line 848]
Event: 6571.209 Thread 0x000001c3e0811fc0 Exception <a 'java/lang/NoClassDefFoundError'{0x00000006e434f738}: org/springframework/batch/core/repository/JobRepository> (0x00000006e434f738) 
thrown [s\open\src\hotspot\share\oops\constantPool.cpp, line 848]
Event: 6571.209 Thread 0x000001c3e0811fc0 Exception <a 'java/lang/NoClassDefFoundError'{0x00000006e43500b8}: org/quartz/Scheduler> (0x00000006e43500b8) 
thrown [s\open\src\hotspot\share\oops\constantPool.cpp, line 848]
Event: 6571.209 Thread 0x000001c3e0811fc0 Exception <a 'java/lang/NoClassDefFoundError'{0x00000006e4350738}: org/springframework/session/jdbc/JdbcIndexedSessionRepository> (0x00000006e4350738) 
thrown [s\open\src\hotspot\share\oops\constantPool.cpp, line 848]
Event: 6571.293 Thread 0x000001c3e0811fc0 Exception <a 'java/io/FileNotFoundException'{0x00000006eedb4750}> (0x00000006eedb4750) 
thrown [s\open\src\hotspot\share\prims\jni.cpp, line 519]
Event: 6571.837 Thread 0x000001c3e0811fc0 Exception <a 'java/io/FileNotFoundException'{0x00000006ee930308}> (0x00000006ee930308) 
thrown [s\open\src\hotspot\share\prims\jni.cpp, line 519]
Event: 6589.350 Thread 0x000001c3e0812510 Implicit null exception at 0x000001c38fdd7bd3 to 0x000001c38fdd7d10
Event: 6825.879 Thread 0x000001c3ff3364b0 Exception <a 'java/net/SocketException'{0x00000006eef5e880}: Connection reset by peer: shutdown> (0x00000006eef5e880) 
thrown [s\open\src\hotspot\share\prims\jni.cpp, line 538]
Event: 6825.880 Thread 0x000001c3ff3364b0 Exception <a 'java/io/IOException'{0x00000006eef60ce0}> (0x00000006eef60ce0) 
thrown [s\open\src\hotspot\share\prims\jni.cpp, line 519]
Event: 6825.880 Thread 0x000001c3ff3364b0 Exception <a 'java/io/IOException'{0x00000006eef61328}> (0x00000006eef61328) 
thrown [s\open\src\hotspot\share\prims\jni.cpp, line 519]
Event: 6825.881 Thread 0x000001c3ff3364b0 Exception <a 'java/io/IOException'{0x00000006eef64b00}> (0x00000006eef64b00) 
thrown [s\open\src\hotspot\share\prims\jni.cpp, line 519]
Event: 6825.881 Thread 0x000001c3ff3364b0 Exception <a 'java/io/IOException'{0x00000006eef65148}> (0x00000006eef65148) 
thrown [s\open\src\hotspot\share\prims\jni.cpp, line 519]
Event: 6825.882 Thread 0x000001c3ff3364b0 Exception <a 'java/io/IOException'{0x00000006eef678a8}> (0x00000006eef678a8) 
thrown [s\open\src\hotspot\share\prims\jni.cpp, line 519]
Event: 6825.886 Thread 0x000001c3e0811520 Exception <a 'java/lang/InterruptedException'{0x00000006eef823b8}: sleep interrupted> (0x00000006eef823b8) 
thrown [s\open\src\hotspot\share\prims\jvm.cpp, line 3086]

VM Operations (20 events):
Event: 6571.898 Executing VM operation: G1PauseCleanup done
Event: 6572.003 Executing VM operation: G1CollectForAllocation
Event: 6572.009 Executing VM operation: G1CollectForAllocation done
Event: 6573.010 Executing VM operation: Cleanup
Event: 6573.010 Executing VM operation: Cleanup done
Event: 6583.048 Executing VM operation: Cleanup
Event: 6583.048 Executing VM operation: Cleanup done
Event: 6589.069 Executing VM operation: Cleanup
Event: 6589.073 Executing VM operation: Cleanup done
Event: 6590.086 Executing VM operation: Cleanup
Event: 6590.086 Executing VM operation: Cleanup done
Event: 6615.610 Executing VM operation: HandshakeAllThreads
Event: 6615.610 Executing VM operation: HandshakeAllThreads done
Event: 6620.636 Executing VM operation: Cleanup
Event: 6620.636 Executing VM operation: Cleanup done
Event: 6672.916 Executing VM operation: Cleanup
Event: 6672.916 Executing VM operation: Cleanup done
Event: 6771.419 Executing VM operation: G1CollectForAllocation
Event: 6771.427 Executing VM operation: G1CollectForAllocation done
Event: 6825.886 Executing VM operation: G1CollectFull

Events (20 events):
Event: 6589.238 Thread 0x000001c3de9204c0 Thread added: 0x000001c3de9204c0
Event: 6591.141 Thread 0x000001c3de9204c0 Thread exited: 0x000001c3de9204c0
Event: 6825.866 Thread 0x000001c3ff3344d0 Thread added: 0x000001c3ff3344d0
Event: 6825.866 Thread 0x000001c3e0810fd0 Thread exited: 0x000001c3e0810fd0
Event: 6825.875 Thread 0x000001c3ff333f80 Thread exited: 0x000001c3ff333f80
Event: 6825.875 Thread 0x000001c3ff335a10 Thread exited: 0x000001c3ff335a10
Event: 6825.875 Thread 0x000001c3e08184b0 Thread exited: 0x000001c3e08184b0
Event: 6825.875 Thread 0x000001c3e0813500 Thread exited: 0x000001c3e0813500
Event: 6825.875 Thread 0x000001c3e0817f60 Thread exited: 0x000001c3e0817f60
Event: 6825.875 Thread 0x000001c3e0816f70 Thread exited: 0x000001c3e0816f70
Event: 6825.875 Thread 0x000001c3ff336f50 Thread exited: 0x000001c3ff336f50
Event: 6825.875 Thread 0x000001c3ff3364b0 Thread exited: 0x000001c3ff3364b0
Event: 6825.875 Thread 0x000001c3e08174c0 Thread exited: 0x000001c3e08174c0
Event: 6825.875 Thread 0x000001c3e0813fa0 Thread exited: 0x000001c3e0813fa0
Event: 6825.875 Thread 0x000001c3ff334a20 Thread exited: 0x000001c3ff334a20
Event: 6825.875 Thread 0x000001c3e0812510 Thread exited: 0x000001c3e0812510
Event: 6825.877 Thread 0x000001c3ff3364b0 Thread added: 0x000001c3ff3364b0
Event: 6825.878 Thread 0x000001c3e08144f0 Thread exited: 0x000001c3e08144f0
Event: 6825.882 Thread 0x000001c3ff3364b0 Thread exited: 0x000001c3ff3364b0
Event: 6825.886 Thread 0x000001c3e0811520 Thread exited: 0x000001c3e0811520


Dynamic libraries:
0x00007ff65e4e0000 - 0x00007ff65e4ee000 	C:\Users\a4268\.jdks\openjdk-20.0.2\bin\java.exe
0x00007ff9b6e50000 - 0x00007ff9b7067000 	C:\Windows\SYSTEM32\ntdll.dll
0x00007ff9b5de0000 - 0x00007ff9b5ea4000 	C:\Windows\System32\KERNEL32.DLL
0x00007ff9b4200000 - 0x00007ff9b45a6000 	C:\Windows\System32\KERNELBASE.dll
0x00007ff9b45b0000 - 0x00007ff9b46c1000 	C:\Windows\System32\ucrtbase.dll
0x00007ff95d5a0000 - 0x00007ff95d5b7000 	C:\Users\a4268\.jdks\openjdk-20.0.2\bin\jli.dll
0x00007ff982ca0000 - 0x00007ff982cbb000 	C:\Users\a4268\.jdks\openjdk-20.0.2\bin\VCRUNTIME140.dll
0x00007ff9b5eb0000 - 0x00007ff9b605e000 	C:\Windows\System32\USER32.dll
0x00007ff9b4870000 - 0x00007ff9b4896000 	C:\Windows\System32\win32u.dll
0x00007ff9b60f0000 - 0x00007ff9b6119000 	C:\Windows\System32\GDI32.dll
0x00007ff9a41c0000 - 0x00007ff9a4453000 	C:\Windows\WinSxS\amd64_microsoft.windows.common-controls_6595b64144ccf1df_6.0.22621.2506_none_270c5ae97388e100\COMCTL32.dll
0x00007ff9b49c0000 - 0x00007ff9b4ad8000 	C:\Windows\System32\gdi32full.dll
0x00007ff9b4d40000 - 0x00007ff9b4de7000 	C:\Windows\System32\msvcrt.dll
0x00007ff9b4920000 - 0x00007ff9b49ba000 	C:\Windows\System32\msvcp_win.dll
0x00007ff9b5570000 - 0x00007ff9b55a1000 	C:\Windows\System32\IMM32.DLL
0x00007ff99ed70000 - 0x00007ff99ed7c000 	C:\Users\a4268\.jdks\openjdk-20.0.2\bin\vcruntime140_1.dll
0x00007ff99ea60000 - 0x00007ff99eaee000 	C:\Users\a4268\.jdks\openjdk-20.0.2\bin\msvcp140.dll
0x00007ff953a10000 - 0x00007ff9546a8000 	C:\Users\a4268\.jdks\openjdk-20.0.2\bin\server\jvm.dll
0x00007ff9b6120000 - 0x00007ff9b61d3000 	C:\Windows\System32\ADVAPI32.dll
0x00007ff9b6320000 - 0x00007ff9b63c8000 	C:\Windows\System32\sechost.dll
0x00007ff9b4840000 - 0x00007ff9b4868000 	C:\Windows\System32\bcrypt.dll
0x00007ff9b63e0000 - 0x00007ff9b64f7000 	C:\Windows\System32\RPCRT4.dll
0x00007ff9af580000 - 0x00007ff9af589000 	C:\Windows\SYSTEM32\WSOCK32.dll
0x00007ff9ad8a0000 - 0x00007ff9ad8d4000 	C:\Windows\SYSTEM32\WINMM.dll
0x00007ff9b61e0000 - 0x00007ff9b6251000 	C:\Windows\System32\WS2_32.dll
0x00007ff9ab150000 - 0x00007ff9ab15a000 	C:\Windows\SYSTEM32\VERSION.dll
0x00007ff9b31c0000 - 0x00007ff9b31d8000 	C:\Windows\SYSTEM32\kernel.appcore.dll
0x00007ff99ed60000 - 0x00007ff99ed6a000 	C:\Users\a4268\.jdks\openjdk-20.0.2\bin\jimage.dll
0x00007ff9ab450000 - 0x00007ff9ab683000 	C:\Windows\SYSTEM32\DBGHELP.DLL
0x00007ff9b5a50000 - 0x00007ff9b5dd9000 	C:\Windows\System32\combase.dll
0x00007ff9b4f00000 - 0x00007ff9b4fd7000 	C:\Windows\System32\OLEAUT32.dll
0x00007ff9a2180000 - 0x00007ff9a21b2000 	C:\Windows\SYSTEM32\dbgcore.DLL
0x00007ff9b48a0000 - 0x00007ff9b491a000 	C:\Windows\System32\bcryptPrimitives.dll
0x00007ff9b07e0000 - 0x00007ff9b07ee000 	C:\Users\a4268\.jdks\openjdk-20.0.2\bin\instrument.dll
0x00007ff95dbd0000 - 0x00007ff95dbf6000 	C:\Users\a4268\.jdks\openjdk-20.0.2\bin\java.dll
0x00007ff9569d0000 - 0x00007ff956aa7000 	C:\Users\a4268\.jdks\openjdk-20.0.2\bin\jsvml.dll
0x00007ff9b6500000 - 0x00007ff9b6d5a000 	C:\Windows\System32\SHELL32.dll
0x00007ff9b20e0000 - 0x00007ff9b29d6000 	C:\Windows\SYSTEM32\windows.storage.dll
0x00007ff9b1fa0000 - 0x00007ff9b20de000 	C:\Windows\SYSTEM32\wintypes.dll
0x00007ff9b4e00000 - 0x00007ff9b4ef3000 	C:\Windows\System32\SHCORE.dll
0x00007ff9b6260000 - 0x00007ff9b62be000 	C:\Windows\System32\shlwapi.dll
0x00007ff9b40c0000 - 0x00007ff9b40e6000 	C:\Windows\SYSTEM32\profapi.dll
0x00007ff99e9a0000 - 0x00007ff99e9b8000 	C:\Users\a4268\.jdks\openjdk-20.0.2\bin\zip.dll
0x00007ff99ed40000 - 0x00007ff99ed53000 	C:\Users\a4268\.jdks\openjdk-20.0.2\bin\net.dll
0x00007ff9ae2d0000 - 0x00007ff9ae407000 	C:\Windows\SYSTEM32\WINHTTP.dll
0x00007ff9b3640000 - 0x00007ff9b36a9000 	C:\Windows\system32\mswsock.dll
0x00007ff99ea40000 - 0x00007ff99ea56000 	C:\Users\a4268\.jdks\openjdk-20.0.2\bin\nio.dll
0x00007ff9a8b40000 - 0x00007ff9a8b5a000 	C:\Program Files\JetBrains\IntelliJ IDEA Community Edition 2023.3\bin\breakgen64.dll
0x00007ff99ea10000 - 0x00007ff99ea17000 	C:\Users\a4268\.jdks\openjdk-20.0.2\bin\extnet.dll
0x00007ff99ed30000 - 0x00007ff99ed3a000 	C:\Users\a4268\.jdks\openjdk-20.0.2\bin\management.dll
0x00007ff99e9c0000 - 0x00007ff99e9cb000 	C:\Users\a4268\.jdks\openjdk-20.0.2\bin\management_ext.dll
0x00007ff9b6060000 - 0x00007ff9b6068000 	C:\Windows\System32\PSAPI.DLL
0x00007ff99e990000 - 0x00007ff99e99e000 	C:\Users\a4268\.jdks\openjdk-20.0.2\bin\sunmscapi.dll
0x00007ff9b46d0000 - 0x00007ff9b4836000 	C:\Windows\System32\CRYPT32.dll
0x00007ff9b3a30000 - 0x00007ff9b3a5e000 	C:\Windows\SYSTEM32\ncrypt.dll
0x00007ff9b39f0000 - 0x00007ff9b3a27000 	C:\Windows\SYSTEM32\NTASN1.dll
0x00007ff9b3890000 - 0x00007ff9b38ab000 	C:\Windows\SYSTEM32\CRYPTSP.dll
0x00007ff9b3120000 - 0x00007ff9b3155000 	C:\Windows\system32\rsaenh.dll
0x00007ff9b3730000 - 0x00007ff9b375c000 	C:\Windows\SYSTEM32\USERENV.dll
0x00007ff9b38b0000 - 0x00007ff9b38bc000 	C:\Windows\SYSTEM32\CRYPTBASE.dll
0x00007ff9b2c80000 - 0x00007ff9b2cad000 	C:\Windows\SYSTEM32\IPHLPAPI.DLL
0x00007ff9b4df0000 - 0x00007ff9b4df9000 	C:\Windows\System32\NSI.dll
0x00007ff9ae210000 - 0x00007ff9ae229000 	C:\Windows\SYSTEM32\dhcpcsvc6.DLL
0x00007ff9ae1f0000 - 0x00007ff9ae20f000 	C:\Windows\SYSTEM32\dhcpcsvc.DLL
0x00007ff9b2cb0000 - 0x00007ff9b2da9000 	C:\Windows\SYSTEM32\DNSAPI.dll
0x00007ff99e9e0000 - 0x00007ff99e9f0000 	C:\Users\a4268\.jdks\openjdk-20.0.2\bin\verify.dll
0x00007ff9a9900000 - 0x00007ff9a990a000 	C:\Windows\System32\rasadhlp.dll
0x00007ff9ab3c0000 - 0x00007ff9ab443000 	C:\Windows\System32\fwpuclnt.dll
0x00007ff9923e0000 - 0x00007ff9923e8000 	C:\Windows\system32\wshunix.dll

dbghelp: loaded successfully - version: 4.0.5 - missing functions: none
symbol engine: initialized successfully - sym options: 0x614 - pdb path: .;C:\Users\a4268\.jdks\openjdk-20.0.2\bin;C:\Windows\SYSTEM32;C:\Windows\WinSxS\amd64_microsoft.windows.common-controls_6595b64144ccf1df_6.0.22621.2506_none_270c5ae97388e100;C:\Users\a4268\.jdks\openjdk-20.0.2\bin\server;C:\Program Files\JetBrains\IntelliJ IDEA Community Edition 2023.3\bin

VM Arguments:
jvm_args: -javaagent:C:\Program Files\JetBrains\IntelliJ IDEA Community Edition 2023.3\lib\idea_rt.jar=51176:C:\Program Files\JetBrains\IntelliJ IDEA Community Edition 2023.3\bin -Dfile.encoding=UTF-8 -Dsun.stdout.encoding=UTF-8 -Dsun.stderr.encoding=UTF-8 
java_command: com.example.ecommerce.ECommerceApplication
java_class_path (initial): C:\e-commerce\E-commerce\target\classes;C:\Users\a4268\.m2\repository\org\springframework\boot\spring-boot-starter-data-jpa\3.2.2\spring-boot-starter-data-jpa-3.2.2.jar;C:\Users\a4268\.m2\repository\org\springframework\boot\spring-boot-starter-aop\3.2.2\spring-boot-starter-aop-3.2.2.jar;C:\Users\a4268\.m2\repository\org\aspectj\aspectjweaver\1.9.21\aspectjweaver-1.9.21.jar;C:\Users\a4268\.m2\repository\org\springframework\boot\spring-boot-starter-jdbc\3.2.2\spring-boot-starter-jdbc-3.2.2.jar;C:\Users\a4268\.m2\repository\com\zaxxer\HikariCP\5.0.1\HikariCP-5.0.1.jar;C:\Users\a4268\.m2\repository\org\springframework\spring-jdbc\6.1.3\spring-jdbc-6.1.3.jar;C:\Users\a4268\.m2\repository\org\hibernate\orm\hibernate-core\6.4.1.Final\hibernate-core-6.4.1.Final.jar;C:\Users\a4268\.m2\repository\jakarta\persistence\jakarta.persistence-api\3.1.0\jakarta.persistence-api-3.1.0.jar;C:\Users\a4268\.m2\repository\jakarta\transaction\jakarta.transaction-api\2.0.1\jakarta.transaction-api-2.0.1.jar;C:\Users\a4268\.m2\repository\org\jboss\logging\jboss-logging\3.5.3.Final\jboss-logging-3.5.3.Final.jar;C:\Users\a4268\.m2\repository\org\hibernate\common\hibernate-commons-annotations\6.0.6.Final\hibernate-commons-annotations-6.0.6.Final.jar;C:\Users\a4268\.m2\repository\io\smallrye\jandex\3.1.2\jandex-3.1.2.jar;C:\Users\a4268\.m2\repository\com\fasterxml\classmate\1.6.0\classmate-1.6.0.jar;C:\Users\a4268\.m2\repository\net\bytebuddy\byte-buddy\1.14.11\byte-buddy-1.14.11.jar;C:\Users\a4268\.m2\repository\org\glassfish\jaxb\jaxb-runtime\4.0.4\jaxb-runtime-4.0.4.jar;C:\Users\a4268\.m2\repository\org\glassfish\jaxb\jaxb-core\4.0.4\jaxb-core-4.0.4.jar;C:\Users\a4268\.m2\repository\org\eclipse\angus\angus-activation\2.0.1\angus-activation-2.0.1.jar;C:\Users\a4268\.m2\repository\org\glassfish\jaxb\txw2\4.0.4\txw2-4.0.4.jar;C:\Users\a4268\.m2\repository\com\sun\istack\istack-commons-runtime\4.1.2\istack-commons-runtime-4.1.2.jar;C:\Users\a4268\.m2\repository\jakarta\inject\jakarta.inject-api\2.0.1\jakarta.inject-api-2.0.1.jar;C:\Users\a4268\.m2\repository\org\antlr\antlr4-runtime\4.13.0\antlr4-runtime-4.13.0.jar;C:\Users\a4268\.m2\repository\org\springframework\data\spring-data-jpa\3.2.2\spring-data-jpa-3.2.2.jar;C:\Users\a4268\.m2\repository\org\springframework\data\spring-data-commons\3.2.2\spring-data-commons-3.2.2.jar;C:\Users\a4268\.m2\repository\org\springframework\spring-orm\6.1.3\spring-orm-6.1.3.jar;C:\Users\a4268\.m2\repository\org\springframework\spring-context\6.1.3\spring-context-6.1.3.jar;C:\Users\a4268\.m2\repository\org\springframework\spring-tx\6.1.3\spring-tx-6.1.3.jar;C:\Users\a4268\.m2\repository\org\springframework\spring-beans\6.1.3\spring-beans-6.1.3.jar;C:\Users\a4268\.m2\repository\jakarta\annotation\jakarta.annotation-api\2.1.1\jakarta.annotation-api-2.1.1.jar;C:\Users\a4268\.m2\repository\org\slf4j\slf4j-api\2.0.11\slf4j-api-2.0.11.jar;C:\Users\a4268\.m2\repository\org\springframework\spring-aspects\6.1.3\spring-aspects-6.1.3.jar;C:\Users\a4268\.m2\repository\org\springframework\boot\spring-boot-starter-security\3.2.2\spring-boot-starter-security-3.2.2.jar;C:\Users\a4268\.m2\repository\org\springframework\boot\spring-boot-starter\3.2.2\spring-boot-starter-3.2.2.jar;C:\Users\a4268\.m2\repository\org\springframework\boot\spring-boot-starter-logging\3.2.2\spring-boot-starter-logging-3.2.2.jar;C:\Users\a4268\.m2\repository\ch\qos\logback\logback-classic\1.4.14\logback-classic-1.4.14.jar;C:\Users\a4268\.m2\repository\ch\qos\logback\logback-core\1.4.14\logback-core-1.4.14.jar;C:\Users\a4268\.m2\repository\org\apache\logging\log4j\log4j-to-slf4j\2.21.1\log4j-to-slf4j-2.21.1.jar;C:\Users\a4268\.m2\repository\org\apache\logging\log4j\log4j-api\2.21.1\log4j-api-2.21.1.jar;C:\Users\a4268\.m2\repository\org\slf4j\jul-to-slf4j\2.0.11\jul-to-slf4j-2.0.11.jar;C:\Users\a4268\.m2\repository\org\yaml\snakeyaml\2.2\snakeyaml-2.2.jar;C:\Users\a4268\.m2\repository\org\springframework\spring-aop\6.1.3\spring-aop-6.1.3.jar;C:\Users\a4268\.m2\repository\org\springframework\security\spring-security-config\6.2.1\spring-security-config-6.2.1.jar;C:\Users\a4268\.m2\repository\org\springframework\security\spring-security-web\6.2.1\spring-security-web-6.2.1.jar;C:\Users\a4268\.m2\repository\org\springframework\spring-expression\6.1.3\spring-expression-6.1.3.jar;C:\Users\a4268\.m2\repository\org\springframework\boot\spring-boot-starter-web\3.2.2\spring-boot-starter-web-3.2.2.jar;C:\Users\a4268\.m2\repository\org\springframework\boot\spring-boot-starter-json\3.2.2\spring-boot-starter-json-3.2.2.jar;C:\Users\a4268\.m2\repository\com\fasterxml\jackson\datatype\jackson-datatype-jdk8\2.15.3\jackson-datatype-jdk8-2.15.3.jar;C:\Users\a4268\.m2\repository\com\fasterxml\jackson\datatype\jackson-datatype-jsr310\2.15.3\jackson-datatype-jsr310-2.15.3.jar;C:\Users\a4268\.m2\repository\com\fasterxml\jackson\module\jackson-module-parameter-names\2.15.3\jackson-module-parameter-names-2.15.3.jar;C:\Users\a4268\.m2\repository\org\springframework\boot\spring-boot-starter-tomcat\3.2.2\spring-boot-starter-tomcat-3.2.2.jar;C:\Users\a4268\.m2\repository\org\apache\tomcat\embed\tomcat-embed-core\10.1.18\tomcat-embed-core-10.1.18.jar;C:\Users\a4268\.m2\repository\org\apache\tomcat\embed\tomcat-embed-el\10.1.18\tomcat-embed-el-10.1.18.jar;C:\Users\a4268\.m2\repository\org\apache\tomcat\embed\tomcat-embed-websocket\10.1.18\tomcat-embed-websocket-10.1.18.jar;C:\Users\a4268\.m2\repository\org\springframework\spring-web\6.1.3\spring-web-6.1.3.jar;C:\Users\a4268\.m2\repository\io\micrometer\micrometer-observation\1.12.2\micrometer-observation-1.12.2.jar;C:\Users\a4268\.m2\repository\io\micrometer\micrometer-commons\1.12.2\micrometer-commons-1.12.2.jar;C:\Users\a4268\.m2\repository\org\springframework\spring-webmvc\6.1.3\spring-webmvc-6.1.3.jar;C:\Users\a4268\.m2\repository\org\springframework\boot\spring-boot-devtools\3.2.2\spring-boot-devtools-3.2.2.jar;C:\Users\a4268\.m2\repository\org\springframework\boot\spring-boot\3.2.2\spring-boot-3.2.2.jar;C:\Users\a4268\.m2\repository\org\springframework\boot\spring-boot-autoconfigure\3.2.2\spring-boot-autoconfigure-3.2.2.jar;C:\Users\a4268\.m2\repository\com\mysql\mysql-connector-j\8.3.0\mysql-connector-j-8.3.0.jar;C:\Users\a4268\.m2\repository\org\projectlombok\lombok\1.18.30\lombok-1.18.30.jar;C:\Users\a4268\.m2\repository\jakarta\xml\bind\jakarta.xml.bind-api\4.0.1\jakarta.xml.bind-api-4.0.1.jar;C:\Users\a4268\.m2\repository\jakarta\activation\jakarta.activation-api\2.1.2\jakarta.activation-api-2.1.2.jar;C:\Users\a4268\.m2\repository\org\springframework\spring-core\6.1.3\spring-core-6.1.3.jar;C:\Users\a4268\.m2\repository\org\springframework\spring-jcl\6.1.3\spring-jcl-6.1.3.jar;C:\Users\a4268\.m2\repository\org\springframework\security\spring-security-core\6.2.1\spring-security-core-6.2.1.jar;C:\Users\a4268\.m2\repository\org\springframework\security\spring-security-crypto\6.2.1\spring-security-crypto-6.2.1.jar;C:\Users\a4268\.m2\repository\org\springdoc\springdoc-openapi-ui\1.7.0\springdoc-openapi-ui-1.7.0.jar;C:\Users\a4268\.m2\repository\org\springdoc\springdoc-openapi-webmvc-core\1.7.0\springdoc-openapi-webmvc-core-1.7.0.jar;C:\Users\a4268\.m2\repository\org\springdoc\springdoc-openapi-common\1.7.0\springdoc-openapi-common-1.7.0.jar;C:\Users\a4268\.m2\repository\io\swagger\core\v3\swagger-core\2.2.9\swagger-core-2.2.9.jar;C:\Users\a4268\.m2\repository\org\apache\commons\commons-lang3\3.13.0\commons-lang3-3.13.0.jar;C:\Users\a4268\.m2\repository\com\fasterxml\jackson\dataformat\jackson-dataformat-yaml\2.15.3\jackson-dataformat-yaml-2.15.3.jar;C:\Users\a4268\.m2\repository\io\swagger\core\v3\swagger-annotations\2.2.9\swagger-annotations-2.2.9.jar;C:\Users\a4268\.m2\repository\io\swagger\core\v3\swagger-models\2.2.9\swagger-models-2.2.9.jar;C:\Users\a4268\.m2\repository\jakarta\validation\jakarta.validation-api\3.0.2\jakarta.validation-api-3.0.2.jar;C:\Users\a4268\.m2\repository\org\webjars\swagger-ui\4.18.2\swagger-ui-4.18.2.jar;C:\Users\a4268\.m2\repository\com\auth0\java-jwt\4.4.0\java-jwt-4.4.0.jar;C:\Users\a4268\.m2\repository\com\fasterxml\jackson\core\jackson-databind\2.15.3\jackson-databind-2.15.3.jar;C:\Users\a4268\.m2\repository\com\fasterxml\jackson\core\jackson-annotations\2.15.3\jackson-annotations-2.15.3.jar;C:\Users\a4268\.m2\repository\com\fasterxml\jackson\core\jackson-core\2.15.3\jackson-core-2.15.3.jar
Launcher Type: SUN_STANDARD

[Global flags]
     intx CICompilerCount                          = 3                                         {product} {ergonomic}
     uint ConcGCThreads                            = 1                                         {product} {ergonomic}
     uint G1ConcRefinementThreads                  = 4                                         {product} {ergonomic}
   size_t G1HeapRegionSize                         = 4194304                                   {product} {ergonomic}
    uintx GCDrainStackTargetSize                   = 64                                        {product} {ergonomic}
   size_t InitialHeapSize                          = 301989888                                 {product} {ergonomic}
   size_t MarkStackSize                            = 4194304                                   {product} {ergonomic}
   size_t MaxHeapSize                              = 4815060992                                {product} {ergonomic}
   size_t MaxNewSize                               = 2885681152                                {product} {ergonomic}
   size_t MinHeapDeltaBytes                        = 4194304                                   {product} {ergonomic}
   size_t MinHeapSize                              = 8388608                                   {product} {ergonomic}
    uintx NonNMethodCodeHeapSize                   = 5832780                                {pd product} {ergonomic}
    uintx NonProfiledCodeHeapSize                  = 122912730                              {pd product} {ergonomic}
    uintx ProfiledCodeHeapSize                     = 122912730                              {pd product} {ergonomic}
    uintx ReservedCodeCacheSize                    = 251658240                              {pd product} {ergonomic}
     bool SegmentedCodeCache                       = true                                      {product} {ergonomic}
   size_t SoftMaxHeapSize                          = 4815060992                             {manageable} {ergonomic}
     bool UseCompressedClassPointers               = true                           {product lp64_product} {ergonomic}
     bool UseCompressedOops                        = true                           {product lp64_product} {ergonomic}
     bool UseG1GC                                  = true                                      {product} {ergonomic}
     bool UseLargePagesIndividualAllocation        = false                                  {pd product} {ergonomic}

Logging:
Log output configuration:
 #0: stdout all=warning uptime,level,tags foldmultilines=false
 #1: stderr all=off uptime,level,tags foldmultilines=false

Environment Variables:
PATH=C:\Windows\system32;C:\Windows;C:\Windows\System32\Wbem;C:\Windows\System32\WindowsPowerShell\v1.0\;C:\Windows\System32\OpenSSH\;C:\Program Files\Microsoft SQL Server\150\Tools\Binn\;C:\Program Files\Microsoft SQL Server\Client SDK\ODBC\170\Tools\Binn\;C:\Program Files\dotnet\;C:\Program Files\Git\cmd;C:\Users\a4268\AppData\Local\Microsoft\WindowsApps;C:\Program Files\JetBrains\IntelliJ IDEA Community Edition 2023.3\bin;;C:\Users\a4268\.dotnet\tools;C:\Users\a4268\AppData\Local\GitHubDesktop\bin;C:\Program Files\JetBrains\IntelliJ IDEA 2023.3\bin;
USERNAME=a4268
OS=Windows_NT
PROCESSOR_IDENTIFIER=AMD64 Family 23 Model 24 Stepping 1, AuthenticAMD
TMP=C:\Users\a4268\AppData\Local\Temp
TEMP=C:\Users\a4268\AppData\Local\Temp




---------------  S Y S T E M  ---------------

OS:
 Windows 11 , 64 bit Build 22621 (10.0.22621.2506)
OS uptime: 0 days 4:40 hours

CPU: total 4 (initial active 4) (4 cores per cpu, 2 threads per core) family 23 model 24 stepping 1 microcode 0x0, cx8, cmov, fxsr, ht, mmx, 3dnowpref, sse, sse2, sse3, ssse3, sse4a, sse4.1, sse4.2, popcnt, lzcnt, tsc, tscinvbit, avx, avx2, aes, clmul, bmi1, bmi2, adx, sha, fma, vzeroupper, clflush, clflushopt, rdtscp, f16c

Memory: 4k page, system-wide physical 18354M (9423M free)
TotalPageFile size 19506M (AvailPageFile size 7136M)
current process WorkingSet (physical memory assigned to process): 297M, peak: 304M
current process commit charge ("private bytes"): 332M, peak: 430M

vm_info: OpenJDK 64-Bit Server VM (20.0.2+9-78) for windows-amd64 JRE (20.0.2+9-78), built on 2023-06-14T10:08:48Z by "mach5one" with MS VC++ 17.1 (VS2022)

END.
