#
# A fatal error has been detected by the Java Runtime Environment:
#
#  EXCEPTION_ACCESS_VIOLATION (0xc0000005) at pc=0x00007ffd14ce1598, pid=10124, tid=9236
#
# JRE version: OpenJDK Runtime Environment (20.0.2+9) (build 20.0.2+9-78)
# Java VM: OpenJDK 64-Bit Server VM (20.0.2+9-78, mixed mode, sharing, tiered, compressed oops, compressed class ptrs, g1 gc, windows-amd64)
# Problematic frame:
# V  [jvm.dll+0x201598]
#
# No core dump will be written. Minidumps are not enabled by default on client versions of Windows
#
# If you would like to submit a bug report, please visit:
#   https://bugreport.java.com/bugreport/crash.jsp
#

---------------  S U M M A R Y ------------

Command Line: -javaagent:C:\Program Files\JetBrains\IntelliJ IDEA Community Edition 2023.3\lib\idea_rt.jar=50967:C:\Program Files\JetBrains\IntelliJ IDEA Community Edition 2023.3\bin -Dfile.encoding=UTF-8 -Dsun.stdout.encoding=UTF-8 -Dsun.stderr.encoding=UTF-8 com.shop.ShopApplication

Host: AMD Athlon 3000G with Radeon Vega Graphics     , 4 cores, 17G,  Windows 11 , 64 bit Build 22621 (10.0.22621.2506)
Time: Fri Jan  5 11:25:48 2024 Hora oficial do Brasil elapsed time: 459.190385 seconds (0d 0h 7m 39s)

---------------  T H R E A D  ---------------

Current thread (0x000001e8671cebc0):  JavaThread "C1 CompilerThread0" daemon [_thread_in_vm, id=9236, stack(0x000000af2e100000,0x000000af2e200000)]


Current CompileTask:
C1: 459190 7883   !   3       jdk.proxy2.$Proxy94::annotationType (29 bytes)

Stack: [0x000000af2e100000,0x000000af2e200000],  sp=0x000000af2e1feb00,  free space=1018k
Native frames: (J=compiled Java code, j=interpreted, Vv=VM code, C=native code)
V  [jvm.dll+0x201598]
V  [jvm.dll+0x201e96]
V  [jvm.dll+0x2016b6]
V  [jvm.dll+0x201e96]
V  [jvm.dll+0x1f0184]
V  [jvm.dll+0x259ff4]
V  [jvm.dll+0x2587c0]
V  [jvm.dll+0x3f2dd5]
V  [jvm.dll+0x7f5c76]
V  [jvm.dll+0x6baecb]
C  [ucrtbase.dll+0x29363]
C  [KERNEL32.DLL+0x1257d]
C  [ntdll.dll+0x5aa58]


siginfo: EXCEPTION_ACCESS_VIOLATION (0xc0000005), reading address 0xffffffffffffffff


Registers:
RAX=0x00007ffd1544f72c, RBX=0x000001e8015da000, RCX=0x000001e8015da000, RDX=0x000001e8015da000
RSP=0x000000af2e1feb00, RBP=0x000001e86bbf2d30, RSI=0x000001e8671cebc0, RDI=0x000001e86bbf2d30
R8 =0x0000000000000003, R9 =0x000001e870243bf0, R10=0x000001e8671cebc0, R11=0x0000000000000091
R12=0x0000000000000000, R13=0x000000000000008b, R14=0x0000000000000000, R15=0x000001e86bbf2d30
RIP=0x00007ffd14ce1598, EFLAGS=0x0000000000010202


Register to memory mapping:

RIP=0x00007ffd14ce1598 jvm.dll
RAX=0x00007ffd1544f72c jvm.dll
RBX=0x000001e8015da000 is a pointer to class: 

[error occurred during error reporting (printing register info), id 0xc0000005, EXCEPTION_ACCESS_VIOLATION (0xc0000005) at pc=0x00007ffd1518f84a]
Top of Stack: (sp=0x000000af2e1feb00)
0x000000af2e1feb00:   000001e86bbf2d30 00007ffd14cd436d
0x000000af2e1feb10:   000001e80006a660 000001e8702444a8
0x000000af2e1feb20:   000001e8671aa4b0 00007ffd69897b0d
0x000000af2e1feb30:   000001e8015da000 00007ffd14ce1e96
0x000000af2e1feb40:   000000000000008b 0000000000000000
0x000000af2e1feb50:   0000000000000000 00007ffd14ce15c8
0x000000af2e1feb60:   000001e86bbf2d30 0000000000000000
0x000000af2e1feb70:   000000000000008b 000001e86bbf2d30
0x000000af2e1feb80:   000001e86bbf2d30 00007ffd14ce16b6
0x000000af2e1feb90:   0000000000000000 000001e8671cebc0
0x000000af2e1feba0:   0000000000000000 0000000000007fd8
0x000000af2e1febb0:   000001e869ae9d18 000001e8671cebc0
0x000000af2e1febc0:   000001e869ae9d18 00007ffd14ce1e96
0x000000af2e1febd0:   000000000000008b 000001e869ae9d18
0x000000af2e1febe0:   0000000000000000 00007ffd1516cbaf
0x000000af2e1febf0:   0000000000000000 0000000000000000
0x000000af2e1fec00:   000001e8671cf100 000001e869ae9d18
0x000000af2e1fec10:   000000af2e1fed50 00007ffd14cd0184
0x000000af2e1fec20:   000001e8671cebc0 000000af2e1feff0
0x000000af2e1fec30:   0000000000000000 000000af2e1fef00
0x000000af2e1fec40:   000001e8671aa4b0 00007ffd14d39ff4
0x000000af2e1fec50:   000001e869ae9d18 000001e8671cebc0
0x000000af2e1fec60:   000001e8671cebc0 000001e8671aa4b0
0x000000af2e1fec70:   000001e8671cf190 000001e86716e050
0x000000af2e1fec80:   0000000000000002 00007ffd69d12f83
0x000000af2e1fec90:   0000000000000100 000000af2e1fed90
0x000000af2e1feca0:   ffffffff00000000 0000000000000000
0x000000af2e1fecb0:   000001e86716e050 000000036719bb00
0x000000af2e1fecc0:   000001e84798a9d0 000001e869ae9d18
0x000000af2e1fecd0:   000001e8671cebc0 000001e8671740e0
0x000000af2e1fece0:   0000000000001ecb 00000000000003d8
0x000000af2e1fecf0:   000001e8671cf190 000001e8671cf538 

Instructions: (pc=0x00007ffd14ce1598)
0x00007ffd14ce1498:   6b 08 4b 8b 04 34 49 83 c6 08 48 89 04 f1 45 3b
0x00007ffd14ce14a8:   7d 00 0f 8c 00 ff ff ff 4c 8b 74 24 60 48 8b c3
0x00007ffd14ce14b8:   4c 8b 64 24 58 48 8b 6c 24 50 4c 8b 7c 24 20 48
0x00007ffd14ce14c8:   83 c4 28 41 5d 5f 5e 5b c3 4c 8b 7c 24 20 48 8b
0x00007ffd14ce14d8:   c3 48 83 c4 28 41 5d 5f 5e 5b c3 48 8b c3 48 83
0x00007ffd14ce14e8:   c4 28 41 5d 5f 5e 5b c3 48 89 5c 24 08 44 8b 41
0x00007ffd14ce14f8:   08 45 33 c9 41 83 e8 01 78 2f 48 8b 59 10 66 66
0x00007ffd14ce1508:   0f 1f 84 00 00 00 00 00 43 8d 04 08 d1 e8 48 8b
0x00007ffd14ce1518:   0c c3 48 3b 51 10 73 06 44 8d 40 ff eb 06 76 11
0x00007ffd14ce1528:   44 8d 48 01 45 3b c1 7d df 33 c0 48 8b 5c 24 08
0x00007ffd14ce1538:   c3 48 8b 5c 24 08 48 8b c1 c3 cc cc cc cc cc cc
0x00007ffd14ce1548:   cc cc cc cc cc cc cc cc 48 89 5c 24 08 48 89 74
0x00007ffd14ce1558:   24 18 57 48 83 ec 30 65 48 8b 04 25 58 00 00 00
0x00007ffd14ce1568:   48 8b da 44 8b 05 d6 39 9f 00 48 8b f9 4a 8b 34
0x00007ffd14ce1578:   c0 b8 68 00 00 00 80 3c 30 00 75 05 e8 97 58 6a
0x00007ffd14ce1588:   00 b8 28 00 00 00 48 8b cb 48 8b 34 30 48 8b 03
0x00007ffd14ce1598:   ff 50 08 84 c0 0f 84 b6 00 00 00 8b 43 0c 83 f8
0x00007ffd14ce15a8:   04 7f 44 48 8b 17 b9 88 00 00 00 e8 c8 b6 eb ff
0x00007ffd14ce15b8:   48 85 c0 74 1e 48 8b d3 48 8b c8 e8 48 2b ff ff
0x00007ffd14ce15c8:   48 8b d8 48 8b 5c 24 40 48 8b 74 24 50 48 83 c4
0x00007ffd14ce15d8:   30 5f c3 33 db 8b c3 48 8b 5c 24 40 48 8b 74 24
0x00007ffd14ce15e8:   50 48 83 c4 30 5f c3 83 f8 06 75 2e 48 8b 17 8d
0x00007ffd14ce15f8:   48 42 e8 81 b6 eb ff 48 85 c0 74 d7 48 8b d3 48
0x00007ffd14ce1608:   8b c8 e8 e1 ed ff ff 48 8b d8 48 8b 5c 24 40 48
0x00007ffd14ce1618:   8b 74 24 50 48 83 c4 30 5f c3 83 f8 05 0f 85 65
0x00007ffd14ce1628:   01 00 00 48 8b 17 8d 48 33 e8 4a b6 eb ff 48 85
0x00007ffd14ce1638:   c0 74 a0 48 8b d3 48 8b c8 e8 2a 9b 00 00 48 8b
0x00007ffd14ce1648:   d8 48 8b 5c 24 40 48 8b 74 24 50 48 83 c4 30 5f
0x00007ffd14ce1658:   c3 48 8b 03 48 8b cb ff 50 10 84 c0 0f 84 91 00
0x00007ffd14ce1668:   00 00 48 89 5c 24 20 48 8d 54 24 48 48 89 74 24
0x00007ffd14ce1678:   28 48 8b 8e 60 02 00 00 48 89 5c 24 48 e8 96 76
0x00007ffd14ce1688:   e0 ff 48 8b 44 24 20 33 db 48 8b 48 08 48 8b 41 


Stack slot to memory mapping:
stack at sp + 0 slots: 0x000001e86bbf2d30 points into unknown readable memory: 0x000000af2e1feff8 | f8 ef 1f 2e af 00 00 00
stack at sp + 1 slots: 0x00007ffd14cd436d jvm.dll
stack at sp + 2 slots: 0x000001e80006a660 is a pointer to class: 
java.lang.ArithmeticException {0x000001e80006a668}
 - instance size:     5
 - klass size:        74
 - access:            public synchronized 
 - state:             fully_initialized
 - name:              'java/lang/ArithmeticException'
 - super:             'java/lang/RuntimeException'
 - sub:               
 - arrays:            NULL
 - methods:           Array<T>(0x000001e8006a7488)
 - method ordering:   Array<T>(0x000001e8006a7550)
 - default_methods:   Array<T>(0x0000000000000000)
 - local interfaces:  Array<T>(0x000001e80060fcc8)
 - trans. interfaces: Array<T>(0x000001e80061d668)
 - constants:         constant pool [26] {0x000001e8006a7378} for 'java/lang/ArithmeticException' cache=0x000001e80006a8d8
 - class loader data:  loader data: 0x000001e867039870 of 'bootstrap'
 - source file:       'ArithmeticException.java'
 - class annotations:       Array<T>(0x0000000000000000)
 - class type annotations:  Array<T>(0x0000000000000000)
 - field annotations:       Array<T>(0x0000000000000000)
 - field type annotations:  Array<T>(0x0000000000000000)
 - inner classes:     Array<T>(0x000001e80060fc50)
 - nest members:     Array<T>(0x000001e80060fc50)
 - permitted subclasses:     Array<T>(0x000001e80060fc50)
 - java mirror:       a 'java/lang/Class'{0x00000006e1139be0} = 'java/lang/ArithmeticException'
 - vtable length      15  (start addr: 0x000001e80006a820)
 - itable length      2 (start addr: 0x000001e80006a898)
 - ---- static fields (1 words):
 - private static final 'serialVersionUID' 'J' @112 
 - ---- non-static fields (6 words):
 - private transient 'depth' 'I' @12 
 - private transient 'backtrace' 'Ljava/lang/Object;' @16 
 - private 'detailMessage' 'Ljava/lang/String;' @20 
 - private 'cause' 'Ljava/lang/Throwable;' @24 
 - private 'stackTrace' '[Ljava/lang/StackTraceElement;' @28 
 - private 'suppressedExceptions' 'Ljava/util/List;' @32 
 - non-static oop maps: 16-32 
stack at sp + 3 slots: 0x000001e8702444a8 points into unknown readable memory: 0x00007ffd1543b0e0 | e0 b0 43 15 fd 7f 00 00
stack at sp + 4 slots: 0x000001e8671aa4b0 points into unknown readable memory: 0x000001e86b49d1a0 | a0 d1 49 6b e8 01 00 00
stack at sp + 5 slots: 0x00007ffd69897b0d KERNELBASE.dll
stack at sp + 6 slots: 0x000001e8015da000 is a pointer to class: 

[error occurred during error reporting (inspecting top of stack), id 0xc0000005, EXCEPTION_ACCESS_VIOLATION (0xc0000005) at pc=0x00007ffd1518f84a]

---------------  P R O C E S S  ---------------

Threads class SMR info:
_java_thread_list=0x000001e86ecfec50, length=22, elements={
0x000001e867193b40, 0x000001e8671949e0, 0x000001e867196fe0, 0x000001e86719ef50,
0x000001e8671a35a0, 0x000001e8671a0b20, 0x000001e8671ac1b0, 0x000001e8671cebc0,
0x000001e8671a1070, 0x000001e8671a15c0, 0x000001e8671a1b10, 0x000001e86c6dcf90,
0x000001e86c9e8a90, 0x000001e86c9eafc0, 0x000001e86c9e9a80, 0x000001e86c9e7550,
0x000001e86c9eb510, 0x000001e86e96b040, 0x000001e86c9ebfb0, 0x000001e86c9e8fe0,
0x000001e86c9e7aa0, 0x000001e86c9e7ff0
}

Java Threads: ( => current thread )
  0x000001e867193b40 JavaThread "Reference Handler" daemon [_thread_blocked, id=11532, stack(0x000000af2da00000,0x000000af2db00000)]
  0x000001e8671949e0 JavaThread "Finalizer" daemon [_thread_blocked, id=2264, stack(0x000000af2db00000,0x000000af2dc00000)]
  0x000001e867196fe0 JavaThread "Signal Dispatcher" daemon [_thread_blocked, id=10324, stack(0x000000af2dc00000,0x000000af2dd00000)]
  0x000001e86719ef50 JavaThread "Attach Listener" daemon [_thread_blocked, id=4604, stack(0x000000af2dd00000,0x000000af2de00000)]
  0x000001e8671a35a0 JavaThread "Service Thread" daemon [_thread_blocked, id=5256, stack(0x000000af2de00000,0x000000af2df00000)]
  0x000001e8671a0b20 JavaThread "Monitor Deflation Thread" daemon [_thread_blocked, id=4760, stack(0x000000af2df00000,0x000000af2e000000)]
  0x000001e8671ac1b0 JavaThread "C2 CompilerThread0" daemon [_thread_in_native, id=11692, stack(0x000000af2e000000,0x000000af2e100000)]
=>0x000001e8671cebc0 JavaThread "C1 CompilerThread0" daemon [_thread_in_vm, id=9236, stack(0x000000af2e100000,0x000000af2e200000)]
  0x000001e8671a1070 JavaThread "Common-Cleaner" daemon [_thread_blocked, id=6872, stack(0x000000af2e200000,0x000000af2e300000)]
  0x000001e8671a15c0 JavaThread "Monitor Ctrl-Break" daemon [_thread_in_native, id=11580, stack(0x000000af2e400000,0x000000af2e500000)]
  0x000001e8671a1b10 JavaThread "Notification Thread" daemon [_thread_blocked, id=1796, stack(0x000000af2e500000,0x000000af2e600000)]
  0x000001e86c6dcf90 JavaThread "mysql-cj-abandoned-connection-cleanup" daemon [_thread_blocked, id=7412, stack(0x000000af2ef00000,0x000000af2f000000)]
  0x000001e86c9e8a90 JavaThread "Live Reload Server" daemon [_thread_in_native, id=6120, stack(0x000000af2f500000,0x000000af2f600000)]
  0x000001e86c9eafc0 JavaThread "DestroyJavaVM" [_thread_blocked, id=10908, stack(0x000000af2d300000,0x000000af2d400000)]
  0x000001e86c9e9a80 JavaThread "Thread-5" [_thread_blocked, id=10460, stack(0x000000af2d000000,0x000000af2d100000)]
  0x000001e86c9e7550 JavaThread "File Watcher" daemon [_thread_blocked, id=3376, stack(0x000000af2d200000,0x000000af2d300000)]
  0x000001e86c9eb510 JavaThread "restartedMain" [_thread_in_vm, id=1808, stack(0x000000af2ea00000,0x000000af2eb00000)]
  0x000001e86e96b040 JavaThread "C2 CompilerThread1" daemon [_thread_in_native, id=936, stack(0x000000af2e300000,0x000000af2e400000)]
  0x000001e86c9ebfb0 JavaThread "Catalina-utility-1" [_thread_blocked, id=1708, stack(0x000000af2eb00000,0x000000af2ec00000)]
  0x000001e86c9e8fe0 JavaThread "Catalina-utility-2" [_thread_blocked, id=9340, stack(0x000000af2ec00000,0x000000af2ed00000)]
  0x000001e86c9e7aa0 JavaThread "container-0" [_thread_blocked, id=10020, stack(0x000000af2ed00000,0x000000af2ee00000)]
  0x000001e86c9e7ff0 JavaThread "HikariPool-2 housekeeper" daemon [_thread_blocked, id=11904, stack(0x000000af2ee00000,0x000000af2ef00000)]

Other Threads:
  0x000001e867174aa0 VMThread "VM Thread" [stack: 0x000000af2d900000,0x000000af2da00000] [id=8268]
  0x000001e8479777e0 WatcherThread "VM Periodic Task Thread" [stack: 0x000000af2e600000,0x000000af2e700000] [id=1648]
  0x000001e8479eb040 WorkerThread "GC Thread#0" [stack: 0x000000af2d400000,0x000000af2d500000] [id=4960]
  0x000001e86baed4e0 WorkerThread "GC Thread#1" [stack: 0x000000af2e700000,0x000000af2e800000] [id=10268]
  0x000001e86baed7b0 WorkerThread "GC Thread#2" [stack: 0x000000af2e800000,0x000000af2e900000] [id=10140]
  0x000001e86baeda80 WorkerThread "GC Thread#3" [stack: 0x000000af2e900000,0x000000af2ea00000] [id=11336]
  0x000001e8458fe7a0 ConcurrentGCThread "G1 Main Marker" [stack: 0x000000af2d500000,0x000000af2d600000] [id=9992]
  0x000001e8479f0960 WorkerThread "G1 Conc#0" [stack: 0x000000af2d600000,0x000000af2d700000] [id=7360]
  0x000001e8670340b0 ConcurrentGCThread "G1 Refine#0" [stack: 0x000000af2d700000,0x000000af2d800000] [id=124]
  0x000001e847a2d190 ConcurrentGCThread "G1 Service" [stack: 0x000000af2d800000,0x000000af2d900000] [id=1916]

Threads with active compile tasks:
C2 CompilerThread0   459232 7711       4       org.springframework.beans.factory.annotation.AutowiredAnnotationBeanPostProcessor::findAutowiredAnnotation (63 bytes)
C1 CompilerThread0   459232 7883   !   3       jdk.proxy2.$Proxy94::annotationType (29 bytes)
C2 CompilerThread1   459232 7720       4       java.util.concurrent.ConcurrentHashMap$CollectionView::toArray (204 bytes)

VM state: not at safepoint (normal execution)

VM Mutex/Monitor currently owned by a thread: None

Heap address: 0x00000006e1000000, size: 4592 MB, Compressed Oops mode: Zero based, Oop shift amount: 3

CDS archive(s) mapped at: [0x000001e800000000-0x000001e800c60000-0x000001e800c60000), size 12976128, SharedBaseAddress: 0x000001e800000000, ArchiveRelocationMode: 1.
Compressed class space mapped at: 0x000001e801000000-0x000001e841000000, reserved size: 1073741824
Narrow klass base: 0x000001e800000000, Narrow klass shift: 0, Narrow klass range: 0x100000000

GC Precious Log:
 CardTable entry size: 512
 Card Set container configuration: InlinePtr #cards 4 size 8 Array Of Cards #cards 32 size 80 Howl #buckets 8 coarsen threshold 7372 Howl Bitmap #cards 1024 size 144 coarsen threshold 921 Card regions per heap region 1 cards per card region 8192
 CPUs: 4 total, 4 available
 Memory: 18354M
 Large Page Support: Disabled
 NUMA Support: Disabled
 Compressed Oops: Enabled (Zero based)
 Heap Region Size: 4M
 Heap Min Capacity: 8M
 Heap Initial Capacity: 288M
 Heap Max Capacity: 4592M
 Pre-touch: Disabled
 Parallel Workers: 4
 Concurrent Workers: 1
 Concurrent Refinement Workers: 4
 Periodic GC: Disabled

Heap:
 garbage-first heap   total 81920K, used 41071K [0x00000006e1000000, 0x0000000800000000)
  region size 4096K, 5 young (20480K), 1 survivors (4096K)
 Metaspace       used 73703K, committed 74432K, reserved 1114112K
  class space    used 9835K, committed 10112K, reserved 1048576K

Heap Regions: E=young(eden), S=young(survivor), O=old, HS=humongous(starts), HC=humongous(continues), CS=collection set, F=free, OA=open archive, CA=closed archive, TAMS=top-at-mark-start, PB=parsable bottom
|   0|0x00000006e1000000, 0x00000006e13fe8e0, 0x00000006e1400000| 99%| O|  |TAMS 0x00000006e1000000| PB 0x00000006e1000000| Untracked 
|   1|0x00000006e1400000, 0x00000006e1800000, 0x00000006e1800000|100%| O|  |TAMS 0x00000006e1400000| PB 0x00000006e1400000| Untracked 
|   2|0x00000006e1800000, 0x00000006e1bfffe0, 0x00000006e1c00000| 99%| O|  |TAMS 0x00000006e1800000| PB 0x00000006e1800000| Untracked 
|   3|0x00000006e1c00000, 0x00000006e1ffffb8, 0x00000006e2000000| 99%| O|  |TAMS 0x00000006e1c00000| PB 0x00000006e1c00000| Untracked 
|   4|0x00000006e2000000, 0x00000006e2400000, 0x00000006e2400000|100%| O|  |TAMS 0x00000006e2000000| PB 0x00000006e2000000| Untracked 
|   5|0x00000006e2400000, 0x00000006e2784da8, 0x00000006e2800000| 87%| O|  |TAMS 0x00000006e2400000| PB 0x00000006e2400000| Untracked 
|   6|0x00000006e2800000, 0x00000006e2a046a8, 0x00000006e2c00000| 50%| O|  |TAMS 0x00000006e2800000| PB 0x00000006e2800000| Untracked 
|   7|0x00000006e2c00000, 0x00000006e2c00000, 0x00000006e3000000|  0%| F|  |TAMS 0x00000006e2c00000| PB 0x00000006e2c00000| Untracked 
|   8|0x00000006e3000000, 0x00000006e3000000, 0x00000006e3400000|  0%| F|  |TAMS 0x00000006e3000000| PB 0x00000006e3000000| Untracked 
|   9|0x00000006e3400000, 0x00000006e36940a0, 0x00000006e3800000| 64%| S|CS|TAMS 0x00000006e3400000| PB 0x00000006e3400000| Complete 
|  10|0x00000006e3800000, 0x00000006e3800000, 0x00000006e3c00000|  0%| F|  |TAMS 0x00000006e3800000| PB 0x00000006e3800000| Untracked 
|  11|0x00000006e3c00000, 0x00000006e3c00000, 0x00000006e4000000|  0%| F|  |TAMS 0x00000006e3c00000| PB 0x00000006e3c00000| Untracked 
|  12|0x00000006e4000000, 0x00000006e4000000, 0x00000006e4400000|  0%| F|  |TAMS 0x00000006e4000000| PB 0x00000006e4000000| Untracked 
|  13|0x00000006e4400000, 0x00000006e4400000, 0x00000006e4800000|  0%| F|  |TAMS 0x00000006e4400000| PB 0x00000006e4400000| Untracked 
|  14|0x00000006e4800000, 0x00000006e4800000, 0x00000006e4c00000|  0%| F|  |TAMS 0x00000006e4800000| PB 0x00000006e4800000| Untracked 
|  15|0x00000006e4c00000, 0x00000006e4c00000, 0x00000006e5000000|  0%| F|  |TAMS 0x00000006e4c00000| PB 0x00000006e4c00000| Untracked 
|  16|0x00000006e5000000, 0x00000006e53c89b8, 0x00000006e5400000| 94%| E|  |TAMS 0x00000006e5000000| PB 0x00000006e5000000| Complete 
|  17|0x00000006e5400000, 0x00000006e5800000, 0x00000006e5800000|100%| E|CS|TAMS 0x00000006e5400000| PB 0x00000006e5400000| Complete 
|  18|0x00000006e5800000, 0x00000006e5c00000, 0x00000006e5c00000|100%| E|CS|TAMS 0x00000006e5800000| PB 0x00000006e5800000| Complete 
|  55|0x00000006eec00000, 0x00000006ef000000, 0x00000006ef000000|100%| E|CS|TAMS 0x00000006eec00000| PB 0x00000006eec00000| Complete 

Card table byte_map: [0x000001e85f330000,0x000001e85fc30000] _byte_map_base: 0x000001e85bc28000

Marking Bits: (CMBitMap*) 0x000001e8479eb670
 Bits: [0x000001e860530000, 0x000001e864cf0000)

Polling page: 0x000001e847130000

Metaspace:

Usage:
  Non-class:     62.37 MB used.
      Class:      9.60 MB used.
       Both:     71.98 MB used.

Virtual space:
  Non-class space:       64.00 MB reserved,      62.81 MB ( 98%) committed,  1 nodes.
      Class space:        1.00 GB reserved,       9.88 MB ( <1%) committed,  1 nodes.
             Both:        1.06 GB reserved,      72.69 MB (  7%) committed. 

Chunk freelists:
   Non-Class:  624.00 KB
       Class:  1.94 MB
        Both:  2.55 MB

MaxMetaspaceSize: unlimited
CompressedClassSpaceSize: 1.00 GB
Initial GC threshold: 21.00 MB
Current GC threshold: 119.69 MB
CDS: on
MetaspaceReclaimPolicy: balanced
 - commit_granule_bytes: 65536.
 - commit_granule_words: 8192.
 - virtual_space_node_default_size: 8388608.
 - enlarge_chunks_in_place: 1.
 - new_chunks_are_fully_committed: 0.
 - uncommit_free_chunks: 1.
 - use_allocation_guard: 0.


Internal statistics:

num_allocs_failed_limit: 12.
num_arena_births: 966.
num_arena_deaths: 8.
num_vsnodes_births: 2.
num_vsnodes_deaths: 0.
num_space_committed: 1163.
num_space_uncommitted: 0.
num_chunks_returned_to_freelist: 24.
num_chunks_taken_from_freelist: 3599.
num_chunk_merges: 13.
num_chunk_splits: 2556.
num_chunks_enlarged: 1965.
num_inconsistent_stats: 0.

CodeHeap 'non-profiled nmethods': size=120000Kb used=4183Kb max_used=4183Kb free=115816Kb
 bounds [0x000001e857500000, 0x000001e857920000, 0x000001e85ea30000]
CodeHeap 'profiled nmethods': size=120000Kb used=14194Kb max_used=14194Kb free=105806Kb
 bounds [0x000001e84fa30000, 0x000001e850810000, 0x000001e856f60000]
CodeHeap 'non-nmethods': size=5760Kb used=1798Kb max_used=1810Kb free=3961Kb
 bounds [0x000001e856f60000, 0x000001e8571d0000, 0x000001e857500000]
 total_blobs=7639 nmethods=6911 adapters=636
 compilation: enabled
              stopped_count=0, restarted_count=0
 full_count=0

Compilation events (20 events):
Event: 459.174 Thread 0x000001e8671cebc0 nmethod 7871 0x000001e85080a410 code [0x000001e85080a5e0, 0x000001e85080acf0]
Event: 459.175 Thread 0x000001e8671cebc0 7872       3       org.hibernate.annotations.common.reflection.java.generics.TypeUtils::isCollectionClass (24 bytes)
Event: 459.175 Thread 0x000001e8671cebc0 nmethod 7872 0x000001e85080ae10 code [0x000001e85080afc0, 0x000001e85080b1a8]
Event: 459.175 Thread 0x000001e8671cebc0 7873       3       org.hibernate.annotations.common.reflection.java.generics.ApproximatingTypeEnvironment$1::caseClass (6 bytes)
Event: 459.176 Thread 0x000001e8671cebc0 nmethod 7873 0x000001e85080b290 code [0x000001e85080b420, 0x000001e85080b598]
Event: 459.177 Thread 0x000001e8671cebc0 7874       3       org.hibernate.annotations.common.reflection.ReflectionUtil::isPropertyType (13 bytes)
Event: 459.177 Thread 0x000001e8671cebc0 nmethod 7874 0x000001e85080b690 code [0x000001e85080b820, 0x000001e85080bb08]
Event: 459.178 Thread 0x000001e8671cebc0 7875       3       org.hibernate.boot.spi.AccessType::getType (59 bytes)
Event: 459.179 Thread 0x000001e8671cebc0 nmethod 7875 0x000001e85080bc10 code [0x000001e85080bdc0, 0x000001e85080c108]
Event: 459.179 Thread 0x000001e8671cebc0 7877       3       org.hibernate.annotations.common.reflection.java.JavaXClass::getName (8 bytes)
Event: 459.179 Thread 0x000001e8671cebc0 nmethod 7877 0x000001e85080c210 code [0x000001e85080c3c0, 0x000001e85080c5d8]
Event: 459.180 Thread 0x000001e8671cebc0 7878       1       org.hibernate.boot.model.internal.ClassPropertyHolder::isComponent (2 bytes)
Event: 459.180 Thread 0x000001e8671cebc0 nmethod 7878 0x000001e85790a890 code [0x000001e85790aa00, 0x000001e85790aac8]
Event: 459.180 Thread 0x000001e8671cebc0 7879       3       java.lang.Character::isLowerCase (5 bytes)
Event: 459.181 Thread 0x000001e8671cebc0 nmethod 7879 0x000001e85080c710 code [0x000001e85080c8c0, 0x000001e85080cb10]
Event: 459.181 Thread 0x000001e8671cebc0 7880       3       java.lang.Character::isLowerCase (9 bytes)
Event: 459.181 Thread 0x000001e8671cebc0 nmethod 7880 0x000001e85080cc10 code [0x000001e85080cdc0, 0x000001e85080cfa8]
Event: 459.181 Thread 0x000001e8671cebc0 7881       3       org.hibernate.boot.model.naming.Identifier::<init> (49 bytes)
Event: 459.181 Thread 0x000001e8671cebc0 nmethod 7881 0x000001e85080d090 code [0x000001e85080d2a0, 0x000001e85080da30]
Event: 459.181 Thread 0x000001e8671cebc0 7883   !   3       jdk.proxy2.$Proxy94::annotationType (29 bytes)

GC Heap History (20 events):
Event: 4.187 GC heap before
{Heap before GC invocations=5 (full 0):
 garbage-first heap   total 57344K, used 37721K [0x00000006e1000000, 0x0000000800000000)
  region size 4096K, 8 young (32768K), 2 survivors (8192K)
 Metaspace       used 25508K, committed 25984K, reserved 1114112K
  class space    used 3192K, committed 3392K, reserved 1048576K
}
Event: 4.203 GC heap after
{Heap after GC invocations=6 (full 0):
 garbage-first heap   total 57344K, used 15320K [0x00000006e1000000, 0x0000000800000000)
  region size 4096K, 1 young (4096K), 1 survivors (4096K)
 Metaspace       used 25508K, committed 25984K, reserved 1114112K
  class space    used 3192K, committed 3392K, reserved 1048576K
}
Event: 4.768 GC heap before
{Heap before GC invocations=6 (full 0):
 garbage-first heap   total 57344K, used 35800K [0x00000006e1000000, 0x0000000800000000)
  region size 4096K, 6 young (24576K), 1 survivors (4096K)
 Metaspace       used 29044K, committed 29568K, reserved 1114112K
  class space    used 3608K, committed 3840K, reserved 1048576K
}
Event: 4.776 GC heap after
{Heap after GC invocations=7 (full 0):
 garbage-first heap   total 57344K, used 16989K [0x00000006e1000000, 0x0000000800000000)
  region size 4096K, 1 young (4096K), 1 survivors (4096K)
 Metaspace       used 29044K, committed 29568K, reserved 1114112K
  class space    used 3608K, committed 3840K, reserved 1048576K
}
Event: 5.489 GC heap before
{Heap before GC invocations=7 (full 0):
 garbage-first heap   total 57344K, used 37469K [0x00000006e1000000, 0x0000000800000000)
  region size 4096K, 7 young (28672K), 1 survivors (4096K)
 Metaspace       used 35354K, committed 35968K, reserved 1114112K
  class space    used 4559K, committed 4800K, reserved 1048576K
}
Event: 5.493 GC heap after
{Heap after GC invocations=8 (full 0):
 garbage-first heap   total 176128K, used 18358K [0x00000006e1000000, 0x0000000800000000)
  region size 4096K, 1 young (4096K), 1 survivors (4096K)
 Metaspace       used 35354K, committed 35968K, reserved 1114112K
  class space    used 4559K, committed 4800K, reserved 1048576K
}
Event: 7.052 GC heap before
{Heap before GC invocations=9 (full 0):
 garbage-first heap   total 81920K, used 63414K [0x00000006e1000000, 0x0000000800000000)
  region size 4096K, 12 young (49152K), 1 survivors (4096K)
 Metaspace       used 52264K, committed 52800K, reserved 1114112K
  class space    used 6723K, committed 6976K, reserved 1048576K
}
Event: 7.060 GC heap after
{Heap after GC invocations=10 (full 0):
 garbage-first heap   total 81920K, used 22079K [0x00000006e1000000, 0x0000000800000000)
  region size 4096K, 2 young (8192K), 2 survivors (8192K)
 Metaspace       used 52264K, committed 52800K, reserved 1114112K
  class space    used 6723K, committed 6976K, reserved 1048576K
}
Event: 8.054 GC heap before
{Heap before GC invocations=10 (full 0):
 garbage-first heap   total 81920K, used 58943K [0x00000006e1000000, 0x0000000800000000)
  region size 4096K, 12 young (49152K), 2 survivors (8192K)
 Metaspace       used 59871K, committed 60416K, reserved 1114112K
  class space    used 7828K, committed 8064K, reserved 1048576K
}
Event: 8.068 GC heap after
{Heap after GC invocations=11 (full 0):
 garbage-first heap   total 81920K, used 25008K [0x00000006e1000000, 0x0000000800000000)
  region size 4096K, 2 young (8192K), 2 survivors (8192K)
 Metaspace       used 59871K, committed 60416K, reserved 1114112K
  class space    used 7828K, committed 8064K, reserved 1048576K
}
Event: 8.111 GC heap before
{Heap before GC invocations=11 (full 0):
 garbage-first heap   total 81920K, used 25008K [0x00000006e1000000, 0x0000000800000000)
  region size 4096K, 3 young (12288K), 2 survivors (8192K)
 Metaspace       used 60203K, committed 60736K, reserved 1114112K
  class space    used 7880K, committed 8128K, reserved 1048576K
}
Event: 8.117 GC heap after
{Heap after GC invocations=12 (full 0):
 garbage-first heap   total 81920K, used 25302K [0x00000006e1000000, 0x0000000800000000)
  region size 4096K, 1 young (4096K), 1 survivors (4096K)
 Metaspace       used 60203K, committed 60736K, reserved 1114112K
  class space    used 7880K, committed 8128K, reserved 1048576K
}
Event: 8.909 GC heap before
{Heap before GC invocations=13 (full 0):
 garbage-first heap   total 81920K, used 66262K [0x00000006e1000000, 0x0000000800000000)
  region size 4096K, 11 young (45056K), 1 survivors (4096K)
 Metaspace       used 65637K, committed 66176K, reserved 1114112K
  class space    used 8853K, committed 9088K, reserved 1048576K
}
Event: 8.916 GC heap after
{Heap after GC invocations=14 (full 0):
 garbage-first heap   total 81920K, used 27817K [0x00000006e1000000, 0x0000000800000000)
  region size 4096K, 2 young (8192K), 2 survivors (8192K)
 Metaspace       used 65637K, committed 66176K, reserved 1114112K
  class space    used 8853K, committed 9088K, reserved 1048576K
}
Event: 9.651 GC heap before
{Heap before GC invocations=14 (full 0):
 garbage-first heap   total 81920K, used 64681K [0x00000006e1000000, 0x0000000800000000)
  region size 4096K, 11 young (45056K), 2 survivors (8192K)
 Metaspace       used 68465K, committed 69056K, reserved 1114112K
  class space    used 9209K, committed 9472K, reserved 1048576K
}
Event: 9.661 GC heap after
{Heap after GC invocations=15 (full 0):
 garbage-first heap   total 81920K, used 30501K [0x00000006e1000000, 0x0000000800000000)
  region size 4096K, 2 young (8192K), 2 survivors (8192K)
 Metaspace       used 68465K, committed 69056K, reserved 1114112K
  class space    used 9209K, committed 9472K, reserved 1048576K
}
Event: 455.104 GC heap before
{Heap before GC invocations=15 (full 0):
 garbage-first heap   total 81920K, used 63269K [0x00000006e1000000, 0x0000000800000000)
  region size 4096K, 11 young (45056K), 2 survivors (8192K)
 Metaspace       used 72831K, committed 73536K, reserved 1114112K
  class space    used 9772K, committed 10048K, reserved 1048576K
}
Event: 455.196 GC heap after
{Heap after GC invocations=16 (full 1):
 garbage-first heap   total 81920K, used 26143K [0x00000006e1000000, 0x0000000800000000)
  region size 4096K, 0 young (0K), 0 survivors (0K)
 Metaspace       used 72818K, committed 73536K, reserved 1114112K
  class space    used 9770K, committed 10048K, reserved 1048576K
}
Event: 458.724 GC heap before
{Heap before GC invocations=16 (full 1):
 garbage-first heap   total 81920K, used 67103K [0x00000006e1000000, 0x0000000800000000)
  region size 4096K, 10 young (40960K), 0 survivors (0K)
 Metaspace       used 73448K, committed 74176K, reserved 1114112K
  class space    used 9829K, committed 10112K, reserved 1048576K
}
Event: 458.729 GC heap after
{Heap after GC invocations=17 (full 1):
 garbage-first heap   total 81920K, used 28783K [0x00000006e1000000, 0x0000000800000000)
  region size 4096K, 1 young (4096K), 1 survivors (4096K)
 Metaspace       used 73448K, committed 74176K, reserved 1114112K
  class space    used 9829K, committed 10112K, reserved 1048576K
}

Dll operation events (14 events):
Event: 0.021 Loaded shared library C:\Users\a4268\.jdks\openjdk-20.0.2\bin\java.dll
Event: 0.049 Loaded shared library C:\Users\a4268\.jdks\openjdk-20.0.2\bin\jsvml.dll
Event: 0.211 Loaded shared library C:\Users\a4268\.jdks\openjdk-20.0.2\bin\zip.dll
Event: 0.215 Loaded shared library C:\Users\a4268\.jdks\openjdk-20.0.2\bin\instrument.dll
Event: 0.222 Loaded shared library C:\Users\a4268\.jdks\openjdk-20.0.2\bin\net.dll
Event: 0.225 Loaded shared library C:\Users\a4268\.jdks\openjdk-20.0.2\bin\nio.dll
Event: 0.229 Loaded shared library C:\Users\a4268\.jdks\openjdk-20.0.2\bin\zip.dll
Event: 0.338 Loaded shared library C:\Program Files\JetBrains\IntelliJ IDEA Community Edition 2023.3\bin\breakgen64.dll
Event: 0.349 Loaded shared library C:\Users\a4268\.jdks\openjdk-20.0.2\bin\extnet.dll
Event: 0.395 Loaded shared library C:\Users\a4268\.jdks\openjdk-20.0.2\bin\jimage.dll
Event: 0.780 Loaded shared library C:\Users\a4268\.jdks\openjdk-20.0.2\bin\management.dll
Event: 0.784 Loaded shared library C:\Users\a4268\.jdks\openjdk-20.0.2\bin\management_ext.dll
Event: 1.908 Loaded shared library C:\Users\a4268\.jdks\openjdk-20.0.2\bin\sunmscapi.dll
Event: 5.272 Loaded shared library C:\Users\a4268\.jdks\openjdk-20.0.2\bin\verify.dll

Deoptimization events (20 events):
Event: 459.034 Thread 0x000001e86c9eb510 Uncommon trap: trap_request=0xffffffde fr.pc=0x000001e8578f44c8 relative=0x0000000000000528
Event: 459.034 Thread 0x000001e86c9eb510 Uncommon trap: reason=class_check action=maybe_recompile pc=0x000001e8578f44c8 method=java.util.stream.ReferencePipeline$7$1.accept(Ljava/lang/Object;)V @ 13 c2
Event: 459.034 Thread 0x000001e86c9eb510 DEOPT PACKING pc=0x000001e8578f44c8 sp=0x000000af2eafda20
Event: 459.034 Thread 0x000001e86c9eb510 DEOPT UNPACKING pc=0x000001e856fc9d22 sp=0x000000af2eafd9e8 mode 2
Event: 459.034 Thread 0x000001e86c9eb510 Uncommon trap: trap_request=0xffffffde fr.pc=0x000001e8578f44c8 relative=0x0000000000000528
Event: 459.034 Thread 0x000001e86c9eb510 Uncommon trap: reason=class_check action=maybe_recompile pc=0x000001e8578f44c8 method=java.util.stream.ReferencePipeline$7$1.accept(Ljava/lang/Object;)V @ 13 c2
Event: 459.034 Thread 0x000001e86c9eb510 DEOPT PACKING pc=0x000001e8578f44c8 sp=0x000000af2eafda20
Event: 459.034 Thread 0x000001e86c9eb510 DEOPT UNPACKING pc=0x000001e856fc9d22 sp=0x000000af2eafd9e8 mode 2
Event: 459.040 Thread 0x000001e86c9eb510 DEOPT PACKING pc=0x000001e8500ee0c7 sp=0x000000af2eafcf20
Event: 459.040 Thread 0x000001e86c9eb510 DEOPT UNPACKING pc=0x000001e856fca4c2 sp=0x000000af2eafc4c0 mode 0
Event: 459.049 Thread 0x000001e86c9eb510 DEOPT PACKING pc=0x000001e84faf5ae5 sp=0x000000af2eafc370
Event: 459.049 Thread 0x000001e86c9eb510 DEOPT UNPACKING pc=0x000001e856fca4c2 sp=0x000000af2eafb848 mode 0
Event: 459.170 Thread 0x000001e86c9eb510 Uncommon trap: trap_request=0xffffffc6 fr.pc=0x000001e857842890 relative=0x00000000000012d0
Event: 459.170 Thread 0x000001e86c9eb510 Uncommon trap: reason=bimorphic_or_optimized_type_check action=maybe_recompile pc=0x000001e857842890 method=java.util.concurrent.ConcurrentHashMap.putVal(Ljava/lang/Object;Ljava/lang/Object;Z)Ljava/lang/Object; @ 242 c2
Event: 459.170 Thread 0x000001e86c9eb510 DEOPT PACKING pc=0x000001e857842890 sp=0x000000af2eafde10
Event: 459.170 Thread 0x000001e86c9eb510 DEOPT UNPACKING pc=0x000001e856fc9d22 sp=0x000000af2eafdd90 mode 2
Event: 459.170 Thread 0x000001e86c9eb510 Uncommon trap: trap_request=0xffffffc6 fr.pc=0x000001e857842890 relative=0x00000000000012d0
Event: 459.170 Thread 0x000001e86c9eb510 Uncommon trap: reason=bimorphic_or_optimized_type_check action=maybe_recompile pc=0x000001e857842890 method=java.util.concurrent.ConcurrentHashMap.putVal(Ljava/lang/Object;Ljava/lang/Object;Z)Ljava/lang/Object; @ 242 c2
Event: 459.170 Thread 0x000001e86c9eb510 DEOPT PACKING pc=0x000001e857842890 sp=0x000000af2eafde00
Event: 459.170 Thread 0x000001e86c9eb510 DEOPT UNPACKING pc=0x000001e856fc9d22 sp=0x000000af2eafdd80 mode 2

Classes loaded (20 events):
Event: 455.080 Loading class sun/security/ssl/Alert$AlertConsumer
Event: 455.080 Loading class sun/security/ssl/Alert$AlertConsumer done
Event: 455.080 Loading class sun/security/ssl/Alert$Level
Event: 455.080 Loading class sun/security/ssl/Alert$Level done
Event: 455.081 Loading class sun/net/ConnectionResetException
Event: 455.081 Loading class sun/net/ConnectionResetException done
Event: 455.100 Loading class java/util/WeakHashMap$KeyIterator
Event: 455.100 Loading class java/util/WeakHashMap$HashIterator
Event: 455.101 Loading class java/util/WeakHashMap$HashIterator done
Event: 455.101 Loading class java/util/WeakHashMap$KeyIterator done
Event: 455.199 Loading class java/lang/ref/Finalizer$2
Event: 455.199 Loading class java/lang/ref/Finalizer$2 done
Event: 455.199 Loading class java/lang/ref/Finalizer$1
Event: 455.199 Loading class java/lang/ref/Finalizer$1 done
Event: 455.814 Loading class jdk/internal/loader/BootLoader$PackageHelper
Event: 455.814 Loading class jdk/internal/loader/BootLoader$PackageHelper done
Event: 458.798 Loading class java/util/WeakHashMap$EntrySet
Event: 458.798 Loading class java/util/WeakHashMap$EntrySet done
Event: 458.798 Loading class java/util/WeakHashMap$EntryIterator
Event: 458.798 Loading class java/util/WeakHashMap$EntryIterator done

Classes unloaded (4 events):
Event: 455.137 Thread 0x000001e867174aa0 Unloading class 0x000001e8018e0c00 'jdk/internal/reflect/GeneratedSerializationConstructorAccessor4'
Event: 455.137 Thread 0x000001e867174aa0 Unloading class 0x000001e8018e0800 'jdk/internal/reflect/GeneratedSerializationConstructorAccessor3'
Event: 455.137 Thread 0x000001e867174aa0 Unloading class 0x000001e8018e0400 'jdk/internal/reflect/GeneratedSerializationConstructorAccessor2'
Event: 455.137 Thread 0x000001e867174aa0 Unloading class 0x000001e801818000 'jdk/internal/reflect/GeneratedSerializationConstructorAccessor1'

Classes redefined (0 events):
No events

Internal exceptions (20 events):
Event: 455.088 Thread 0x000001e86c9eba60 Exception <a 'java/io/IOException'{0x00000006e3c07190}> (0x00000006e3c07190) 
thrown [s\open\src\hotspot\share\prims\jni.cpp, line 519]
Event: 455.089 Thread 0x000001e86c9eba60 Exception <a 'java/io/IOException'{0x00000006e3c08978}> (0x00000006e3c08978) 
thrown [s\open\src\hotspot\share\prims\jni.cpp, line 519]
Event: 455.089 Thread 0x000001e86c9eba60 Exception <a 'java/io/IOException'{0x00000006e3c08fc0}> (0x00000006e3c08fc0) 
thrown [s\open\src\hotspot\share\prims\jni.cpp, line 519]
Event: 455.091 Thread 0x000001e86c9eba60 Exception <a 'java/io/IOException'{0x00000006e3c0a7a8}> (0x00000006e3c0a7a8) 
thrown [s\open\src\hotspot\share\prims\jni.cpp, line 519]
Event: 455.091 Thread 0x000001e86c9eba60 Exception <a 'java/io/IOException'{0x00000006e3c0adf0}> (0x00000006e3c0adf0) 
thrown [s\open\src\hotspot\share\prims\jni.cpp, line 519]
Event: 455.093 Thread 0x000001e86c9eba60 Exception <a 'java/io/IOException'{0x00000006e3c0c5d8}> (0x00000006e3c0c5d8) 
thrown [s\open\src\hotspot\share\prims\jni.cpp, line 519]
Event: 455.093 Thread 0x000001e86c9eba60 Exception <a 'java/io/IOException'{0x00000006e3c0cc20}> (0x00000006e3c0cc20) 
thrown [s\open\src\hotspot\share\prims\jni.cpp, line 519]
Event: 455.103 Thread 0x000001e86c6dbfa0 Exception <a 'java/lang/InterruptedException'{0x00000006e3c2ea20}: sleep interrupted> (0x00000006e3c2ea20) 
thrown [s\open\src\hotspot\share\prims\jvm.cpp, line 3086]
Event: 455.220 Thread 0x000001e86c9e5020 Exception <a 'sun/nio/fs/WindowsException'{0x00000006eecb49f0}> (0x00000006eecb49f0) 
thrown [s\open\src\hotspot\share\prims\jni.cpp, line 519]
Event: 455.787 Thread 0x000001e86c9e5020 Exception <a 'java/lang/NoClassDefFoundError'{0x00000006e4faec58}: jakarta/validation/ValidationException> (0x00000006e4faec58) 
thrown [s\open\src\hotspot\share\classfile\systemDictionary.cpp, line 294]
Event: 455.792 Thread 0x000001e86c9e5020 Exception <a 'java/lang/NoClassDefFoundError'{0x00000006e4fcbb78}: liquibase/exception/ChangeLogParseException> (0x00000006e4fcbb78) 
thrown [s\open\src\hotspot\share\classfile\systemDictionary.cpp, line 294]
Event: 458.282 Thread 0x000001e86c9eb510 Exception <a 'sun/nio/fs/WindowsException'{0x00000006e4908bb0}> (0x00000006e4908bb0) 
thrown [s\open\src\hotspot\share\prims\jni.cpp, line 519]
Event: 458.817 Thread 0x000001e86c9eb510 Exception <a 'java/lang/NoClassDefFoundError'{0x00000006eee8b160}: org/flywaydb/core/Flyway> (0x00000006eee8b160) 
thrown [s\open\src\hotspot\share\oops\constantPool.cpp, line 848]
Event: 458.817 Thread 0x000001e86c9eb510 Exception <a 'java/lang/NoClassDefFoundError'{0x00000006eee8b7c0}: liquibase/integration/spring/SpringLiquibase> (0x00000006eee8b7c0) 
thrown [s\open\src\hotspot\share\oops\constantPool.cpp, line 848]
Event: 458.823 Thread 0x000001e86c9eb510 Exception <a 'java/lang/NoClassDefFoundError'{0x00000006eeedf610}: org/jooq/DSLContext> (0x00000006eeedf610) 
thrown [s\open\src\hotspot\share\oops\constantPool.cpp, line 848]
Event: 458.824 Thread 0x000001e86c9eb510 Exception <a 'java/lang/NoClassDefFoundError'{0x00000006eeee8030}: org/springframework/batch/core/repository/JobRepository> (0x00000006eeee8030) 
thrown [s\open\src\hotspot\share\oops\constantPool.cpp, line 848]
Event: 458.824 Thread 0x000001e86c9eb510 Exception <a 'java/lang/NoClassDefFoundError'{0x00000006eeee8688}: org/quartz/Scheduler> (0x00000006eeee8688) 
thrown [s\open\src\hotspot\share\oops\constantPool.cpp, line 848]
Event: 458.824 Thread 0x000001e86c9eb510 Exception <a 'java/lang/NoClassDefFoundError'{0x00000006eeee8d08}: org/springframework/session/jdbc/JdbcIndexedSessionRepository> (0x00000006eeee8d08) 
thrown [s\open\src\hotspot\share\oops\constantPool.cpp, line 848]
Event: 459.004 Thread 0x000001e86c9eb510 Exception <a 'java/io/FileNotFoundException'{0x00000006e54c4000}> (0x00000006e54c4000) 
thrown [s\open\src\hotspot\share\prims\jni.cpp, line 519]
Event: 459.035 Thread 0x000001e86c9eb510 Exception <a 'java/io/FileNotFoundException'{0x00000006e564c2d0}> (0x00000006e564c2d0) 
thrown [s\open\src\hotspot\share\prims\jni.cpp, line 519]

VM Operations (20 events):
Event: 183.000 Executing VM operation: Cleanup
Event: 183.000 Executing VM operation: Cleanup done
Event: 205.125 Executing VM operation: Cleanup
Event: 205.125 Executing VM operation: Cleanup done
Event: 207.141 Executing VM operation: Cleanup
Event: 207.141 Executing VM operation: Cleanup done
Event: 208.153 Executing VM operation: Cleanup
Event: 208.153 Executing VM operation: Cleanup done
Event: 215.160 Executing VM operation: Cleanup
Event: 215.160 Executing VM operation: Cleanup done
Event: 265.454 Executing VM operation: Cleanup
Event: 265.454 Executing VM operation: Cleanup done
Event: 455.104 Executing VM operation: G1CollectFull
Event: 455.197 Executing VM operation: G1CollectFull done
Event: 455.726 Executing VM operation: ICBufferFull
Event: 455.727 Executing VM operation: ICBufferFull done
Event: 456.729 Executing VM operation: Cleanup
Event: 456.729 Executing VM operation: Cleanup done
Event: 458.724 Executing VM operation: G1CollectForAllocation
Event: 458.729 Executing VM operation: G1CollectForAllocation done

Events (20 events):
Event: 455.153 Thread 0x000001e867174aa0 flushing nmethod 0x000001e85753b990
Event: 455.153 Thread 0x000001e867174aa0 flushing nmethod 0x000001e85751c890
Event: 455.200 Thread 0x000001e86c9e8540 Thread added: 0x000001e86c9e8540
Event: 455.200 Thread 0x000001e86c6dd4e0 Thread exited: 0x000001e86c6dd4e0
Event: 455.200 Thread 0x000001e86c6dba50 Thread exited: 0x000001e86c6dba50
Event: 455.200 Thread 0x000001e86c9e8540 Thread exited: 0x000001e86c9e8540
Event: 455.201 Thread 0x000001e86c9e5020 Thread added: 0x000001e86c9e5020
Event: 455.341 Thread 0x000001e86c9eb510 Thread added: 0x000001e86c9eb510
Event: 455.372 Thread 0x000001e86c9eb510 Thread exited: 0x000001e86c9eb510
Event: 455.820 Thread 0x000001e86c9e5020 Thread exited: 0x000001e86c9e5020
Event: 455.821 Thread 0x000001e86c9e7550 Thread added: 0x000001e86c9e7550
Event: 458.274 Thread 0x000001e86c9eb510 Thread added: 0x000001e86c9eb510
Event: 458.277 Thread 0x000001e86efd2050 Thread exited: 0x000001e86efd2050
Event: 458.297 Thread 0x000001e86e96b040 Thread added: 0x000001e86e96b040
Event: 458.361 Thread 0x000001e86c9eba60 Thread added: 0x000001e86c9eba60
Event: 458.384 Thread 0x000001e86c9eba60 Thread exited: 0x000001e86c9eba60
Event: 459.036 Thread 0x000001e86c9ebfb0 Thread added: 0x000001e86c9ebfb0
Event: 459.037 Thread 0x000001e86c9e8fe0 Thread added: 0x000001e86c9e8fe0
Event: 459.037 Thread 0x000001e86c9e7aa0 Thread added: 0x000001e86c9e7aa0
Event: 459.166 Thread 0x000001e86c9e7ff0 Thread added: 0x000001e86c9e7ff0


Dynamic libraries:
0x00007ff712ea0000 - 0x00007ff712eae000 	C:\Users\a4268\.jdks\openjdk-20.0.2\bin\java.exe
0x00007ffd6c150000 - 0x00007ffd6c367000 	C:\Windows\SYSTEM32\ntdll.dll
0x00007ffd69f60000 - 0x00007ffd6a024000 	C:\Windows\System32\KERNEL32.DLL
0x00007ffd69830000 - 0x00007ffd69bd6000 	C:\Windows\System32\KERNELBASE.dll
0x00007ffd69d00000 - 0x00007ffd69e11000 	C:\Windows\System32\ucrtbase.dll
0x00007ffd61dc0000 - 0x00007ffd61dd7000 	C:\Users\a4268\.jdks\openjdk-20.0.2\bin\jli.dll
0x00007ffd58330000 - 0x00007ffd5834b000 	C:\Users\a4268\.jdks\openjdk-20.0.2\bin\VCRUNTIME140.dll
0x00007ffd6bb70000 - 0x00007ffd6bd1e000 	C:\Windows\System32\USER32.dll
0x00007ffd694c0000 - 0x00007ffd694e6000 	C:\Windows\System32\win32u.dll
0x00007ffd69f20000 - 0x00007ffd69f49000 	C:\Windows\System32\GDI32.dll
0x00007ffd53230000 - 0x00007ffd534c3000 	C:\Windows\WinSxS\amd64_microsoft.windows.common-controls_6595b64144ccf1df_6.0.22621.2506_none_270c5ae97388e100\COMCTL32.dll
0x00007ffd69be0000 - 0x00007ffd69cf8000 	C:\Windows\System32\gdi32full.dll
0x00007ffd6bac0000 - 0x00007ffd6bb67000 	C:\Windows\System32\msvcrt.dll
0x00007ffd69790000 - 0x00007ffd6982a000 	C:\Windows\System32\msvcp_win.dll
0x00007ffd6a930000 - 0x00007ffd6a961000 	C:\Windows\System32\IMM32.DLL
0x00007ffd64bd0000 - 0x00007ffd64bdc000 	C:\Users\a4268\.jdks\openjdk-20.0.2\bin\vcruntime140_1.dll
0x00007ffd15780000 - 0x00007ffd1580e000 	C:\Users\a4268\.jdks\openjdk-20.0.2\bin\msvcp140.dll
0x00007ffd14ae0000 - 0x00007ffd15778000 	C:\Users\a4268\.jdks\openjdk-20.0.2\bin\server\jvm.dll
0x00007ffd6a3c0000 - 0x00007ffd6a471000 	C:\Windows\System32\ADVAPI32.dll
0x00007ffd6a820000 - 0x00007ffd6a8c5000 	C:\Windows\System32\sechost.dll
0x00007ffd6adf0000 - 0x00007ffd6af07000 	C:\Windows\System32\RPCRT4.dll
0x00007ffd61490000 - 0x00007ffd614c4000 	C:\Windows\SYSTEM32\WINMM.dll
0x00007ffd62120000 - 0x00007ffd6212a000 	C:\Windows\SYSTEM32\VERSION.dll
0x00007ffd666f0000 - 0x00007ffd666f9000 	C:\Windows\SYSTEM32\WSOCK32.dll
0x00007ffd69ea0000 - 0x00007ffd69f11000 	C:\Windows\System32\WS2_32.dll
0x00007ffd684c0000 - 0x00007ffd684d8000 	C:\Windows\SYSTEM32\kernel.appcore.dll
0x00007ffd61e20000 - 0x00007ffd61e2a000 	C:\Users\a4268\.jdks\openjdk-20.0.2\bin\jimage.dll
0x00007ffd5f8c0000 - 0x00007ffd5faf3000 	C:\Windows\SYSTEM32\DBGHELP.DLL
0x00007ffd6a480000 - 0x00007ffd6a809000 	C:\Windows\System32\combase.dll
0x00007ffd6b9e0000 - 0x00007ffd6bab7000 	C:\Windows\System32\OLEAUT32.dll
0x00007ffd51d80000 - 0x00007ffd51db2000 	C:\Windows\SYSTEM32\dbgcore.DLL
0x00007ffd69e20000 - 0x00007ffd69e9a000 	C:\Windows\System32\bcryptPrimitives.dll
0x00007ffd64c00000 - 0x00007ffd64c0e000 	C:\Users\a4268\.jdks\openjdk-20.0.2\bin\instrument.dll
0x00007ffd3e3e0000 - 0x00007ffd3e406000 	C:\Users\a4268\.jdks\openjdk-20.0.2\bin\java.dll
0x00007ffd0e7a0000 - 0x00007ffd0e877000 	C:\Users\a4268\.jdks\openjdk-20.0.2\bin\jsvml.dll
0x00007ffd6b160000 - 0x00007ffd6b9ba000 	C:\Windows\System32\SHELL32.dll
0x00007ffd673e0000 - 0x00007ffd67cd6000 	C:\Windows\SYSTEM32\windows.storage.dll
0x00007ffd672a0000 - 0x00007ffd673de000 	C:\Windows\SYSTEM32\wintypes.dll
0x00007ffd6a120000 - 0x00007ffd6a213000 	C:\Windows\System32\SHCORE.dll
0x00007ffd6a0a0000 - 0x00007ffd6a0fe000 	C:\Windows\System32\shlwapi.dll
0x00007ffd693f0000 - 0x00007ffd69416000 	C:\Windows\SYSTEM32\profapi.dll
0x00007ffd3de80000 - 0x00007ffd3de98000 	C:\Users\a4268\.jdks\openjdk-20.0.2\bin\zip.dll
0x00007ffd3e6a0000 - 0x00007ffd3e6b3000 	C:\Users\a4268\.jdks\openjdk-20.0.2\bin\net.dll
0x00007ffd614d0000 - 0x00007ffd61607000 	C:\Windows\SYSTEM32\WINHTTP.dll
0x00007ffd68940000 - 0x00007ffd689a9000 	C:\Windows\system32\mswsock.dll
0x00007ffd3e310000 - 0x00007ffd3e326000 	C:\Users\a4268\.jdks\openjdk-20.0.2\bin\nio.dll
0x00007ffd64be0000 - 0x00007ffd64bfa000 	C:\Program Files\JetBrains\IntelliJ IDEA Community Edition 2023.3\bin\breakgen64.dll
0x00007ffd61d70000 - 0x00007ffd61d77000 	C:\Users\a4268\.jdks\openjdk-20.0.2\bin\extnet.dll
0x00007ffd639d0000 - 0x00007ffd639da000 	C:\Users\a4268\.jdks\openjdk-20.0.2\bin\management.dll
0x00007ffd639c0000 - 0x00007ffd639cb000 	C:\Users\a4268\.jdks\openjdk-20.0.2\bin\management_ext.dll
0x00007ffd69f50000 - 0x00007ffd69f58000 	C:\Windows\System32\PSAPI.DLL
0x00007ffd50540000 - 0x00007ffd5054e000 	C:\Users\a4268\.jdks\openjdk-20.0.2\bin\sunmscapi.dll
0x00007ffd69620000 - 0x00007ffd69786000 	C:\Windows\System32\CRYPT32.dll
0x00007ffd68d30000 - 0x00007ffd68d5d000 	C:\Windows\SYSTEM32\ncrypt.dll
0x00007ffd68cf0000 - 0x00007ffd68d27000 	C:\Windows\SYSTEM32\NTASN1.dll
0x00007ffd68b90000 - 0x00007ffd68bab000 	C:\Windows\SYSTEM32\CRYPTSP.dll
0x00007ffd68420000 - 0x00007ffd68455000 	C:\Windows\system32\rsaenh.dll
0x00007ffd68a30000 - 0x00007ffd68a5c000 	C:\Windows\SYSTEM32\USERENV.dll
0x00007ffd68d60000 - 0x00007ffd68d88000 	C:\Windows\SYSTEM32\bcrypt.dll
0x00007ffd68bb0000 - 0x00007ffd68bbc000 	C:\Windows\SYSTEM32\CRYPTBASE.dll
0x00007ffd67f80000 - 0x00007ffd67fad000 	C:\Windows\SYSTEM32\IPHLPAPI.DLL
0x00007ffd6a920000 - 0x00007ffd6a929000 	C:\Windows\System32\NSI.dll
0x00007ffd62940000 - 0x00007ffd62959000 	C:\Windows\SYSTEM32\dhcpcsvc6.DLL
0x00007ffd62130000 - 0x00007ffd6214f000 	C:\Windows\SYSTEM32\dhcpcsvc.DLL
0x00007ffd67fb0000 - 0x00007ffd680a9000 	C:\Windows\SYSTEM32\DNSAPI.dll
0x00007ffd5e7f0000 - 0x00007ffd5e800000 	C:\Users\a4268\.jdks\openjdk-20.0.2\bin\verify.dll
0x00007ffd5dcc0000 - 0x00007ffd5dcca000 	C:\Windows\System32\rasadhlp.dll
0x00007ffd5f470000 - 0x00007ffd5f4f3000 	C:\Windows\System32\fwpuclnt.dll
0x00007ffd16950000 - 0x00007ffd16958000 	C:\Windows\system32\wshunix.dll

dbghelp: loaded successfully - version: 4.0.5 - missing functions: none
symbol engine: initialized successfully - sym options: 0x614 - pdb path: .;C:\Users\a4268\.jdks\openjdk-20.0.2\bin;C:\Windows\SYSTEM32;C:\Windows\WinSxS\amd64_microsoft.windows.common-controls_6595b64144ccf1df_6.0.22621.2506_none_270c5ae97388e100;C:\Users\a4268\.jdks\openjdk-20.0.2\bin\server;C:\Program Files\JetBrains\IntelliJ IDEA Community Edition 2023.3\bin

VM Arguments:
jvm_args: -javaagent:C:\Program Files\JetBrains\IntelliJ IDEA Community Edition 2023.3\lib\idea_rt.jar=50967:C:\Program Files\JetBrains\IntelliJ IDEA Community Edition 2023.3\bin -Dfile.encoding=UTF-8 -Dsun.stdout.encoding=UTF-8 -Dsun.stderr.encoding=UTF-8 
java_command: com.shop.ShopApplication
java_class_path (initial): C:\shopping\E-commerce\shop\target\classes;C:\Users\a4268\.m2\repository\org\springframework\boot\spring-boot-starter-data-jpa\3.2.1\spring-boot-starter-data-jpa-3.2.1.jar;C:\Users\a4268\.m2\repository\org\springframework\boot\spring-boot-starter-aop\3.2.1\spring-boot-starter-aop-3.2.1.jar;C:\Users\a4268\.m2\repository\org\springframework\spring-aop\6.1.2\spring-aop-6.1.2.jar;C:\Users\a4268\.m2\repository\org\aspectj\aspectjweaver\1.9.21\aspectjweaver-1.9.21.jar;C:\Users\a4268\.m2\repository\org\springframework\boot\spring-boot-starter-jdbc\3.2.1\spring-boot-starter-jdbc-3.2.1.jar;C:\Users\a4268\.m2\repository\com\zaxxer\HikariCP\5.0.1\HikariCP-5.0.1.jar;C:\Users\a4268\.m2\repository\org\springframework\spring-jdbc\6.1.2\spring-jdbc-6.1.2.jar;C:\Users\a4268\.m2\repository\org\hibernate\orm\hibernate-core\6.4.1.Final\hibernate-core-6.4.1.Final.jar;C:\Users\a4268\.m2\repository\jakarta\persistence\jakarta.persistence-api\3.1.0\jakarta.persistence-api-3.1.0.jar;C:\Users\a4268\.m2\repository\jakarta\transaction\jakarta.transaction-api\2.0.1\jakarta.transaction-api-2.0.1.jar;C:\Users\a4268\.m2\repository\org\jboss\logging\jboss-logging\3.5.3.Final\jboss-logging-3.5.3.Final.jar;C:\Users\a4268\.m2\repository\org\hibernate\common\hibernate-commons-annotations\6.0.6.Final\hibernate-commons-annotations-6.0.6.Final.jar;C:\Users\a4268\.m2\repository\io\smallrye\jandex\3.1.2\jandex-3.1.2.jar;C:\Users\a4268\.m2\repository\com\fasterxml\classmate\1.6.0\classmate-1.6.0.jar;C:\Users\a4268\.m2\repository\net\bytebuddy\byte-buddy\1.14.10\byte-buddy-1.14.10.jar;C:\Users\a4268\.m2\repository\org\glassfish\jaxb\jaxb-runtime\4.0.4\jaxb-runtime-4.0.4.jar;C:\Users\a4268\.m2\repository\org\glassfish\jaxb\jaxb-core\4.0.4\jaxb-core-4.0.4.jar;C:\Users\a4268\.m2\repository\org\eclipse\angus\angus-activation\2.0.1\angus-activation-2.0.1.jar;C:\Users\a4268\.m2\repository\org\glassfish\jaxb\txw2\4.0.4\txw2-4.0.4.jar;C:\Users\a4268\.m2\repository\com\sun\istack\istack-commons-runtime\4.1.2\istack-commons-runtime-4.1.2.jar;C:\Users\a4268\.m2\repository\jakarta\inject\jakarta.inject-api\2.0.1\jakarta.inject-api-2.0.1.jar;C:\Users\a4268\.m2\repository\org\antlr\antlr4-runtime\4.13.0\antlr4-runtime-4.13.0.jar;C:\Users\a4268\.m2\repository\org\springframework\data\spring-data-jpa\3.2.1\spring-data-jpa-3.2.1.jar;C:\Users\a4268\.m2\repository\org\springframework\data\spring-data-commons\3.2.1\spring-data-commons-3.2.1.jar;C:\Users\a4268\.m2\repository\org\springframework\spring-orm\6.1.2\spring-orm-6.1.2.jar;C:\Users\a4268\.m2\repository\org\springframework\spring-context\6.1.2\spring-context-6.1.2.jar;C:\Users\a4268\.m2\repository\org\springframework\spring-tx\6.1.2\spring-tx-6.1.2.jar;C:\Users\a4268\.m2\repository\org\springframework\spring-beans\6.1.2\spring-beans-6.1.2.jar;C:\Users\a4268\.m2\repository\jakarta\annotation\jakarta.annotation-api\2.1.1\jakarta.annotation-api-2.1.1.jar;C:\Users\a4268\.m2\repository\org\slf4j\slf4j-api\2.0.9\slf4j-api-2.0.9.jar;C:\Users\a4268\.m2\repository\org\springframework\spring-aspects\6.1.2\spring-aspects-6.1.2.jar;C:\Users\a4268\.m2\repository\org\springframework\boot\spring-boot-starter-web\3.2.1\spring-boot-starter-web-3.2.1.jar;C:\Users\a4268\.m2\repository\org\springframework\boot\spring-boot-starter\3.2.1\spring-boot-starter-3.2.1.jar;C:\Users\a4268\.m2\repository\org\springframework\boot\spring-boot-starter-logging\3.2.1\spring-boot-starter-logging-3.2.1.jar;C:\Users\a4268\.m2\repository\ch\qos\logback\logback-classic\1.4.14\logback-classic-1.4.14.jar;C:\Users\a4268\.m2\repository\ch\qos\logback\logback-core\1.4.14\logback-core-1.4.14.jar;C:\Users\a4268\.m2\repository\org\apache\logging\log4j\log4j-to-slf4j\2.21.1\log4j-to-slf4j-2.21.1.jar;C:\Users\a4268\.m2\repository\org\apache\logging\log4j\log4j-api\2.21.1\log4j-api-2.21.1.jar;C:\Users\a4268\.m2\repository\org\slf4j\jul-to-slf4j\2.0.9\jul-to-slf4j-2.0.9.jar;C:\Users\a4268\.m2\repository\org\yaml\snakeyaml\2.2\snakeyaml-2.2.jar;C:\Users\a4268\.m2\repository\org\springframework\boot\spring-boot-starter-json\3.2.1\spring-boot-starter-json-3.2.1.jar;C:\Users\a4268\.m2\repository\com\fasterxml\jackson\core\jackson-databind\2.15.3\jackson-databind-2.15.3.jar;C:\Users\a4268\.m2\repository\com\fasterxml\jackson\core\jackson-annotations\2.15.3\jackson-annotations-2.15.3.jar;C:\Users\a4268\.m2\repository\com\fasterxml\jackson\core\jackson-core\2.15.3\jackson-core-2.15.3.jar;C:\Users\a4268\.m2\repository\com\fasterxml\jackson\datatype\jackson-datatype-jdk8\2.15.3\jackson-datatype-jdk8-2.15.3.jar;C:\Users\a4268\.m2\repository\com\fasterxml\jackson\datatype\jackson-datatype-jsr310\2.15.3\jackson-datatype-jsr310-2.15.3.jar;C:\Users\a4268\.m2\repository\com\fasterxml\jackson\module\jackson-module-parameter-names\2.15.3\jackson-module-parameter-names-2.15.3.jar;C:\Users\a4268\.m2\repository\org\springframework\boot\spring-boot-starter-tomcat\3.2.1\spring-boot-starter-tomcat-3.2.1.jar;C:\Users\a4268\.m2\repository\org\apache\tomcat\embed\tomcat-embed-core\10.1.17\tomcat-embed-core-10.1.17.jar;C:\Users\a4268\.m2\repository\org\apache\tomcat\embed\tomcat-embed-el\10.1.17\tomcat-embed-el-10.1.17.jar;C:\Users\a4268\.m2\repository\org\apache\tomcat\embed\tomcat-embed-websocket\10.1.17\tomcat-embed-websocket-10.1.17.jar;C:\Users\a4268\.m2\repository\org\springframework\spring-web\6.1.2\spring-web-6.1.2.jar;C:\Users\a4268\.m2\repository\io\micrometer\micrometer-observation\1.12.1\micrometer-observation-1.12.1.jar;C:\Users\a4268\.m2\repository\io\micrometer\micrometer-commons\1.12.1\micrometer-commons-1.12.1.jar;C:\Users\a4268\.m2\repository\org\springframework\spring-webmvc\6.1.2\spring-webmvc-6.1.2.jar;C:\Users\a4268\.m2\repository\org\springframework\spring-expression\6.1.2\spring-expression-6.1.2.jar;C:\Users\a4268\.m2\repository\org\springframework\boot\spring-boot-devtools\3.2.1\spring-boot-devtools-3.2.1.jar;C:\Users\a4268\.m2\repository\org\springframework\boot\spring-boot\3.2.1\spring-boot-3.2.1.jar;C:\Users\a4268\.m2\repository\org\springframework\boot\spring-boot-autoconfigure\3.2.1\spring-boot-autoconfigure-3.2.1.jar;C:\Users\a4268\.m2\repository\com\mysql\mysql-connector-j\8.1.0\mysql-connector-j-8.1.0.jar;C:\Users\a4268\.m2\repository\org\projectlombok\lombok\1.18.30\lombok-1.18.30.jar;C:\Users\a4268\.m2\repository\jakarta\xml\bind\jakarta.xml.bind-api\4.0.1\jakarta.xml.bind-api-4.0.1.jar;C:\Users\a4268\.m2\repository\jakarta\activation\jakarta.activation-api\2.1.2\jakarta.activation-api-2.1.2.jar;C:\Users\a4268\.m2\repository\org\springframework\spring-core\6.1.2\spring-core-6.1.2.jar;C:\Users\a4268\.m2\repository\org\springframework\spring-jcl\6.1.2\spring-jcl-6.1.2.jar
Launcher Type: SUN_STANDARD

[Global flags]
     intx CICompilerCount                          = 3                                         {product} {ergonomic}
     uint ConcGCThreads                            = 1                                         {product} {ergonomic}
     uint G1ConcRefinementThreads                  = 4                                         {product} {ergonomic}
   size_t G1HeapRegionSize                         = 4194304                                   {product} {ergonomic}
    uintx GCDrainStackTargetSize                   = 64                                        {product} {ergonomic}
   size_t InitialHeapSize                          = 301989888                                 {product} {ergonomic}
   size_t MarkStackSize                            = 4194304                                   {product} {ergonomic}
   size_t MaxHeapSize                              = 4815060992                                {product} {ergonomic}
   size_t MaxNewSize                               = 2885681152                                {product} {ergonomic}
   size_t MinHeapDeltaBytes                        = 4194304                                   {product} {ergonomic}
   size_t MinHeapSize                              = 8388608                                   {product} {ergonomic}
    uintx NonNMethodCodeHeapSize                   = 5832780                                {pd product} {ergonomic}
    uintx NonProfiledCodeHeapSize                  = 122912730                              {pd product} {ergonomic}
    uintx ProfiledCodeHeapSize                     = 122912730                              {pd product} {ergonomic}
    uintx ReservedCodeCacheSize                    = 251658240                              {pd product} {ergonomic}
     bool SegmentedCodeCache                       = true                                      {product} {ergonomic}
   size_t SoftMaxHeapSize                          = 4815060992                             {manageable} {ergonomic}
     bool UseCompressedClassPointers               = true                           {product lp64_product} {ergonomic}
     bool UseCompressedOops                        = true                           {product lp64_product} {ergonomic}
     bool UseG1GC                                  = true                                      {product} {ergonomic}
     bool UseLargePagesIndividualAllocation        = false                                  {pd product} {ergonomic}

Logging:
Log output configuration:
 #0: stdout all=warning uptime,level,tags foldmultilines=false
 #1: stderr all=off uptime,level,tags foldmultilines=false

Environment Variables:
PATH=C:\Windows\system32;C:\Windows;C:\Windows\System32\Wbem;C:\Windows\System32\WindowsPowerShell\v1.0\;C:\Windows\System32\OpenSSH\;C:\Program Files\Microsoft SQL Server\150\Tools\Binn\;C:\Program Files\Microsoft SQL Server\Client SDK\ODBC\170\Tools\Binn\;C:\Program Files\dotnet\;C:\Program Files\Git\cmd;C:\Users\a4268\AppData\Local\Microsoft\WindowsApps;C:\Program Files\JetBrains\IntelliJ IDEA Community Edition 2023.3\bin;;C:\Users\a4268\.dotnet\tools;C:\Users\a4268\AppData\Local\GitHubDesktop\bin;C:\Program Files\JetBrains\IntelliJ IDEA 2023.3\bin;
USERNAME=a4268
OS=Windows_NT
PROCESSOR_IDENTIFIER=AMD64 Family 23 Model 24 Stepping 1, AuthenticAMD
TMP=C:\Users\a4268\AppData\Local\Temp
TEMP=C:\Users\a4268\AppData\Local\Temp




---------------  S Y S T E M  ---------------

OS:
 Windows 11 , 64 bit Build 22621 (10.0.22621.2506)
OS uptime: 0 days 2:11 hours

CPU: total 4 (initial active 4) (4 cores per cpu, 2 threads per core) family 23 model 24 stepping 1 microcode 0x0, cx8, cmov, fxsr, ht, mmx, 3dnowpref, sse, sse2, sse3, ssse3, sse4a, sse4.1, sse4.2, popcnt, lzcnt, tsc, tscinvbit, avx, avx2, aes, clmul, bmi1, bmi2, adx, sha, fma, vzeroupper, clflush, clflushopt, rdtscp, f16c

Memory: 4k page, system-wide physical 18354M (10224M free)
TotalPageFile size 19506M (AvailPageFile size 8590M)
current process WorkingSet (physical memory assigned to process): 273M, peak: 285M
current process commit charge ("private bytes"): 300M, peak: 430M

vm_info: OpenJDK 64-Bit Server VM (20.0.2+9-78) for windows-amd64 JRE (20.0.2+9-78), built on 2023-06-14T10:08:48Z by "mach5one" with MS VC++ 17.1 (VS2022)

END.
