#
# A fatal error has been detected by the Java Runtime Environment:
#
#  EXCEPTION_ACCESS_VIOLATION (0xc0000005) at pc=0x00007ffd14e3e419, pid=9676, tid=1724
#
# JRE version: OpenJDK Runtime Environment (20.0.2+9) (build 20.0.2+9-78)
# Java VM: OpenJDK 64-Bit Server VM (20.0.2+9-78, mixed mode, sharing, tiered, compressed oops, compressed class ptrs, g1 gc, windows-amd64)
# Problematic frame:
# V  [jvm.dll+0x35e419]
#
# No core dump will be written. Minidumps are not enabled by default on client versions of Windows
#
# If you would like to submit a bug report, please visit:
#   https://bugreport.java.com/bugreport/crash.jsp
#

---------------  S U M M A R Y ------------

Command Line: -javaagent:C:\Program Files\JetBrains\IntelliJ IDEA Community Edition 2023.3\lib\idea_rt.jar=51142:C:\Program Files\JetBrains\IntelliJ IDEA Community Edition 2023.3\bin -Dfile.encoding=UTF-8 -Dsun.stdout.encoding=UTF-8 -Dsun.stderr.encoding=UTF-8 com.shop.ShopApplication

Host: AMD Athlon 3000G with Radeon Vega Graphics     , 4 cores, 17G,  Windows 11 , 64 bit Build 22621 (10.0.22621.2506)
Time: Fri Jan  5 11:58:02 2024 Hora oficial do Brasil elapsed time: 648.891147 seconds (0d 0h 10m 48s)

---------------  T H R E A D  ---------------

Current thread (0x0000022c8c72d640):  WorkerThread "GC Thread#1" [stack: 0x00000056dd400000,0x00000056dd500000] [id=1724]

Stack: [0x00000056dd400000,0x00000056dd500000],  sp=0x00000056dd4ff450,  free space=1021k
Native frames: (J=compiled Java code, j=interpreted, Vv=VM code, C=native code)
V  [jvm.dll+0x35e419]
V  [jvm.dll+0x35aace]
V  [jvm.dll+0x368531]
V  [jvm.dll+0x36a10b]
V  [jvm.dll+0x3688ca]
V  [jvm.dll+0x369cbb]
V  [jvm.dll+0x374263]
V  [jvm.dll+0x3743ab]
V  [jvm.dll+0x876b17]
V  [jvm.dll+0x7f5c76]
V  [jvm.dll+0x6baecb]
C  [ucrtbase.dll+0x29363]
C  [KERNEL32.DLL+0x1257d]
C  [ntdll.dll+0x5aa58]


siginfo: EXCEPTION_ACCESS_VIOLATION (0xc0000005), reading address 0x0000000000000010


Registers:
RAX=0x0000000000000000, RBX=0x0000022c905d71e0, RCX=0x0000000000000016, RDX=0x0000000000000000
RSP=0x00000056dd4ff450, RBP=0x0000000000000dc7, RSI=0x0000022c275a7ec0, RDI=0x00000006e26b6ac0
R8 =0x00000006e33a1730, R9 =0x00007ffd14ae0000, R10=0x0000000000000010, R11=0xfffffffff623702f
R12=0x0000000000000040, R13=0x0000022c275a5600, R14=0x0000000000000040, R15=0x0000000000000000
RIP=0x00007ffd14e3e419, EFLAGS=0x0000000000010246


Register to memory mapping:

RIP=0x00007ffd14e3e419 jvm.dll
RAX=0x0 is NULL
RBX=0x0000022c905d71e0 points into unknown readable memory: 0x00007ffd15466a90 | 90 6a 46 15 fd 7f 00 00
RCX=0x0000000000000016 is an unknown value
RDX=0x0 is NULL
RSP=0x00000056dd4ff450 points into unknown readable memory: 0x0000022c905d0000 | 00 00 5d 90 2c 02 00 00
RBP=0x0000000000000dc7 is an unknown value
RSI=0x0000022c275a7ec0 points into unknown readable memory: 0x0000000000000000 | 00 00 00 00 00 00 00 00
RDI=0x00000006e26b6ac0 is pointing into object: [Ljava.util.concurrent.ConcurrentHashMap$Node; 
{0x00000006e26ae158} - klass: 'java/util/concurrent/ConcurrentHashMap$Node'[]
 - length: 16384
R8 =0x00000006e33a1730 is an oop: java.lang.Object 
{0x00000006e33a1730} - klass: 'java/lang/Object'
 - ---- fields (total size 2 words):
R9 =0x00007ffd14ae0000 jvm.dll
R10=0x0000000000000010 is an unknown value
R11=0xfffffffff623702f is an unknown value
R12=0x0000000000000040 is an unknown value
R13=0x0000022c275a5600 points into unknown readable memory: 0x000000000000047c | 7c 04 00 00 00 00 00 00
R14=0x0000000000000040 is an unknown value
R15=0x0 is NULL


Top of Stack: (sp=0x00000056dd4ff450)
0x00000056dd4ff450:   0000022c905d0000 0000022c275a0001
0x00000056dd4ff460:   0000000600000000 0000000000000010
0x00000056dd4ff470:   00000006e26b0000 0000022c3ef4b5c0
0x00000056dd4ff480:   00000006e26b8000 00000056dd4ff6a0
0x00000056dd4ff490:   000000000000b580 00007ffd14e3aace
0x00000056dd4ff4a0:   0000022c2761ad20 0000022c905d71e0
0x00000056dd4ff4b0:   00000006e26b0000 0000000000001000
0x00000056dd4ff4c0:   0000000182c404fe 0000000000000000
0x00000056dd4ff4d0:   0000000000000040 0000000000001000
0x00000056dd4ff4e0:   0000022c2761ad20 00007ffd14e48531
0x00000056dd4ff4f0:   0000022c3ef4b5c0 0000022c2761ad20
0x00000056dd4ff500:   000000000000b580 0000000000000000
0x00000056dd4ff510:   00000006e26b0000 0000000000001000
0x00000056dd4ff520:   00007ffd15467e80 0000000000000000
0x00000056dd4ff530:   0000022c2759e5e0 0000022c905d71e0
0x00000056dd4ff540:   00000056dd4ff6f8 00007ffd1519579f
0x00000056dd4ff550:   00000056dd4ff6a0 0000000000000040
0x00000056dd4ff560:   0000000000000040 00007ffd14e4a10b
0x00000056dd4ff570:   00000056dc6fe850 00007ffd152e0cc7
0x00000056dd4ff580:   0000022c3ef4b580 0000022c3ef4b5c1
0x00000056dd4ff590:   0000022c46e05ad0 00000000000003d8
0x00000056dd4ff5a0:   0000022c46e05ae0 0000022c46e05eb8
0x00000056dd4ff5b0:   00000056dd4ff700 0000000000000002
0x00000056dd4ff5c0:   0000000000000003 0000022c27594d10
0x00000056dd4ff5d0:   000000000000000f 0000022c2761ad20
0x00000056dd4ff5e0:   0000022c275a5600 00000056dd4ff739
0x00000056dd4ff5f0:   00000056dd4ff6a0 00007ffd14e488ca
0x00000056dd4ff600:   0000005600000005 0000022c8c66ea00
0x00000056dd4ff610:   000000000000b580 0000000000000005
0x00000056dd4ff620:   0000022c905d71e0 0000000182c3ec50
0x00000056dd4ff630:   0000000000000000 00000056dd4ff700
0x00000056dd4ff640:   00000056dd4ff710 0000022c8c72c200 

Instructions: (pc=0x00007ffd14e3e419)
0x00007ffd14e3e319:   fd ff ff 48 8d 57 fe 48 8b cb e8 88 f3 ff ff e9
0x00007ffd14e3e329:   d3 fd ff ff 0f 1f 00 48 8b 73 10 8b ae 80 00 00
0x00007ffd14e3e339:   00 8b cd 8b 86 00 01 00 00 2b c8 81 e1 ff ff 01
0x00007ffd14e3e349:   00 41 3b ce 0f 86 4b 02 00 00 ff cd 81 e5 ff ff
0x00007ffd14e3e359:   01 00 89 ae 80 00 00 00 e8 1a f4 34 00 90 8b d5
0x00007ffd14e3e369:   48 8b 86 80 01 00 00 8b cd 48 8b 3c e8 8b 86 00
0x00007ffd14e3e379:   01 00 00 2b c8 81 e1 ff ff 01 00 81 f9 ff ff 01
0x00007ffd14e3e389:   00 41 0f 44 cf 85 c9 75 3d 90 89 6c 24 50 48 8b
0x00007ffd14e3e399:   86 00 01 00 00 48 8b c8 48 c1 e9 20 ff c1 89 4c
0x00007ffd14e3e3a9:   24 54 3b e8 0f 85 d9 01 00 00 48 c1 e1 20 48 0b
0x00007ffd14e3e3b9:   ca f0 48 0f b1 8e 00 01 00 00 0f 85 c3 01 00 00
0x00007ffd14e3e3c9:   8b 86 00 01 00 00 40 f6 c7 01 0f 84 a7 00 00 00
0x00007ffd14e3e3d9:   8b 0d f9 5b 7e 00 48 ff cf 48 8b 43 08 44 8b 17
0x00007ffd14e3e3e9:   49 d3 e2 8b 88 d0 05 00 00 48 8b 80 c0 05 00 00
0x00007ffd14e3e3f9:   4c 03 15 d0 5b 7e 00 49 8b d2 48 d3 ea 0f b7 14
0x00007ffd14e3e409:   50 0f b7 c2 66 c1 e8 08 84 c0 0f 88 17 ff ff ff
0x00007ffd14e3e419:   4d 8b 02 41 0f b6 c0 24 03 3c 03 75 06 49 83 e0
0x00007ffd14e3e429:   fc eb 11 4d 8b c8 48 8b cb 4d 8b c2 e8 46 ed ff
0x00007ffd14e3e439:   ff 4c 8b c0 8b 0d 95 5b 7e 00 49 8b d0 48 2b 15
0x00007ffd14e3e449:   83 5b 7e 00 48 d3 ea 89 17 49 8b d0 8b 0d b5 3d
0x00007ffd14e3e459:   85 00 48 33 d7 48 d3 ea 48 85 d2 0f 84 c6 fe ff
0x00007ffd14e3e469:   ff 48 8b 43 08 8b 88 d0 05 00 00 4c 8b 88 c0 05
0x00007ffd14e3e479:   00 00 e9 87 00 00 00 40 f6 c7 03 0f 85 f1 00 00
0x00007ffd14e3e489:   00 48 8b 43 08 4c 8b 17 49 8b d2 8b 88 d0 05 00
0x00007ffd14e3e499:   00 48 8b 80 c0 05 00 00 48 d3 ea 0f b7 14 50 0f
0x00007ffd14e3e4a9:   b7 c2 66 c1 e8 08 84 c0 0f 88 79 fe ff ff 4d 8b
0x00007ffd14e3e4b9:   02 41 0f b6 c0 24 03 3c 03 75 06 49 83 e0 fc eb
0x00007ffd14e3e4c9:   11 4d 8b c8 48 8b cb 4d 8b c2 e8 a8 ec ff ff 4c
0x00007ffd14e3e4d9:   8b c0 49 8b d0 4c 89 07 8b 0d 29 3d 85 00 48 33
0x00007ffd14e3e4e9:   d7 48 d3 ea 48 85 d2 0f 84 3a fe ff ff 48 8b 53
0x00007ffd14e3e4f9:   08 8b 8a d0 05 00 00 4c 8b 8a c0 05 00 00 48 8b
0x00007ffd14e3e509:   c7 48 d3 e8 41 0f b7 14 41 66 c1 ea 08 80 fa fe 


Stack slot to memory mapping:
stack at sp + 0 slots: 0x0000022c905d0000 points into unknown readable memory: 0x0000022c687119e7 | e7 19 71 68 2c 02 00 00
stack at sp + 1 slots: 0x0000022c275a0001 points into unknown readable memory: 00 00 00 00 00 00 00
stack at sp + 2 slots: 0x0000000600000000 is an unknown value
stack at sp + 3 slots: 0x0000000000000010 is an unknown value
stack at sp + 4 slots: 0x00000006e26b0000 is pointing into object: [Ljava.util.concurrent.ConcurrentHashMap$Node; 
{0x00000006e26ae158} - klass: 'java/util/concurrent/ConcurrentHashMap$Node'[]
 - length: 16384
stack at sp + 5 slots: 0x0000022c3ef4b5c0 points into unknown readable memory: 0xffffffffffffffff | ff ff ff ff ff ff ff ff
stack at sp + 6 slots: 0x00000006e26b8000 is pointing into object: [Ljava.util.concurrent.ConcurrentHashMap$Node; 
{0x00000006e26ae158} - klass: 'java/util/concurrent/ConcurrentHashMap$Node'[]
 - length: 16384
stack at sp + 7 slots: 0x00000056dd4ff6a0 points into unknown readable memory: 0x00007ffd15468018 | 18 80 46 15 fd 7f 00 00


---------------  P R O C E S S  ---------------

Threads class SMR info:
_java_thread_list=0x0000022c8f5e15c0, length=32, elements={
0x0000022c46db4dd0, 0x0000022c46db5d70, 0x0000022c46db71d0, 0x0000022c46dbf100,
0x0000022c46dbfbe0, 0x0000022c46dc9a70, 0x0000022c46dd8170, 0x0000022c46dcb6f0,
0x0000022c8c0621a0, 0x0000022c8c539160, 0x0000022c8c53a4b0, 0x0000022c8d2495b0,
0x0000022c8d249b00, 0x0000022c8d24a050, 0x0000022c8d24a5a0, 0x0000022c8d249060,
0x0000022c91626520, 0x0000022c91620ad0, 0x0000022c91625530, 0x0000022c91625a80,
0x0000022c91623550, 0x0000022c91625fd0, 0x0000022c91621020, 0x0000022c91627a60,
0x0000022c91626a70, 0x0000022c91620030, 0x0000022c91621570, 0x0000022c91623aa0,
0x0000022c91620580, 0x0000022c91623ff0, 0x0000022c91624a90, 0x0000022c8f325cd0
}

Java Threads: ( => current thread )
  0x0000022c46db4dd0 JavaThread "Reference Handler" daemon [_thread_blocked, id=10356, stack(0x00000056dc700000,0x00000056dc800000)]
  0x0000022c46db5d70 JavaThread "Finalizer" daemon [_thread_blocked, id=11460, stack(0x00000056dc800000,0x00000056dc900000)]
  0x0000022c46db71d0 JavaThread "Signal Dispatcher" daemon [_thread_blocked, id=5668, stack(0x00000056dc900000,0x00000056dca00000)]
  0x0000022c46dbf100 JavaThread "Attach Listener" daemon [_thread_blocked, id=6872, stack(0x00000056dca00000,0x00000056dcb00000)]
  0x0000022c46dbfbe0 JavaThread "Service Thread" daemon [_thread_blocked, id=10816, stack(0x00000056dcb00000,0x00000056dcc00000)]
  0x0000022c46dc9a70 JavaThread "Monitor Deflation Thread" daemon [_thread_blocked, id=8280, stack(0x00000056dcc00000,0x00000056dcd00000)]
  0x0000022c46dd8170 JavaThread "C2 CompilerThread0" daemon [_thread_blocked, id=11516, stack(0x00000056dcd00000,0x00000056dce00000)]
  0x0000022c46dcb6f0 JavaThread "C1 CompilerThread0" daemon [_thread_blocked, id=11580, stack(0x00000056dce00000,0x00000056dcf00000)]
  0x0000022c8c0621a0 JavaThread "Common-Cleaner" daemon [_thread_blocked, id=11544, stack(0x00000056dcf00000,0x00000056dd000000)]
  0x0000022c8c539160 JavaThread "Monitor Ctrl-Break" daemon [_thread_in_native, id=5928, stack(0x00000056dd100000,0x00000056dd200000)]
  0x0000022c8c53a4b0 JavaThread "Notification Thread" daemon [_thread_blocked, id=2404, stack(0x00000056dd200000,0x00000056dd300000)]
  0x0000022c8d2495b0 JavaThread "Catalina-utility-1" [_thread_blocked, id=4828, stack(0x00000056dd800000,0x00000056dd900000)]
  0x0000022c8d249b00 JavaThread "Catalina-utility-2" [_thread_blocked, id=11708, stack(0x00000056dda00000,0x00000056ddb00000)]
  0x0000022c8d24a050 JavaThread "container-0" [_thread_blocked, id=5008, stack(0x00000056ddb00000,0x00000056ddc00000)]
  0x0000022c8d24a5a0 JavaThread "mysql-cj-abandoned-connection-cleanup" daemon [_thread_blocked, id=10968, stack(0x00000056ddc00000,0x00000056ddd00000)]
  0x0000022c8d249060 JavaThread "HikariPool-1 housekeeper" daemon [_thread_blocked, id=11656, stack(0x00000056dde00000,0x00000056ddf00000)]
  0x0000022c91626520 JavaThread "File Watcher" daemon [_thread_blocked, id=7204, stack(0x00000056de000000,0x00000056de100000)]
  0x0000022c91620ad0 JavaThread "Live Reload Server" daemon [_thread_in_native, id=5880, stack(0x00000056de200000,0x00000056de300000)]
  0x0000022c91625530 JavaThread "http-nio-8080-exec-1" daemon [_thread_blocked, id=9024, stack(0x00000056de100000,0x00000056de200000)]
  0x0000022c91625a80 JavaThread "http-nio-8080-exec-2" daemon [_thread_blocked, id=12204, stack(0x00000056de300000,0x00000056de400000)]
  0x0000022c91623550 JavaThread "http-nio-8080-exec-3" daemon [_thread_blocked, id=10876, stack(0x00000056de400000,0x00000056de500000)]
  0x0000022c91625fd0 JavaThread "http-nio-8080-exec-4" daemon [_thread_blocked, id=11800, stack(0x00000056de500000,0x00000056de600000)]
  0x0000022c91621020 JavaThread "http-nio-8080-exec-5" daemon [_thread_blocked, id=12000, stack(0x00000056de600000,0x00000056de700000)]
  0x0000022c91627a60 JavaThread "http-nio-8080-exec-6" daemon [_thread_blocked, id=3696, stack(0x00000056de700000,0x00000056de800000)]
  0x0000022c91626a70 JavaThread "http-nio-8080-exec-7" daemon [_thread_blocked, id=12160, stack(0x00000056de800000,0x00000056de900000)]
  0x0000022c91620030 JavaThread "http-nio-8080-exec-8" daemon [_thread_blocked, id=11336, stack(0x00000056de900000,0x00000056dea00000)]
  0x0000022c91621570 JavaThread "http-nio-8080-exec-9" daemon [_thread_blocked, id=9648, stack(0x00000056dea00000,0x00000056deb00000)]
  0x0000022c91623aa0 JavaThread "http-nio-8080-exec-10" daemon [_thread_blocked, id=5756, stack(0x00000056deb00000,0x00000056dec00000)]
  0x0000022c91620580 JavaThread "http-nio-8080-Poller" daemon [_thread_in_native, id=1984, stack(0x00000056dec00000,0x00000056ded00000)]
  0x0000022c91623ff0 JavaThread "http-nio-8080-Acceptor" daemon [_thread_in_native, id=11536, stack(0x00000056ded00000,0x00000056dee00000)]
  0x0000022c91624a90 JavaThread "DestroyJavaVM" [_thread_blocked, id=9948, stack(0x00000056dc000000,0x00000056dc100000)]
  0x0000022c8f325cd0 JavaThread "C2 CompilerThread1" daemon [_thread_blocked, id=11524, stack(0x00000056dbe00000,0x00000056dbf00000)]

Other Threads:
  0x0000022c46d984f0 VMThread "VM Thread" [stack: 0x00000056dc600000,0x00000056dc700000] [id=8148]
  0x0000022c8c5396b0 WatcherThread "VM Periodic Task Thread" [stack: 0x00000056dd300000,0x00000056dd400000] [id=9564]
  0x0000022c275fa8a0 WorkerThread "GC Thread#0" [stack: 0x00000056dc100000,0x00000056dc200000] [id=9176]
=>0x0000022c8c72d640 WorkerThread "GC Thread#1" [stack: 0x00000056dd400000,0x00000056dd500000] [id=1724]
  0x0000022c8c72d910 WorkerThread "GC Thread#2" [stack: 0x00000056dd500000,0x00000056dd600000] [id=11724]
  0x0000022c8c7a4a60 WorkerThread "GC Thread#3" [stack: 0x00000056dd600000,0x00000056dd700000] [id=10628]
  0x0000022c2530e9e0 ConcurrentGCThread "G1 Main Marker" [stack: 0x00000056dc200000,0x00000056dc300000] [id=12196]
  0x0000022c276005b0 WorkerThread "G1 Conc#0" [stack: 0x00000056dc300000,0x00000056dc400000] [id=3224]
  0x0000022c27633300 ConcurrentGCThread "G1 Refine#0" [stack: 0x00000056dc400000,0x00000056dc500000] [id=11692]
  0x0000022c46c62250 ConcurrentGCThread "G1 Service" [stack: 0x00000056dc500000,0x00000056dc600000] [id=10152]

Threads with active compile tasks:
C2 CompilerThread0   648945 7070       4       java.lang.AbstractStringBuilder::<init> (63 bytes)

VM state: at safepoint (normal execution)

VM Mutex/Monitor currently owned by a thread:  ([mutex/lock_event])
[0x0000022c27582380] Threads_lock - owner thread: 0x0000022c46d984f0
[0x0000022c27582da0] Heap_lock - owner thread: 0x0000022c91625530

Heap address: 0x00000006e1000000, size: 4592 MB, Compressed Oops mode: Zero based, Oop shift amount: 3

CDS archive(s) mapped at: [0x0000022c47000000-0x0000022c47c60000-0x0000022c47c60000), size 12976128, SharedBaseAddress: 0x0000022c47000000, ArchiveRelocationMode: 1.
Compressed class space mapped at: 0x0000022c48000000-0x0000022c88000000, reserved size: 1073741824
Narrow klass base: 0x0000022c47000000, Narrow klass shift: 0, Narrow klass range: 0x100000000

GC Precious Log:
 CardTable entry size: 512
 Card Set container configuration: InlinePtr #cards 4 size 8 Array Of Cards #cards 32 size 80 Howl #buckets 8 coarsen threshold 7372 Howl Bitmap #cards 1024 size 144 coarsen threshold 921 Card regions per heap region 1 cards per card region 8192
 CPUs: 4 total, 4 available
 Memory: 18354M
 Large Page Support: Disabled
 NUMA Support: Disabled
 Compressed Oops: Enabled (Zero based)
 Heap Region Size: 4M
 Heap Min Capacity: 8M
 Heap Initial Capacity: 288M
 Heap Max Capacity: 4592M
 Pre-touch: Disabled
 Parallel Workers: 4
 Concurrent Workers: 1
 Concurrent Refinement Workers: 4
 Periodic GC: Disabled

Heap:
 garbage-first heap   total 81920K, used 67244K [0x00000006e1000000, 0x0000000800000000)
  region size 4096K, 10 young (40960K), 1 survivors (4096K)
 Metaspace       used 72541K, committed 73280K, reserved 1114112K
  class space    used 9720K, committed 10048K, reserved 1048576K

Heap Regions: E=young(eden), S=young(survivor), O=old, HS=humongous(starts), HC=humongous(continues), CS=collection set, F=free, OA=open archive, CA=closed archive, TAMS=top-at-mark-start, PB=parsable bottom
|   0|0x00000006e1000000, 0x00000006e1400000, 0x00000006e1400000|100%| O|  |TAMS 0x00000006e1000000| PB 0x00000006e1000000| Untracked 
|   1|0x00000006e1400000, 0x00000006e1800000, 0x00000006e1800000|100%| O|  |TAMS 0x00000006e1400000| PB 0x00000006e1400000| Untracked 
|   2|0x00000006e1800000, 0x00000006e1c00000, 0x00000006e1c00000|100%| O|  |TAMS 0x00000006e1800000| PB 0x00000006e1800000| Untracked 
|   3|0x00000006e1c00000, 0x00000006e2000000, 0x00000006e2000000|100%| O|  |TAMS 0x00000006e1c00000| PB 0x00000006e1c00000| Untracked 
|   4|0x00000006e2000000, 0x00000006e2400000, 0x00000006e2400000|100%| O|  |TAMS 0x00000006e2000000| PB 0x00000006e2000000| Untracked 
|   5|0x00000006e2400000, 0x00000006e2800000, 0x00000006e2800000|100%| O|  |TAMS 0x00000006e2400000| PB 0x00000006e2400000| Untracked 
|   6|0x00000006e2800000, 0x00000006e2ac56d8, 0x00000006e2c00000| 69%| O|  |TAMS 0x00000006e2800000| PB 0x00000006e2800000| Untracked 
|   7|0x00000006e2c00000, 0x00000006e2c00000, 0x00000006e3000000|  0%| F|  |TAMS 0x00000006e2c00000| PB 0x00000006e2c00000| Untracked 
|   8|0x00000006e3000000, 0x00000006e33e5d28, 0x00000006e3400000| 97%| S|  |TAMS 0x00000006e3000000| PB 0x00000006e3000000| Complete 
|   9|0x00000006e3400000, 0x00000006e35ca5c0, 0x00000006e3800000| 44%| E|CS|TAMS 0x00000006e3400000| PB 0x00000006e3400000| Complete 
|  10|0x00000006e3800000, 0x00000006e3c00000, 0x00000006e3c00000|100%| E|CS|TAMS 0x00000006e3800000| PB 0x00000006e3800000| Complete 
|  11|0x00000006e3c00000, 0x00000006e4000000, 0x00000006e4000000|100%| E|CS|TAMS 0x00000006e3c00000| PB 0x00000006e3c00000| Complete 
|  12|0x00000006e4000000, 0x00000006e4400000, 0x00000006e4400000|100%| E|CS|TAMS 0x00000006e4000000| PB 0x00000006e4000000| Complete 
|  13|0x00000006e4400000, 0x00000006e4800000, 0x00000006e4800000|100%| E|CS|TAMS 0x00000006e4400000| PB 0x00000006e4400000| Complete 
|  14|0x00000006e4800000, 0x00000006e4c00000, 0x00000006e4c00000|100%| E|CS|TAMS 0x00000006e4800000| PB 0x00000006e4800000| Complete 
|  15|0x00000006e4c00000, 0x00000006e5000000, 0x00000006e5000000|100%| E|CS|TAMS 0x00000006e4c00000| PB 0x00000006e4c00000| Complete 
|  16|0x00000006e5000000, 0x00000006e5400000, 0x00000006e5400000|100%| E|CS|TAMS 0x00000006e5000000| PB 0x00000006e5000000| Complete 
|  17|0x00000006e5400000, 0x00000006e5800000, 0x00000006e5800000|100%| E|CS|TAMS 0x00000006e5400000| PB 0x00000006e5400000| Complete 
|  18|0x00000006e5800000, 0x00000006e5c00000, 0x00000006e5c00000|100%| E|CS|TAMS 0x00000006e5800000| PB 0x00000006e5800000| Complete 
|  55|0x00000006eec00000, 0x00000006ef000000, 0x00000006ef000000|100%| E|CS|TAMS 0x00000006eec00000| PB 0x00000006eec00000| Complete 

Card table byte_map: [0x0000022c3ef40000,0x0000022c3f840000] _byte_map_base: 0x0000022c3b838000

Marking Bits: (CMBitMap*) 0x0000022c275faed0
 Bits: [0x0000022c40140000, 0x0000022c44900000)

Polling page: 0x0000022c254c0000

Metaspace:

Usage:
  Non-class:     61.35 MB used.
      Class:      9.49 MB used.
       Both:     70.84 MB used.

Virtual space:
  Non-class space:       64.00 MB reserved,      61.75 MB ( 96%) committed,  1 nodes.
      Class space:        1.00 GB reserved,       9.81 MB ( <1%) committed,  1 nodes.
             Both:        1.06 GB reserved,      71.56 MB (  7%) committed. 

Chunk freelists:
   Non-Class:  1.53 MB
       Class:  2.17 MB
        Both:  3.70 MB

MaxMetaspaceSize: unlimited
CompressedClassSpaceSize: 1.00 GB
Initial GC threshold: 21.00 MB
Current GC threshold: 99.00 MB
CDS: on
MetaspaceReclaimPolicy: balanced
 - commit_granule_bytes: 65536.
 - commit_granule_words: 8192.
 - virtual_space_node_default_size: 8388608.
 - enlarge_chunks_in_place: 1.
 - new_chunks_are_fully_committed: 0.
 - uncommit_free_chunks: 1.
 - use_allocation_guard: 0.


Internal statistics:

num_allocs_failed_limit: 12.
num_arena_births: 936.
num_arena_deaths: 0.
num_vsnodes_births: 2.
num_vsnodes_deaths: 0.
num_space_committed: 1145.
num_space_uncommitted: 0.
num_chunks_returned_to_freelist: 12.
num_chunks_taken_from_freelist: 3473.
num_chunk_merges: 12.
num_chunk_splits: 2493.
num_chunks_enlarged: 1939.
num_inconsistent_stats: 0.

CodeHeap 'non-profiled nmethods': size=120000Kb used=3711Kb max_used=3711Kb free=116289Kb
 bounds [0x0000022c37110000, 0x0000022c374b0000, 0x0000022c3e640000]
CodeHeap 'profiled nmethods': size=120000Kb used=12679Kb max_used=12679Kb free=107320Kb
 bounds [0x0000022c2f640000, 0x0000022c302b0000, 0x0000022c36b70000]
CodeHeap 'non-nmethods': size=5760Kb used=1753Kb max_used=1835Kb free=4006Kb
 bounds [0x0000022c36b70000, 0x0000022c36de0000, 0x0000022c37110000]
 total_blobs=7149 nmethods=6428 adapters=631
 compilation: enabled
              stopped_count=0, restarted_count=0
 full_count=0

Compilation events (20 events):
Event: 648.857 Thread 0x0000022c46dd8170 7063       4       jdk.internal.org.objectweb.asm.SymbolTable::addConstantFieldref (10 bytes)
Event: 648.858 Thread 0x0000022c46dd8170 nmethod 7063 0x0000022c374ae110 code [0x0000022c374ae280, 0x0000022c374ae338]
Event: 648.858 Thread 0x0000022c46dd8170 7061       4       ch.qos.logback.classic.LoggerContext::getTurboFilterChainDecision_0_3OrMore (31 bytes)
Event: 648.858 Thread 0x0000022c46dcb6f0 7064       3       sun.security.ssl.SSLSocketInputRecord::readHeader (43 bytes)
Event: 648.858 Thread 0x0000022c46dcb6f0 nmethod 7064 0x0000022c302a0210 code [0x0000022c302a03a0, 0x0000022c302a05b8]
Event: 648.858 Thread 0x0000022c46dcb6f0 7065       3       sun.security.ssl.Authenticator::increaseSequenceNumber (29 bytes)
Event: 648.858 Thread 0x0000022c46dcb6f0 nmethod 7065 0x0000022c302a0690 code [0x0000022c302a0820, 0x0000022c302a0a50]
Event: 648.859 Thread 0x0000022c46dd8170 nmethod 7061 0x0000022c374ae410 code [0x0000022c374ae580, 0x0000022c374ae6a0]
Event: 648.862 Thread 0x0000022c8f325cd0 nmethod 7062 0x0000022c374ae810 code [0x0000022c374ae9c0, 0x0000022c374aee30]
Event: 648.871 Thread 0x0000022c46dcb6f0 7066       3       java.lang.Thread::getId (5 bytes)
Event: 648.871 Thread 0x0000022c46dcb6f0 nmethod 7066 0x0000022c302a0b90 code [0x0000022c302a0d20, 0x0000022c302a0e48]
Event: 648.871 Thread 0x0000022c46dcb6f0 7067       3       java.lang.invoke.VarHandleReferences$FieldInstanceReadWrite::setRelease (35 bytes)
Event: 648.872 Thread 0x0000022c46dcb6f0 nmethod 7067 0x0000022c302a0f10 code [0x0000022c302a1120, 0x0000022c302a1990]
Event: 648.873 Thread 0x0000022c46dcb6f0 7068       1       com.fasterxml.jackson.databind.type.SimpleType::isContainerType (2 bytes)
Event: 648.873 Thread 0x0000022c46dcb6f0 nmethod 7068 0x0000022c374af310 code [0x0000022c374af480, 0x0000022c374af548]
Event: 648.873 Thread 0x0000022c46dcb6f0 7069       1       com.fasterxml.jackson.databind.type.TypeBase::getBindings (5 bytes)
Event: 648.873 Thread 0x0000022c46dcb6f0 nmethod 7069 0x0000022c374af610 code [0x0000022c374af780, 0x0000022c374af850]
Event: 648.874 Thread 0x0000022c46dd8170 7070       4       java.lang.AbstractStringBuilder::<init> (63 bytes)
Event: 648.876 Thread 0x0000022c46dcb6f0 7071       1       com.fasterxml.jackson.databind.JavaType::getReferencedType (2 bytes)
Event: 648.876 Thread 0x0000022c46dcb6f0 nmethod 7071 0x0000022c374af910 code [0x0000022c374afa80, 0x0000022c374afb50]

GC Heap History (20 events):
Event: 1.452 GC heap after
{Heap after GC invocations=3 (full 0):
 garbage-first heap   total 294912K, used 8319K [0x00000006e1000000, 0x0000000800000000)
  region size 4096K, 1 young (4096K), 1 survivors (4096K)
 Metaspace       used 10487K, committed 10816K, reserved 1114112K
  class space    used 1246K, committed 1408K, reserved 1048576K
}
Event: 3.105 GC heap before
{Heap before GC invocations=3 (full 0):
 garbage-first heap   total 294912K, used 61567K [0x00000006e1000000, 0x0000000800000000)
  region size 4096K, 16 young (65536K), 1 survivors (4096K)
 Metaspace       used 21280K, committed 21504K, reserved 1114112K
  class space    used 2544K, committed 2624K, reserved 1048576K
}
Event: 3.115 GC heap after
{Heap after GC invocations=4 (full 0):
 garbage-first heap   total 294912K, used 13247K [0x00000006e1000000, 0x0000000800000000)
  region size 4096K, 2 young (8192K), 2 survivors (8192K)
 Metaspace       used 21280K, committed 21504K, reserved 1114112K
  class space    used 2544K, committed 2624K, reserved 1048576K
}
Event: 4.138 GC heap before
{Heap before GC invocations=5 (full 0):
 garbage-first heap   total 57344K, used 37823K [0x00000006e1000000, 0x0000000800000000)
  region size 4096K, 8 young (32768K), 2 survivors (8192K)
 Metaspace       used 25524K, committed 25984K, reserved 1114112K
  class space    used 3194K, committed 3392K, reserved 1048576K
}
Event: 4.151 GC heap after
{Heap after GC invocations=6 (full 0):
 garbage-first heap   total 57344K, used 15829K [0x00000006e1000000, 0x0000000800000000)
  region size 4096K, 1 young (4096K), 1 survivors (4096K)
 Metaspace       used 25524K, committed 25984K, reserved 1114112K
  class space    used 3194K, committed 3392K, reserved 1048576K
}
Event: 4.783 GC heap before
{Heap before GC invocations=6 (full 0):
 garbage-first heap   total 57344K, used 36309K [0x00000006e1000000, 0x0000000800000000)
  region size 4096K, 6 young (24576K), 1 survivors (4096K)
 Metaspace       used 29074K, committed 29568K, reserved 1114112K
  class space    used 3608K, committed 3840K, reserved 1048576K
}
Event: 4.792 GC heap after
{Heap after GC invocations=7 (full 0):
 garbage-first heap   total 57344K, used 17433K [0x00000006e1000000, 0x0000000800000000)
  region size 4096K, 1 young (4096K), 1 survivors (4096K)
 Metaspace       used 29074K, committed 29568K, reserved 1114112K
  class space    used 3608K, committed 3840K, reserved 1048576K
}
Event: 5.629 GC heap before
{Heap before GC invocations=7 (full 0):
 garbage-first heap   total 57344K, used 37913K [0x00000006e1000000, 0x0000000800000000)
  region size 4096K, 7 young (28672K), 1 survivors (4096K)
 Metaspace       used 35450K, committed 35968K, reserved 1114112K
  class space    used 4571K, committed 4800K, reserved 1048576K
}
Event: 5.633 GC heap after
{Heap after GC invocations=8 (full 0):
 garbage-first heap   total 176128K, used 18635K [0x00000006e1000000, 0x0000000800000000)
  region size 4096K, 1 young (4096K), 1 survivors (4096K)
 Metaspace       used 35450K, committed 35968K, reserved 1114112K
  class space    used 4571K, committed 4800K, reserved 1048576K
}
Event: 7.403 GC heap before
{Heap before GC invocations=9 (full 0):
 garbage-first heap   total 81920K, used 63691K [0x00000006e1000000, 0x0000000800000000)
  region size 4096K, 12 young (49152K), 1 survivors (4096K)
 Metaspace       used 52327K, committed 52928K, reserved 1114112K
  class space    used 6729K, committed 6976K, reserved 1048576K
}
Event: 7.412 GC heap after
{Heap after GC invocations=10 (full 0):
 garbage-first heap   total 81920K, used 22378K [0x00000006e1000000, 0x0000000800000000)
  region size 4096K, 2 young (8192K), 2 survivors (8192K)
 Metaspace       used 52327K, committed 52928K, reserved 1114112K
  class space    used 6729K, committed 6976K, reserved 1048576K
}
Event: 8.531 GC heap before
{Heap before GC invocations=10 (full 0):
 garbage-first heap   total 81920K, used 55146K [0x00000006e1000000, 0x0000000800000000)
  region size 4096K, 11 young (45056K), 2 survivors (8192K)
 Metaspace       used 59795K, committed 60416K, reserved 1114112K
  class space    used 7808K, committed 8064K, reserved 1048576K
}
Event: 8.544 GC heap after
{Heap after GC invocations=11 (full 0):
 garbage-first heap   total 81920K, used 24810K [0x00000006e1000000, 0x0000000800000000)
  region size 4096K, 2 young (8192K), 2 survivors (8192K)
 Metaspace       used 59795K, committed 60416K, reserved 1114112K
  class space    used 7808K, committed 8064K, reserved 1048576K
}
Event: 8.666 GC heap before
{Heap before GC invocations=11 (full 0):
 garbage-first heap   total 81920K, used 28906K [0x00000006e1000000, 0x0000000800000000)
  region size 4096K, 4 young (16384K), 2 survivors (8192K)
 Metaspace       used 60160K, committed 60736K, reserved 1114112K
  class space    used 7868K, committed 8128K, reserved 1048576K
}
Event: 8.672 GC heap after
{Heap after GC invocations=12 (full 0):
 garbage-first heap   total 81920K, used 25191K [0x00000006e1000000, 0x0000000800000000)
  region size 4096K, 1 young (4096K), 1 survivors (4096K)
 Metaspace       used 60160K, committed 60736K, reserved 1114112K
  class space    used 7868K, committed 8128K, reserved 1048576K
}
Event: 9.600 GC heap before
{Heap before GC invocations=13 (full 0):
 garbage-first heap   total 81920K, used 66151K [0x00000006e1000000, 0x0000000800000000)
  region size 4096K, 11 young (45056K), 1 survivors (4096K)
 Metaspace       used 65710K, committed 66304K, reserved 1114112K
  class space    used 8851K, committed 9088K, reserved 1048576K
}
Event: 9.607 GC heap after
{Heap after GC invocations=14 (full 0):
 garbage-first heap   total 81920K, used 27275K [0x00000006e1000000, 0x0000000800000000)
  region size 4096K, 2 young (8192K), 2 survivors (8192K)
 Metaspace       used 65710K, committed 66304K, reserved 1114112K
  class space    used 8851K, committed 9088K, reserved 1048576K
}
Event: 10.448 GC heap before
{Heap before GC invocations=14 (full 0):
 garbage-first heap   total 81920K, used 64139K [0x00000006e1000000, 0x0000000800000000)
  region size 4096K, 11 young (45056K), 2 survivors (8192K)
 Metaspace       used 68526K, committed 69120K, reserved 1114112K
  class space    used 9206K, committed 9472K, reserved 1048576K
}
Event: 10.462 GC heap after
{Heap after GC invocations=15 (full 0):
 garbage-first heap   total 81920K, used 30380K [0x00000006e1000000, 0x0000000800000000)
  region size 4096K, 2 young (8192K), 2 survivors (8192K)
 Metaspace       used 68526K, committed 69120K, reserved 1114112K
  class space    used 9206K, committed 9472K, reserved 1048576K
}
Event: 648.877 GC heap before
{Heap before GC invocations=15 (full 0):
 garbage-first heap   total 81920K, used 67244K [0x00000006e1000000, 0x0000000800000000)
  region size 4096K, 11 young (45056K), 2 survivors (8192K)
 Metaspace       used 72541K, committed 73280K, reserved 1114112K
  class space    used 9720K, committed 10048K, reserved 1048576K
}

Dll operation events (14 events):
Event: 0.022 Loaded shared library C:\Users\a4268\.jdks\openjdk-20.0.2\bin\java.dll
Event: 0.050 Loaded shared library C:\Users\a4268\.jdks\openjdk-20.0.2\bin\jsvml.dll
Event: 0.182 Loaded shared library C:\Users\a4268\.jdks\openjdk-20.0.2\bin\zip.dll
Event: 0.192 Loaded shared library C:\Users\a4268\.jdks\openjdk-20.0.2\bin\instrument.dll
Event: 0.199 Loaded shared library C:\Users\a4268\.jdks\openjdk-20.0.2\bin\net.dll
Event: 0.201 Loaded shared library C:\Users\a4268\.jdks\openjdk-20.0.2\bin\nio.dll
Event: 0.205 Loaded shared library C:\Users\a4268\.jdks\openjdk-20.0.2\bin\zip.dll
Event: 0.307 Loaded shared library C:\Program Files\JetBrains\IntelliJ IDEA Community Edition 2023.3\bin\breakgen64.dll
Event: 0.320 Loaded shared library C:\Users\a4268\.jdks\openjdk-20.0.2\bin\extnet.dll
Event: 0.365 Loaded shared library C:\Users\a4268\.jdks\openjdk-20.0.2\bin\jimage.dll
Event: 0.757 Loaded shared library C:\Users\a4268\.jdks\openjdk-20.0.2\bin\management.dll
Event: 0.760 Loaded shared library C:\Users\a4268\.jdks\openjdk-20.0.2\bin\management_ext.dll
Event: 1.926 Loaded shared library C:\Users\a4268\.jdks\openjdk-20.0.2\bin\sunmscapi.dll
Event: 5.334 Loaded shared library C:\Users\a4268\.jdks\openjdk-20.0.2\bin\verify.dll

Deoptimization events (20 events):
Event: 648.684 Thread 0x0000022c91625530 Uncommon trap: trap_request=0xffffffc6 fr.pc=0x0000022c3742a630 relative=0x00000000000008b0
Event: 648.684 Thread 0x0000022c91625530 Uncommon trap: reason=bimorphic_or_optimized_type_check action=maybe_recompile pc=0x0000022c3742a630 method=java.util.stream.FindOps$FindOp.evaluateSequential(Ljava/util/stream/PipelineHelper;Ljava/util/Spliterator;)Ljava/lang/Object; @ 5 c2
Event: 648.684 Thread 0x0000022c91625530 DEOPT PACKING pc=0x0000022c3742a630 sp=0x00000056de1fcb90
Event: 648.684 Thread 0x0000022c91625530 DEOPT UNPACKING pc=0x0000022c36bd9d22 sp=0x00000056de1fcb58 mode 2
Event: 648.684 Thread 0x0000022c91625530 Uncommon trap: trap_request=0xffffffc6 fr.pc=0x0000022c3742a630 relative=0x00000000000008b0
Event: 648.684 Thread 0x0000022c91625530 Uncommon trap: reason=bimorphic_or_optimized_type_check action=maybe_recompile pc=0x0000022c3742a630 method=java.util.stream.FindOps$FindOp.evaluateSequential(Ljava/util/stream/PipelineHelper;Ljava/util/Spliterator;)Ljava/lang/Object; @ 5 c2
Event: 648.684 Thread 0x0000022c91625530 DEOPT PACKING pc=0x0000022c3742a630 sp=0x00000056de1fcb90
Event: 648.684 Thread 0x0000022c91625530 DEOPT UNPACKING pc=0x0000022c36bd9d22 sp=0x00000056de1fcb58 mode 2
Event: 648.684 Thread 0x0000022c91625530 Uncommon trap: trap_request=0xffffffc6 fr.pc=0x0000022c3742a630 relative=0x00000000000008b0
Event: 648.684 Thread 0x0000022c91625530 Uncommon trap: reason=bimorphic_or_optimized_type_check action=maybe_recompile pc=0x0000022c3742a630 method=java.util.stream.FindOps$FindOp.evaluateSequential(Ljava/util/stream/PipelineHelper;Ljava/util/Spliterator;)Ljava/lang/Object; @ 5 c2
Event: 648.684 Thread 0x0000022c91625530 DEOPT PACKING pc=0x0000022c3742a630 sp=0x00000056de1fcb90
Event: 648.684 Thread 0x0000022c91625530 DEOPT UNPACKING pc=0x0000022c36bd9d22 sp=0x00000056de1fcb58 mode 2
Event: 648.692 Thread 0x0000022c91625530 Uncommon trap: trap_request=0xffffff45 fr.pc=0x0000022c372f05f8 relative=0x0000000000000d38
Event: 648.692 Thread 0x0000022c91625530 Uncommon trap: reason=unstable_if action=reinterpret pc=0x0000022c372f05f8 method=java.lang.reflect.Method.isCallerSensitive()Z @ 14 c2
Event: 648.692 Thread 0x0000022c91625530 DEOPT PACKING pc=0x0000022c372f05f8 sp=0x00000056de1fcd30
Event: 648.692 Thread 0x0000022c91625530 DEOPT UNPACKING pc=0x0000022c36bd9d22 sp=0x00000056de1fccb8 mode 2
Event: 648.692 Thread 0x0000022c91625530 Uncommon trap: trap_request=0xffffff45 fr.pc=0x0000022c373c0030 relative=0x00000000000005b0
Event: 648.692 Thread 0x0000022c91625530 Uncommon trap: reason=unstable_if action=reinterpret pc=0x0000022c373c0030 method=java.lang.reflect.Method.isCallerSensitive()Z @ 29 c2
Event: 648.692 Thread 0x0000022c91625530 DEOPT PACKING pc=0x0000022c373c0030 sp=0x00000056de1fcc60
Event: 648.692 Thread 0x0000022c91625530 DEOPT UNPACKING pc=0x0000022c36bd9d22 sp=0x00000056de1fcc38 mode 2

Classes loaded (20 events):
Event: 648.643 Loading class sun/nio/cs/ThreadLocalCoders$2
Event: 648.643 Loading class sun/nio/cs/ThreadLocalCoders$2 done
Event: 648.684 Loading class java/time/format/DateTimeFormatterBuilder$ZoneTextPrinterParser
Event: 648.684 Loading class java/time/format/DateTimeFormatterBuilder$ZoneTextPrinterParser done
Event: 648.684 Loading class java/time/format/DateTimeFormatterBuilder$ReducedPrinterParser
Event: 648.684 Loading class java/time/format/DateTimeFormatterBuilder$ReducedPrinterParser done
Event: 648.687 Loading class java/io/PushbackInputStream
Event: 648.688 Loading class java/io/PushbackInputStream done
Event: 648.689 Loading class java/util/OptionalLong
Event: 648.689 Loading class java/util/OptionalLong done
Event: 648.689 Loading class java/util/OptionalDouble
Event: 648.690 Loading class java/util/OptionalDouble done
Event: 648.696 Loading class org/w3c/dom/Node
Event: 648.696 Loading class org/w3c/dom/Node done
Event: 648.696 Loading class org/w3c/dom/Document
Event: 648.697 Loading class org/w3c/dom/Document done
Event: 648.868 Loading class java/util/stream/LongStream
Event: 648.869 Loading class java/util/stream/LongStream done
Event: 648.869 Loading class java/util/stream/DoubleStream
Event: 648.870 Loading class java/util/stream/DoubleStream done

Classes unloaded (0 events):
No events

Classes redefined (0 events):
No events

Internal exceptions (20 events):
Event: 8.252 Thread 0x0000022c8c798d60 Exception <a 'java/lang/IncompatibleClassChangeError'{0x00000006e452cb38}: Found class java.lang.Object, but interface was expected> (0x00000006e452cb38) 
thrown [s\open\src\hotspot\share\interpreter\linkResolver.cpp, line 840]
Event: 8.262 Thread 0x0000022c8c798d60 Implicit null exception at 0x0000022c373a74e8 to 0x0000022c373a8dc4
Event: 8.274 Thread 0x0000022c8c798d60 Exception <a 'java/lang/IncompatibleClassChangeError'{0x00000006e45a3470}: Found class java.lang.Object, but interface was expected> (0x00000006e45a3470) 
thrown [s\open\src\hotspot\share\interpreter\linkResolver.cpp, line 840]
Event: 8.321 Thread 0x0000022c8c798d60 Exception <a 'java/lang/IncompatibleClassChangeError'{0x00000006e46ebfc8}: Found class java.lang.Object, but interface was expected> (0x00000006e46ebfc8) 
thrown [s\open\src\hotspot\share\interpreter\linkResolver.cpp, line 840]
Event: 8.528 Thread 0x0000022c8c798d60 Exception <a 'java/lang/IncompatibleClassChangeError'{0x00000006e3d11b08}: Found class java.lang.Object, but interface was expected> (0x00000006e3d11b08) 
thrown [s\open\src\hotspot\share\interpreter\linkResolver.cpp, line 840]
Event: 8.804 Thread 0x0000022c8c798d60 Exception <a 'java/lang/IncompatibleClassChangeError'{0x00000006eedd9828}: Found class java.lang.Object, but interface was expected> (0x00000006eedd9828) 
thrown [s\open\src\hotspot\share\interpreter\linkResolver.cpp, line 840]
Event: 9.846 Thread 0x0000022c8c798d60 Exception <a 'java/lang/NoSuchMethodError'{0x00000006e4d1a060}: 'java.lang.Object java.lang.invoke.DirectMethodHandle$Holder.newInvokeSpecial(java.lang.Object, java.lang.Object, java.lang.Object, java.lang.Object, java.lang.Object, java.lang.Object, java.lang.Object, java.lang.Object)'> (0x00000006e4d1a060) 
thrown [s\open\src\hotspot\share\interpreter\linkResolver.cpp, line 773]
Event: 10.172 Thread 0x0000022c8c798d60 Exception <a 'java/lang/IncompatibleClassChangeError'{0x00000006e4015a30}: Found class java.lang.Object, but interface was expected> (0x00000006e4015a30) 
thrown [s\open\src\hotspot\share\interpreter\linkResolver.cpp, line 840]
Event: 10.229 Thread 0x0000022c8c798d60 Exception <a 'java/lang/NoSuchMethodError'{0x00000006e41bb598}: 'void java.lang.invoke.DirectMethodHandle$Holder.invokeVirtual(java.lang.Object, java.lang.Object, long)'> (0x00000006e41bb598) 
thrown [s\open\src\hotspot\share\interpreter\linkResolver.cpp, line 773]
Event: 10.358 Thread 0x0000022c8c798d60 Exception <a 'java/lang/NoSuchMethodError'{0x00000006e3cd3448}: 'int java.lang.invoke.DirectMethodHandle$Holder.invokeStaticInit(java.lang.Object, java.lang.Object, java.lang.Object, java.lang.Object)'> (0x00000006e3cd3448) 
thrown [s\open\src\hotspot\share\interpreter\linkResolver.cpp, line 773]
Event: 10.392 Thread 0x0000022c8c798d60 Exception <a 'java/lang/IncompatibleClassChangeError'{0x00000006e3d90540}: Found class java.lang.Object, but interface was expected> (0x00000006e3d90540) 
thrown [s\open\src\hotspot\share\interpreter\linkResolver.cpp, line 840]
Event: 10.569 Thread 0x0000022c8c798d60 Exception <a 'java/lang/NoSuchMethodError'{0x00000006eeea5f10}: 'java.lang.Object java.lang.invoke.DirectMethodHandle$Holder.newInvokeSpecial(java.lang.Object, java.lang.Object, int, java.lang.Object, java.lang.Object)'> (0x00000006eeea5f10) 
thrown [s\open\src\hotspot\share\interpreter\linkResolver.cpp, line 773]
Event: 10.571 Thread 0x0000022c8c798d60 Exception <a 'java/lang/NoSuchMethodError'{0x00000006eeeb0dc0}: 'java.lang.Object java.lang.invoke.DirectMethodHandle$Holder.invokeSpecial(java.lang.Object, java.lang.Object, int, java.lang.Object, int, java.lang.Object)'> (0x00000006eeeb0dc0) 
thrown [s\open\src\hotspot\share\interpreter\linkResolver.cpp, line 773]
Event: 10.571 Thread 0x0000022c8c798d60 Exception <a 'java/lang/NoSuchMethodError'{0x00000006eeeb8b90}: 'java.lang.Object java.lang.invoke.DirectMethodHandle$Holder.newInvokeSpecial(java.lang.Object, java.lang.Object, int, java.lang.Object, int)'> (0x00000006eeeb8b90) 
thrown [s\open\src\hotspot\share\interpreter\linkResolver.cpp, line 773]
Event: 10.572 Thread 0x0000022c8c798d60 Exception <a 'java/lang/NoSuchMethodError'{0x00000006eeebca00}: 'java.lang.Object java.lang.invoke.DirectMethodHandle$Holder.invokeSpecial(java.lang.Object, java.lang.Object, java.lang.Object, int, java.lang.Object, int)'> (0x00000006eeebca00) 
thrown [s\open\src\hotspot\share\interpreter\linkResolver.cpp, line 773]
Event: 10.621 Thread 0x0000022c8c798d60 Implicit null exception at 0x0000022c37449ebe to 0x0000022c37449ee5
Event: 648.606 Thread 0x0000022c91625530 Exception <a 'java/lang/NoSuchMethodError'{0x00000006e4751d70}: 'java.lang.Object java.lang.invoke.DirectMethodHandle$Holder.invokeSpecial(java.lang.Object, java.lang.Object, java.lang.Object, java.lang.Object, java.lang.Object, long)'> (0x00000006e4751d70) 
thrown [s\open\src\hotspot\share\interpreter\linkResolver.cpp, line 773]
Event: 648.606 Thread 0x0000022c91625530 Exception <a 'java/lang/NoSuchMethodError'{0x00000006e4755530}: 'java.lang.Object java.lang.invoke.Invokers$Holder.linkToTargetMethod(java.lang.Object, java.lang.Object, java.lang.Object, long, java.lang.Object)'> (0x00000006e4755530) 
thrown [s\open\src\hotspot\share\interpreter\linkResolver.cpp, line 773]
Event: 648.692 Thread 0x0000022c91625530 Exception <a 'java/lang/NoSuchMethodError'{0x00000006e41f2de8}: method resolution failed> (0x00000006e41f2de8) 
thrown [s\open\src\hotspot\share\prims\methodHandles.cpp, line 1260]
Event: 648.808 Thread 0x0000022c91625530 Exception <a 'java/lang/NoSuchMethodError'{0x00000006e3e4f910}: 'int java.lang.invoke.DirectMethodHandle$Holder.invokeStatic(java.lang.Object, java.lang.Object, int, int)'> (0x00000006e3e4f910) 
thrown [s\open\src\hotspot\share\interpreter\linkResolver.cpp, line 773]

VM Operations (20 events):
Event: 310.862 Executing VM operation: Cleanup done
Event: 317.934 Executing VM operation: Cleanup
Event: 317.934 Executing VM operation: Cleanup done
Event: 500.633 Executing VM operation: Cleanup
Event: 500.633 Executing VM operation: Cleanup done
Event: 642.829 Executing VM operation: Cleanup
Event: 642.829 Executing VM operation: Cleanup done
Event: 648.619 Executing VM operation: HandshakeAllThreads
Event: 648.619 Executing VM operation: HandshakeAllThreads done
Event: 648.619 Executing VM operation: Cleanup
Event: 648.619 Executing VM operation: Cleanup done
Event: 648.716 Executing VM operation: HandshakeAllThreads
Event: 648.716 Executing VM operation: HandshakeAllThreads done
Event: 648.765 Executing VM operation: HandshakeAllThreads
Event: 648.765 Executing VM operation: HandshakeAllThreads done
Event: 648.792 Executing VM operation: HandshakeAllThreads
Event: 648.792 Executing VM operation: HandshakeAllThreads done
Event: 648.862 Executing VM operation: HandshakeAllThreads
Event: 648.862 Executing VM operation: HandshakeAllThreads done
Event: 648.877 Executing VM operation: G1CollectForAllocation

Events (20 events):
Event: 10.546 Thread 0x0000022c91624a90 Thread exited: 0x0000022c91624a90
Event: 10.585 Thread 0x0000022c91625530 Thread added: 0x0000022c91625530
Event: 10.585 Thread 0x0000022c91625a80 Thread added: 0x0000022c91625a80
Event: 10.585 Thread 0x0000022c91623550 Thread added: 0x0000022c91623550
Event: 10.585 Thread 0x0000022c91625fd0 Thread added: 0x0000022c91625fd0
Event: 10.585 Thread 0x0000022c91621020 Thread added: 0x0000022c91621020
Event: 10.585 Thread 0x0000022c91627a60 Thread added: 0x0000022c91627a60
Event: 10.585 Thread 0x0000022c91626a70 Thread added: 0x0000022c91626a70
Event: 10.585 Thread 0x0000022c91620030 Thread added: 0x0000022c91620030
Event: 10.585 Thread 0x0000022c91621570 Thread added: 0x0000022c91621570
Event: 10.585 Thread 0x0000022c91623aa0 Thread added: 0x0000022c91623aa0
Event: 10.599 Thread 0x0000022c91620580 Thread added: 0x0000022c91620580
Event: 10.601 Thread 0x0000022c91623ff0 Thread added: 0x0000022c91623ff0
Event: 10.629 Thread 0x0000022c8c798d60 Thread exited: 0x0000022c8c798d60
Event: 10.632 Thread 0x0000022c8c60b810 Thread exited: 0x0000022c8c60b810
Event: 10.632 Thread 0x0000022c27587030 Thread exited: 0x0000022c27587030
Event: 10.632 Thread 0x0000022c91624a90 Thread added: 0x0000022c91624a90
Event: 11.557 Thread 0x0000022c8f31dce0 Thread exited: 0x0000022c8f31dce0
Event: 11.872 Thread 0x0000022c8d24aaf0 Thread exited: 0x0000022c8d24aaf0
Event: 648.856 Thread 0x0000022c8f325cd0 Thread added: 0x0000022c8f325cd0


Dynamic libraries:
0x00007ff712ea0000 - 0x00007ff712eae000 	C:\Users\a4268\.jdks\openjdk-20.0.2\bin\java.exe
0x00007ffd6c150000 - 0x00007ffd6c367000 	C:\Windows\SYSTEM32\ntdll.dll
0x00007ffd69f60000 - 0x00007ffd6a024000 	C:\Windows\System32\KERNEL32.DLL
0x00007ffd69830000 - 0x00007ffd69bd6000 	C:\Windows\System32\KERNELBASE.dll
0x00007ffd69d00000 - 0x00007ffd69e11000 	C:\Windows\System32\ucrtbase.dll
0x00007ffd61dc0000 - 0x00007ffd61dd7000 	C:\Users\a4268\.jdks\openjdk-20.0.2\bin\jli.dll
0x00007ffd6bb70000 - 0x00007ffd6bd1e000 	C:\Windows\System32\USER32.dll
0x00007ffd694c0000 - 0x00007ffd694e6000 	C:\Windows\System32\win32u.dll
0x00007ffd53230000 - 0x00007ffd534c3000 	C:\Windows\WinSxS\amd64_microsoft.windows.common-controls_6595b64144ccf1df_6.0.22621.2506_none_270c5ae97388e100\COMCTL32.dll
0x00007ffd6bac0000 - 0x00007ffd6bb67000 	C:\Windows\System32\msvcrt.dll
0x00007ffd69f20000 - 0x00007ffd69f49000 	C:\Windows\System32\GDI32.dll
0x00007ffd69be0000 - 0x00007ffd69cf8000 	C:\Windows\System32\gdi32full.dll
0x00007ffd69790000 - 0x00007ffd6982a000 	C:\Windows\System32\msvcp_win.dll
0x00007ffd58330000 - 0x00007ffd5834b000 	C:\Users\a4268\.jdks\openjdk-20.0.2\bin\VCRUNTIME140.dll
0x00007ffd6a930000 - 0x00007ffd6a961000 	C:\Windows\System32\IMM32.DLL
0x00007ffd64bd0000 - 0x00007ffd64bdc000 	C:\Users\a4268\.jdks\openjdk-20.0.2\bin\vcruntime140_1.dll
0x00007ffd15780000 - 0x00007ffd1580e000 	C:\Users\a4268\.jdks\openjdk-20.0.2\bin\msvcp140.dll
0x00007ffd14ae0000 - 0x00007ffd15778000 	C:\Users\a4268\.jdks\openjdk-20.0.2\bin\server\jvm.dll
0x00007ffd6a3c0000 - 0x00007ffd6a471000 	C:\Windows\System32\ADVAPI32.dll
0x00007ffd6a820000 - 0x00007ffd6a8c5000 	C:\Windows\System32\sechost.dll
0x00007ffd6adf0000 - 0x00007ffd6af07000 	C:\Windows\System32\RPCRT4.dll
0x00007ffd666f0000 - 0x00007ffd666f9000 	C:\Windows\SYSTEM32\WSOCK32.dll
0x00007ffd69ea0000 - 0x00007ffd69f11000 	C:\Windows\System32\WS2_32.dll
0x00007ffd61490000 - 0x00007ffd614c4000 	C:\Windows\SYSTEM32\WINMM.dll
0x00007ffd62120000 - 0x00007ffd6212a000 	C:\Windows\SYSTEM32\VERSION.dll
0x00007ffd684c0000 - 0x00007ffd684d8000 	C:\Windows\SYSTEM32\kernel.appcore.dll
0x00007ffd61e20000 - 0x00007ffd61e2a000 	C:\Users\a4268\.jdks\openjdk-20.0.2\bin\jimage.dll
0x00007ffd5f8c0000 - 0x00007ffd5faf3000 	C:\Windows\SYSTEM32\DBGHELP.DLL
0x00007ffd6a480000 - 0x00007ffd6a809000 	C:\Windows\System32\combase.dll
0x00007ffd6b9e0000 - 0x00007ffd6bab7000 	C:\Windows\System32\OLEAUT32.dll
0x00007ffd51d80000 - 0x00007ffd51db2000 	C:\Windows\SYSTEM32\dbgcore.DLL
0x00007ffd69e20000 - 0x00007ffd69e9a000 	C:\Windows\System32\bcryptPrimitives.dll
0x00007ffd64c00000 - 0x00007ffd64c0e000 	C:\Users\a4268\.jdks\openjdk-20.0.2\bin\instrument.dll
0x00007ffd3e3e0000 - 0x00007ffd3e406000 	C:\Users\a4268\.jdks\openjdk-20.0.2\bin\java.dll
0x00007ffd0e7a0000 - 0x00007ffd0e877000 	C:\Users\a4268\.jdks\openjdk-20.0.2\bin\jsvml.dll
0x00007ffd6b160000 - 0x00007ffd6b9ba000 	C:\Windows\System32\SHELL32.dll
0x00007ffd673e0000 - 0x00007ffd67cd6000 	C:\Windows\SYSTEM32\windows.storage.dll
0x00007ffd672a0000 - 0x00007ffd673de000 	C:\Windows\SYSTEM32\wintypes.dll
0x00007ffd6a120000 - 0x00007ffd6a213000 	C:\Windows\System32\SHCORE.dll
0x00007ffd6a0a0000 - 0x00007ffd6a0fe000 	C:\Windows\System32\shlwapi.dll
0x00007ffd693f0000 - 0x00007ffd69416000 	C:\Windows\SYSTEM32\profapi.dll
0x00007ffd3de80000 - 0x00007ffd3de98000 	C:\Users\a4268\.jdks\openjdk-20.0.2\bin\zip.dll
0x00007ffd3e6a0000 - 0x00007ffd3e6b3000 	C:\Users\a4268\.jdks\openjdk-20.0.2\bin\net.dll
0x00007ffd614d0000 - 0x00007ffd61607000 	C:\Windows\SYSTEM32\WINHTTP.dll
0x00007ffd68940000 - 0x00007ffd689a9000 	C:\Windows\system32\mswsock.dll
0x00007ffd3e310000 - 0x00007ffd3e326000 	C:\Users\a4268\.jdks\openjdk-20.0.2\bin\nio.dll
0x00007ffd64be0000 - 0x00007ffd64bfa000 	C:\Program Files\JetBrains\IntelliJ IDEA Community Edition 2023.3\bin\breakgen64.dll
0x00007ffd61d70000 - 0x00007ffd61d77000 	C:\Users\a4268\.jdks\openjdk-20.0.2\bin\extnet.dll
0x00007ffd639d0000 - 0x00007ffd639da000 	C:\Users\a4268\.jdks\openjdk-20.0.2\bin\management.dll
0x00007ffd639c0000 - 0x00007ffd639cb000 	C:\Users\a4268\.jdks\openjdk-20.0.2\bin\management_ext.dll
0x00007ffd69f50000 - 0x00007ffd69f58000 	C:\Windows\System32\PSAPI.DLL
0x00007ffd50540000 - 0x00007ffd5054e000 	C:\Users\a4268\.jdks\openjdk-20.0.2\bin\sunmscapi.dll
0x00007ffd69620000 - 0x00007ffd69786000 	C:\Windows\System32\CRYPT32.dll
0x00007ffd68d30000 - 0x00007ffd68d5d000 	C:\Windows\SYSTEM32\ncrypt.dll
0x00007ffd68cf0000 - 0x00007ffd68d27000 	C:\Windows\SYSTEM32\NTASN1.dll
0x00007ffd68b90000 - 0x00007ffd68bab000 	C:\Windows\SYSTEM32\CRYPTSP.dll
0x00007ffd68420000 - 0x00007ffd68455000 	C:\Windows\system32\rsaenh.dll
0x00007ffd68a30000 - 0x00007ffd68a5c000 	C:\Windows\SYSTEM32\USERENV.dll
0x00007ffd68d60000 - 0x00007ffd68d88000 	C:\Windows\SYSTEM32\bcrypt.dll
0x00007ffd68bb0000 - 0x00007ffd68bbc000 	C:\Windows\SYSTEM32\CRYPTBASE.dll
0x00007ffd67f80000 - 0x00007ffd67fad000 	C:\Windows\SYSTEM32\IPHLPAPI.DLL
0x00007ffd6a920000 - 0x00007ffd6a929000 	C:\Windows\System32\NSI.dll
0x00007ffd62940000 - 0x00007ffd62959000 	C:\Windows\SYSTEM32\dhcpcsvc6.DLL
0x00007ffd62130000 - 0x00007ffd6214f000 	C:\Windows\SYSTEM32\dhcpcsvc.DLL
0x00007ffd67fb0000 - 0x00007ffd680a9000 	C:\Windows\SYSTEM32\DNSAPI.dll
0x00007ffd5e7f0000 - 0x00007ffd5e800000 	C:\Users\a4268\.jdks\openjdk-20.0.2\bin\verify.dll
0x00007ffd5dcc0000 - 0x00007ffd5dcca000 	C:\Windows\System32\rasadhlp.dll
0x00007ffd5f470000 - 0x00007ffd5f4f3000 	C:\Windows\System32\fwpuclnt.dll
0x00007ffd16950000 - 0x00007ffd16958000 	C:\Windows\system32\wshunix.dll

dbghelp: loaded successfully - version: 4.0.5 - missing functions: none
symbol engine: initialized successfully - sym options: 0x614 - pdb path: .;C:\Users\a4268\.jdks\openjdk-20.0.2\bin;C:\Windows\SYSTEM32;C:\Windows\WinSxS\amd64_microsoft.windows.common-controls_6595b64144ccf1df_6.0.22621.2506_none_270c5ae97388e100;C:\Users\a4268\.jdks\openjdk-20.0.2\bin\server;C:\Program Files\JetBrains\IntelliJ IDEA Community Edition 2023.3\bin

VM Arguments:
jvm_args: -javaagent:C:\Program Files\JetBrains\IntelliJ IDEA Community Edition 2023.3\lib\idea_rt.jar=51142:C:\Program Files\JetBrains\IntelliJ IDEA Community Edition 2023.3\bin -Dfile.encoding=UTF-8 -Dsun.stdout.encoding=UTF-8 -Dsun.stderr.encoding=UTF-8 
java_command: com.shop.ShopApplication
java_class_path (initial): C:\shopping\E-commerce\shop\target\classes;C:\Users\a4268\.m2\repository\org\springframework\boot\spring-boot-starter-data-jpa\3.2.1\spring-boot-starter-data-jpa-3.2.1.jar;C:\Users\a4268\.m2\repository\org\springframework\boot\spring-boot-starter-aop\3.2.1\spring-boot-starter-aop-3.2.1.jar;C:\Users\a4268\.m2\repository\org\springframework\spring-aop\6.1.2\spring-aop-6.1.2.jar;C:\Users\a4268\.m2\repository\org\aspectj\aspectjweaver\1.9.21\aspectjweaver-1.9.21.jar;C:\Users\a4268\.m2\repository\org\springframework\boot\spring-boot-starter-jdbc\3.2.1\spring-boot-starter-jdbc-3.2.1.jar;C:\Users\a4268\.m2\repository\com\zaxxer\HikariCP\5.0.1\HikariCP-5.0.1.jar;C:\Users\a4268\.m2\repository\org\springframework\spring-jdbc\6.1.2\spring-jdbc-6.1.2.jar;C:\Users\a4268\.m2\repository\org\hibernate\orm\hibernate-core\6.4.1.Final\hibernate-core-6.4.1.Final.jar;C:\Users\a4268\.m2\repository\jakarta\persistence\jakarta.persistence-api\3.1.0\jakarta.persistence-api-3.1.0.jar;C:\Users\a4268\.m2\repository\jakarta\transaction\jakarta.transaction-api\2.0.1\jakarta.transaction-api-2.0.1.jar;C:\Users\a4268\.m2\repository\org\jboss\logging\jboss-logging\3.5.3.Final\jboss-logging-3.5.3.Final.jar;C:\Users\a4268\.m2\repository\org\hibernate\common\hibernate-commons-annotations\6.0.6.Final\hibernate-commons-annotations-6.0.6.Final.jar;C:\Users\a4268\.m2\repository\io\smallrye\jandex\3.1.2\jandex-3.1.2.jar;C:\Users\a4268\.m2\repository\com\fasterxml\classmate\1.6.0\classmate-1.6.0.jar;C:\Users\a4268\.m2\repository\net\bytebuddy\byte-buddy\1.14.10\byte-buddy-1.14.10.jar;C:\Users\a4268\.m2\repository\org\glassfish\jaxb\jaxb-runtime\4.0.4\jaxb-runtime-4.0.4.jar;C:\Users\a4268\.m2\repository\org\glassfish\jaxb\jaxb-core\4.0.4\jaxb-core-4.0.4.jar;C:\Users\a4268\.m2\repository\org\eclipse\angus\angus-activation\2.0.1\angus-activation-2.0.1.jar;C:\Users\a4268\.m2\repository\org\glassfish\jaxb\txw2\4.0.4\txw2-4.0.4.jar;C:\Users\a4268\.m2\repository\com\sun\istack\istack-commons-runtime\4.1.2\istack-commons-runtime-4.1.2.jar;C:\Users\a4268\.m2\repository\jakarta\inject\jakarta.inject-api\2.0.1\jakarta.inject-api-2.0.1.jar;C:\Users\a4268\.m2\repository\org\antlr\antlr4-runtime\4.13.0\antlr4-runtime-4.13.0.jar;C:\Users\a4268\.m2\repository\org\springframework\data\spring-data-jpa\3.2.1\spring-data-jpa-3.2.1.jar;C:\Users\a4268\.m2\repository\org\springframework\data\spring-data-commons\3.2.1\spring-data-commons-3.2.1.jar;C:\Users\a4268\.m2\repository\org\springframework\spring-orm\6.1.2\spring-orm-6.1.2.jar;C:\Users\a4268\.m2\repository\org\springframework\spring-context\6.1.2\spring-context-6.1.2.jar;C:\Users\a4268\.m2\repository\org\springframework\spring-tx\6.1.2\spring-tx-6.1.2.jar;C:\Users\a4268\.m2\repository\org\springframework\spring-beans\6.1.2\spring-beans-6.1.2.jar;C:\Users\a4268\.m2\repository\jakarta\annotation\jakarta.annotation-api\2.1.1\jakarta.annotation-api-2.1.1.jar;C:\Users\a4268\.m2\repository\org\slf4j\slf4j-api\2.0.9\slf4j-api-2.0.9.jar;C:\Users\a4268\.m2\repository\org\springframework\spring-aspects\6.1.2\spring-aspects-6.1.2.jar;C:\Users\a4268\.m2\repository\org\springframework\boot\spring-boot-starter-web\3.2.1\spring-boot-starter-web-3.2.1.jar;C:\Users\a4268\.m2\repository\org\springframework\boot\spring-boot-starter\3.2.1\spring-boot-starter-3.2.1.jar;C:\Users\a4268\.m2\repository\org\springframework\boot\spring-boot-starter-logging\3.2.1\spring-boot-starter-logging-3.2.1.jar;C:\Users\a4268\.m2\repository\ch\qos\logback\logback-classic\1.4.14\logback-classic-1.4.14.jar;C:\Users\a4268\.m2\repository\ch\qos\logback\logback-core\1.4.14\logback-core-1.4.14.jar;C:\Users\a4268\.m2\repository\org\apache\logging\log4j\log4j-to-slf4j\2.21.1\log4j-to-slf4j-2.21.1.jar;C:\Users\a4268\.m2\repository\org\apache\logging\log4j\log4j-api\2.21.1\log4j-api-2.21.1.jar;C:\Users\a4268\.m2\repository\org\slf4j\jul-to-slf4j\2.0.9\jul-to-slf4j-2.0.9.jar;C:\Users\a4268\.m2\repository\org\yaml\snakeyaml\2.2\snakeyaml-2.2.jar;C:\Users\a4268\.m2\repository\org\springframework\boot\spring-boot-starter-json\3.2.1\spring-boot-starter-json-3.2.1.jar;C:\Users\a4268\.m2\repository\com\fasterxml\jackson\core\jackson-databind\2.15.3\jackson-databind-2.15.3.jar;C:\Users\a4268\.m2\repository\com\fasterxml\jackson\core\jackson-annotations\2.15.3\jackson-annotations-2.15.3.jar;C:\Users\a4268\.m2\repository\com\fasterxml\jackson\core\jackson-core\2.15.3\jackson-core-2.15.3.jar;C:\Users\a4268\.m2\repository\com\fasterxml\jackson\datatype\jackson-datatype-jdk8\2.15.3\jackson-datatype-jdk8-2.15.3.jar;C:\Users\a4268\.m2\repository\com\fasterxml\jackson\datatype\jackson-datatype-jsr310\2.15.3\jackson-datatype-jsr310-2.15.3.jar;C:\Users\a4268\.m2\repository\com\fasterxml\jackson\module\jackson-module-parameter-names\2.15.3\jackson-module-parameter-names-2.15.3.jar;C:\Users\a4268\.m2\repository\org\springframework\boot\spring-boot-starter-tomcat\3.2.1\spring-boot-starter-tomcat-3.2.1.jar;C:\Users\a4268\.m2\repository\org\apache\tomcat\embed\tomcat-embed-core\10.1.17\tomcat-embed-core-10.1.17.jar;C:\Users\a4268\.m2\repository\org\apache\tomcat\embed\tomcat-embed-el\10.1.17\tomcat-embed-el-10.1.17.jar;C:\Users\a4268\.m2\repository\org\apache\tomcat\embed\tomcat-embed-websocket\10.1.17\tomcat-embed-websocket-10.1.17.jar;C:\Users\a4268\.m2\repository\org\springframework\spring-web\6.1.2\spring-web-6.1.2.jar;C:\Users\a4268\.m2\repository\io\micrometer\micrometer-observation\1.12.1\micrometer-observation-1.12.1.jar;C:\Users\a4268\.m2\repository\io\micrometer\micrometer-commons\1.12.1\micrometer-commons-1.12.1.jar;C:\Users\a4268\.m2\repository\org\springframework\spring-webmvc\6.1.2\spring-webmvc-6.1.2.jar;C:\Users\a4268\.m2\repository\org\springframework\spring-expression\6.1.2\spring-expression-6.1.2.jar;C:\Users\a4268\.m2\repository\org\springframework\boot\spring-boot-devtools\3.2.1\spring-boot-devtools-3.2.1.jar;C:\Users\a4268\.m2\repository\org\springframework\boot\spring-boot\3.2.1\spring-boot-3.2.1.jar;C:\Users\a4268\.m2\repository\org\springframework\boot\spring-boot-autoconfigure\3.2.1\spring-boot-autoconfigure-3.2.1.jar;C:\Users\a4268\.m2\repository\com\mysql\mysql-connector-j\8.1.0\mysql-connector-j-8.1.0.jar;C:\Users\a4268\.m2\repository\org\projectlombok\lombok\1.18.30\lombok-1.18.30.jar;C:\Users\a4268\.m2\repository\jakarta\xml\bind\jakarta.xml.bind-api\4.0.1\jakarta.xml.bind-api-4.0.1.jar;C:\Users\a4268\.m2\repository\jakarta\activation\jakarta.activation-api\2.1.2\jakarta.activation-api-2.1.2.jar;C:\Users\a4268\.m2\repository\org\springframework\spring-core\6.1.2\spring-core-6.1.2.jar;C:\Users\a4268\.m2\repository\org\springframework\spring-jcl\6.1.2\spring-jcl-6.1.2.jar
Launcher Type: SUN_STANDARD

[Global flags]
     intx CICompilerCount                          = 3                                         {product} {ergonomic}
     uint ConcGCThreads                            = 1                                         {product} {ergonomic}
     uint G1ConcRefinementThreads                  = 4                                         {product} {ergonomic}
   size_t G1HeapRegionSize                         = 4194304                                   {product} {ergonomic}
    uintx GCDrainStackTargetSize                   = 64                                        {product} {ergonomic}
   size_t InitialHeapSize                          = 301989888                                 {product} {ergonomic}
   size_t MarkStackSize                            = 4194304                                   {product} {ergonomic}
   size_t MaxHeapSize                              = 4815060992                                {product} {ergonomic}
   size_t MaxNewSize                               = 2885681152                                {product} {ergonomic}
   size_t MinHeapDeltaBytes                        = 4194304                                   {product} {ergonomic}
   size_t MinHeapSize                              = 8388608                                   {product} {ergonomic}
    uintx NonNMethodCodeHeapSize                   = 5832780                                {pd product} {ergonomic}
    uintx NonProfiledCodeHeapSize                  = 122912730                              {pd product} {ergonomic}
    uintx ProfiledCodeHeapSize                     = 122912730                              {pd product} {ergonomic}
    uintx ReservedCodeCacheSize                    = 251658240                              {pd product} {ergonomic}
     bool SegmentedCodeCache                       = true                                      {product} {ergonomic}
   size_t SoftMaxHeapSize                          = 4815060992                             {manageable} {ergonomic}
     bool UseCompressedClassPointers               = true                           {product lp64_product} {ergonomic}
     bool UseCompressedOops                        = true                           {product lp64_product} {ergonomic}
     bool UseG1GC                                  = true                                      {product} {ergonomic}
     bool UseLargePagesIndividualAllocation        = false                                  {pd product} {ergonomic}

Logging:
Log output configuration:
 #0: stdout all=warning uptime,level,tags foldmultilines=false
 #1: stderr all=off uptime,level,tags foldmultilines=false

Environment Variables:
PATH=C:\Windows\system32;C:\Windows;C:\Windows\System32\Wbem;C:\Windows\System32\WindowsPowerShell\v1.0\;C:\Windows\System32\OpenSSH\;C:\Program Files\Microsoft SQL Server\150\Tools\Binn\;C:\Program Files\Microsoft SQL Server\Client SDK\ODBC\170\Tools\Binn\;C:\Program Files\dotnet\;C:\Program Files\Git\cmd;C:\Users\a4268\AppData\Local\Microsoft\WindowsApps;C:\Program Files\JetBrains\IntelliJ IDEA Community Edition 2023.3\bin;;C:\Users\a4268\.dotnet\tools;C:\Users\a4268\AppData\Local\GitHubDesktop\bin;C:\Program Files\JetBrains\IntelliJ IDEA 2023.3\bin;
USERNAME=a4268
OS=Windows_NT
PROCESSOR_IDENTIFIER=AMD64 Family 23 Model 24 Stepping 1, AuthenticAMD
TMP=C:\Users\a4268\AppData\Local\Temp
TEMP=C:\Users\a4268\AppData\Local\Temp




---------------  S Y S T E M  ---------------

OS:
 Windows 11 , 64 bit Build 22621 (10.0.22621.2506)
OS uptime: 0 days 2:43 hours

CPU: total 4 (initial active 4) (4 cores per cpu, 2 threads per core) family 23 model 24 stepping 1 microcode 0x0, cx8, cmov, fxsr, ht, mmx, 3dnowpref, sse, sse2, sse3, ssse3, sse4a, sse4.1, sse4.2, popcnt, lzcnt, tsc, tscinvbit, avx, avx2, aes, clmul, bmi1, bmi2, adx, sha, fma, vzeroupper, clflush, clflushopt, rdtscp, f16c

Memory: 4k page, system-wide physical 18354M (10004M free)
TotalPageFile size 19506M (AvailPageFile size 8173M)
current process WorkingSet (physical memory assigned to process): 254M, peak: 292M
current process commit charge ("private bytes"): 286M, peak: 431M

vm_info: OpenJDK 64-Bit Server VM (20.0.2+9-78) for windows-amd64 JRE (20.0.2+9-78), built on 2023-06-14T10:08:48Z by "mach5one" with MS VC++ 17.1 (VS2022)

END.
